TN:
SF:apps/api/prisma/seed.ts
FN:6,main
FN:172,(anonymous_1)
FN:176,(anonymous_2)
FNF:3
FNH:0
FNDA:0,main
FNDA:0,(anonymous_1)
FNDA:0,(anonymous_2)
DA:4,0
DA:7,0
DA:10,0
DA:18,0
DA:21,0
DA:22,0
DA:32,0
DA:35,0
DA:36,0
DA:46,0
DA:50,0
DA:83,0
DA:86,0
DA:103,0
DA:106,0
DA:129,0
DA:130,0
DA:133,0
DA:137,0
DA:158,0
DA:159,0
DA:162,0
DA:165,0
DA:166,0
DA:167,0
DA:168,0
DA:171,0
DA:173,0
DA:174,0
DA:177,0
LF:30
LH:0
BRDA:21,0,0,0
BRDA:21,0,1,0
BRDA:35,1,0,0
BRDA:35,1,1,0
BRF:4
BRH:0
end_of_record
TN:
SF:apps/api/src/crypto.ts
FN:6,(anonymous_0)
FN:8,(anonymous_1)
FN:13,(anonymous_2)
FN:31,(anonymous_3)
FNF:4
FNH:0
FNDA:0,(anonymous_0)
FNDA:0,(anonymous_1)
FNDA:0,(anonymous_2)
FNDA:0,(anonymous_3)
DA:10,0
DA:14,0
DA:15,0
DA:17,0
DA:18,0
DA:19,0
DA:20,0
DA:21,0
DA:23,0
DA:24,0
DA:25,0
DA:26,0
DA:27,0
DA:28,0
DA:32,0
DA:34,0
DA:35,0
DA:36,0
DA:38,0
DA:39,0
DA:40,0
DA:41,0
DA:43,0
DA:44,0
DA:45,0
DA:46,0
DA:47,0
DA:48,0
DA:49,0
DA:50,0
LF:30
LH:0
BRDA:6,0,0,0
BRDA:34,1,0,0
BRDA:34,1,1,0
BRDA:38,2,0,0
BRDA:38,2,1,0
BRF:5
BRH:0
end_of_record
TN:
SF:apps/api/src/jwt.ts
FN:22,(anonymous_0)
FN:24,(anonymous_1)
FN:29,(anonymous_2)
FN:46,(anonymous_3)
FN:88,(anonymous_4)
FN:130,(anonymous_5)
FN:163,(anonymous_6)
FN:218,(anonymous_7)
FN:257,(anonymous_8)
FN:281,(anonymous_9)
FN:304,(anonymous_10)
FN:323,(anonymous_11)
FN:355,(anonymous_12)
FNF:13
FNH:0
FNDA:0,(anonymous_0)
FNDA:0,(anonymous_1)
FNDA:0,(anonymous_2)
FNDA:0,(anonymous_3)
FNDA:0,(anonymous_4)
FNDA:0,(anonymous_5)
FNDA:0,(anonymous_6)
FNDA:0,(anonymous_7)
FNDA:0,(anonymous_8)
FNDA:0,(anonymous_9)
FNDA:0,(anonymous_10)
FNDA:0,(anonymous_11)
FNDA:0,(anonymous_12)
DA:16,0
DA:17,0
DA:18,0
DA:19,0
DA:20,0
DA:24,0
DA:25,0
DA:30,0
DA:32,0
DA:34,0
DA:35,0
DA:37,0
DA:39,0
DA:41,0
DA:42,0
DA:47,0
DA:49,0
DA:54,0
DA:56,0
DA:57,0
DA:58,0
DA:61,0
DA:62,0
DA:63,0
DA:65,0
DA:66,0
DA:67,0
DA:69,0
DA:80,0
DA:84,0
DA:89,0
DA:91,0
DA:92,0
DA:94,0
DA:95,0
DA:96,0
DA:98,0
DA:103,0
DA:104,0
DA:105,0
DA:107,0
DA:108,0
DA:109,0
DA:111,0
DA:116,0
DA:130,0
DA:131,0
DA:132,0
DA:134,0
DA:135,0
DA:136,0
DA:138,0
DA:143,0
DA:144,0
DA:145,0
DA:146,0
DA:148,0
DA:149,0
DA:150,0
DA:152,0
DA:156,0
DA:158,0
DA:159,0
DA:160,0
DA:164,0
DA:165,0
DA:166,0
DA:167,0
DA:171,0
DA:172,0
DA:174,0
DA:184,0
DA:194,0
DA:203,0
DA:212,0
DA:219,0
DA:220,0
DA:221,0
DA:222,0
DA:226,0
DA:227,0
DA:234,0
DA:235,0
DA:239,0
DA:240,0
DA:243,0
DA:245,0
DA:246,0
DA:247,0
DA:248,0
DA:249,0
DA:250,0
DA:252,0
DA:258,0
DA:259,0
DA:260,0
DA:261,0
DA:265,0
DA:266,0
DA:271,0
DA:272,0
DA:275,0
DA:277,0
DA:282,0
DA:283,0
DA:286,0
DA:288,0
DA:290,0
DA:300,0
DA:305,0
DA:306,0
DA:310,0
DA:319,0
DA:324,0
DA:326,0
DA:327,0
DA:329,0
DA:330,0
DA:332,0
DA:335,0
DA:336,0
DA:346,0
DA:349,0
DA:356,0
DA:358,0
DA:359,0
DA:362,0
DA:367,0
DA:370,0
DA:387,0
LF:130
LH:0
BRDA:30,0,0,0
BRDA:30,0,1,0
BRDA:34,1,0,0
BRDA:34,1,1,0
BRDA:54,2,0,0
BRDA:54,2,1,0
BRDA:54,3,0,0
BRDA:54,3,1,0
BRDA:91,4,0,0
BRDA:91,4,1,0
BRDA:92,5,0,0
BRDA:92,5,1,0
BRDA:103,6,0,0
BRDA:103,6,1,0
BRDA:103,7,0,0
BRDA:103,7,1,0
BRDA:104,8,0,0
BRDA:104,8,1,0
BRDA:130,9,0,0
BRDA:130,9,1,0
BRDA:130,10,0,0
BRDA:130,10,1,0
BRDA:131,11,0,0
BRDA:131,11,1,0
BRDA:144,12,0,0
BRDA:144,12,1,0
BRDA:145,13,0,0
BRDA:145,13,1,0
BRDA:164,14,0,0
BRDA:164,14,1,0
BRDA:164,15,0,0
BRDA:164,15,1,0
BRDA:166,16,0,0
BRDA:166,16,1,0
BRDA:196,17,0,0
BRDA:196,17,1,0
BRDA:197,18,0,0
BRDA:197,18,1,0
BRDA:205,19,0,0
BRDA:205,19,1,0
BRDA:206,20,0,0
BRDA:206,20,1,0
BRDA:219,21,0,0
BRDA:219,21,1,0
BRDA:219,22,0,0
BRDA:219,22,1,0
BRDA:221,23,0,0
BRDA:221,23,1,0
BRDA:228,24,0,0
BRDA:228,24,1,0
BRDA:234,25,0,0
BRDA:234,25,1,0
BRDA:234,26,0,0
BRDA:234,26,1,0
BRDA:234,26,2,0
BRDA:234,26,3,0
BRDA:239,27,0,0
BRDA:239,27,1,0
BRDA:239,28,0,0
BRDA:239,28,1,0
BRDA:245,29,0,0
BRDA:245,29,1,0
BRDA:247,30,0,0
BRDA:247,30,1,0
BRDA:249,31,0,0
BRDA:249,31,1,0
BRDA:258,32,0,0
BRDA:258,32,1,0
BRDA:258,33,0,0
BRDA:258,33,1,0
BRDA:260,34,0,0
BRDA:260,34,1,0
BRDA:267,35,0,0
BRDA:267,35,1,0
BRDA:271,36,0,0
BRDA:271,36,1,0
BRDA:282,37,0,0
BRDA:282,37,1,0
BRDA:282,38,0,0
BRDA:282,38,1,0
BRDA:305,39,0,0
BRDA:305,39,1,0
BRDA:327,40,0,0
BRDA:327,40,1,0
BRDA:355,41,0,0
BRDA:359,42,0,0
BRDA:359,42,1,0
BRF:87
BRH:0
end_of_record
TN:
SF:apps/api/src/main.ts
FN:46,bootstrap
FN:84,(anonymous_1)
FN:158,(anonymous_2)
FN:209,(anonymous_3)
FN:272,(anonymous_4)
FN:278,(anonymous_5)
FN:289,(anonymous_6)
FN:295,(anonymous_7)
FN:309,(anonymous_8)
FNF:9
FNH:0
FNDA:0,bootstrap
FNDA:0,(anonymous_1)
FNDA:0,(anonymous_2)
FNDA:0,(anonymous_3)
FNDA:0,(anonymous_4)
FNDA:0,(anonymous_5)
FNDA:0,(anonymous_6)
FNDA:0,(anonymous_7)
FNDA:0,(anonymous_8)
DA:47,0
DA:50,0
DA:53,0
DA:55,0
DA:60,0
DA:74,0
DA:77,0
DA:80,0
DA:83,0
DA:85,0
DA:88,0
DA:104,0
DA:105,0
DA:106,0
DA:109,0
DA:111,0
DA:112,0
DA:114,0
DA:118,0
DA:119,0
DA:120,0
DA:121,0
DA:124,0
DA:127,0
DA:128,0
DA:132,0
DA:133,0
DA:158,0
DA:159,0
DA:160,0
DA:161,0
DA:162,0
DA:163,0
DA:164,0
DA:165,0
DA:166,0
DA:167,0
DA:168,0
DA:169,0
DA:170,0
DA:171,0
DA:175,0
DA:201,0
DA:202,0
DA:209,0
DA:210,0
DA:212,0
DA:213,0
DA:214,0
DA:215,0
DA:218,0
DA:219,0
DA:224,0
DA:225,0
DA:226,0
DA:227,0
DA:228,0
DA:229,0
DA:230,0
DA:233,0
DA:234,0
DA:238,0
DA:240,0
DA:241,0
DA:253,0
DA:263,0
DA:272,0
DA:273,0
DA:274,0
DA:278,0
DA:279,0
DA:280,0
DA:281,0
DA:282,0
DA:284,0
DA:289,0
DA:291,0
DA:292,0
DA:295,0
DA:297,0
DA:298,0
DA:301,0
DA:302,0
DA:309,0
DA:311,0
LF:85
LH:0
BRDA:88,0,0,0
BRDA:88,0,1,0
BRDA:104,1,0,0
BRDA:104,1,1,0
BRDA:104,2,0,0
BRDA:104,2,1,0
BRDA:109,3,0,0
BRDA:109,3,1,0
BRDA:111,4,0,0
BRDA:111,4,1,0
BRDA:120,5,0,0
BRDA:120,5,1,0
BRDA:120,6,0,0
BRDA:120,6,1,0
BRDA:127,7,0,0
BRDA:127,7,1,0
BRDA:218,8,0,0
BRDA:218,8,1,0
BRDA:233,9,0,0
BRDA:233,9,1,0
BRDA:238,10,0,0
BRDA:238,10,1,0
BRDA:240,11,0,0
BRDA:240,11,1,0
BRDA:246,12,0,0
BRDA:246,12,1,0
BRDA:266,13,0,0
BRDA:266,13,1,0
BRF:28
BRH:0
end_of_record
TN:
SF:apps/api/src/rate-limit.decorator.ts
FN:10,(anonymous_0)
FNF:1
FNH:0
FNDA:0,(anonymous_0)
DA:9,0
DA:10,0
LF:2
LH:0
BRF:0
BRH:0
end_of_record
TN:
SF:apps/api/src/ratelimit.ts
FN:26,(anonymous_0)
FN:28,(anonymous_1)
FN:39,(anonymous_2)
FN:45,(anonymous_3)
FNF:4
FNH:0
FNDA:0,(anonymous_0)
FNDA:0,(anonymous_1)
FNDA:0,(anonymous_2)
FNDA:0,(anonymous_3)
DA:6,0
DA:29,0
DA:30,0
DA:31,0
DA:32,0
DA:33,0
DA:34,0
DA:40,0
DA:41,0
DA:46,0
DA:47,0
DA:48,0
DA:49,0
DA:50,0
DA:51,0
DA:52,0
DA:54,0
LF:17
LH:0
BRDA:32,0,0,0
BRDA:32,0,1,0
BRDA:33,1,0,0
BRDA:33,1,1,0
BRDA:39,2,0,0
BRDA:39,3,0,0
BRDA:45,4,0,0
BRDA:50,5,0,0
BRDA:50,5,1,0
BRF:9
BRH:0
end_of_record
TN:
SF:apps/api/src/tenant-context.ts
FNF:0
FNH:0
DA:5,0
LF:1
LH:0
BRF:0
BRH:0
end_of_record
TN:
SF:apps/api/src/__tests__/health.test.ts
FN:1,(anonymous_0)
FN:2,(anonymous_1)
FN:6,(anonymous_2)
FN:10,(anonymous_3)
FNF:4
FNH:0
FNDA:0,(anonymous_0)
FNDA:0,(anonymous_1)
FNDA:0,(anonymous_2)
FNDA:0,(anonymous_3)
DA:1,0
DA:2,0
DA:3,0
DA:6,0
DA:7,0
DA:10,0
DA:11,0
DA:12,0
DA:13,0
LF:9
LH:0
BRF:0
BRH:0
end_of_record
TN:
SF:apps/api/src/auth/decorators/current-user.decorator.ts
FN:4,(anonymous_0)
FNF:1
FNH:0
FNDA:0,(anonymous_0)
DA:3,0
DA:5,0
DA:6,0
LF:3
LH:0
BRF:0
BRH:0
end_of_record
TN:
SF:apps/api/src/auth/decorators/public.decorator.ts
FN:4,(anonymous_0)
FNF:1
FNH:0
FNDA:0,(anonymous_0)
DA:3,0
DA:4,0
LF:2
LH:0
BRF:0
BRH:0
end_of_record
TN:
SF:apps/api/src/auth/decorators/roles.decorator.ts
FN:4,(anonymous_0)
FNF:1
FNH:0
FNDA:0,(anonymous_0)
DA:3,0
DA:4,0
LF:2
LH:0
BRF:0
BRH:0
end_of_record
TN:
SF:apps/api/src/billing/dto/update-billing-batch.dto.ts
FNF:0
FNH:0
LF:0
LH:0
BRF:0
BRH:0
end_of_record
TN:
SF:apps/api/src/calendar/dto/update-calendar-event.dto.ts
FNF:0
FNH:0
LF:0
LH:0
BRF:0
BRH:0
end_of_record
TN:
SF:apps/api/src/common/errors/custom-errors.ts
FN:4,(anonymous_0)
FN:17,(anonymous_1)
FN:31,(anonymous_2)
FN:44,(anonymous_3)
FN:57,(anonymous_4)
FN:76,(anonymous_5)
FN:90,(anonymous_6)
FN:105,(anonymous_7)
FN:119,(anonymous_8)
FNF:9
FNH:0
FNDA:0,(anonymous_0)
FNDA:0,(anonymous_1)
FNDA:0,(anonymous_2)
FNDA:0,(anonymous_3)
FNDA:0,(anonymous_4)
FNDA:0,(anonymous_5)
FNDA:0,(anonymous_6)
FNDA:0,(anonymous_7)
FNDA:0,(anonymous_8)
DA:5,0
DA:18,0
DA:32,0
DA:45,0
DA:58,0
DA:62,0
DA:77,0
DA:91,0
DA:106,0
DA:120,0
LF:10
LH:0
BRDA:4,0,0,0
BRDA:31,1,0,0
BRDA:44,2,0,0
BRDA:58,3,0,0
BRDA:58,3,1,0
BRDA:96,4,0,0
BRDA:96,4,1,0
BRDA:105,5,0,0
BRDA:125,6,0,0
BRDA:125,6,1,0
BRF:10
BRH:0
end_of_record
TN:
SF:apps/api/src/common/interfaces/api-response.interface.ts
FNF:0
FNH:0
LF:0
LH:0
BRF:0
BRH:0
end_of_record
TN:
SF:apps/api/src/common/utils/json-utils.ts
FN:6,toPrismaJson
FN:16,toPrismaJsonValue
FNF:2
FNH:0
FNDA:0,toPrismaJson
FNDA:0,toPrismaJsonValue
DA:7,0
DA:8,0
DA:10,0
DA:17,0
DA:18,0
DA:20,0
LF:6
LH:0
BRDA:7,0,0,0
BRDA:7,0,1,0
BRDA:7,1,0,0
BRDA:7,1,1,0
BRDA:17,2,0,0
BRDA:17,2,1,0
BRDA:17,3,0,0
BRDA:17,3,1,0
BRF:8
BRH:0
end_of_record
TN:
SF:apps/api/src/common/utils/response.util.ts
FN:4,(anonymous_0)
FN:20,(anonymous_1)
FN:45,(anonymous_2)
FN:63,(anonymous_3)
FN:71,(anonymous_4)
FNF:5
FNH:0
FNDA:0,(anonymous_0)
FNDA:0,(anonymous_1)
FNDA:0,(anonymous_2)
FNDA:0,(anonymous_3)
FNDA:0,(anonymous_4)
DA:10,0
DA:29,0
DA:52,0
DA:68,0
DA:72,0
LF:5
LH:0
BRDA:6,0,0,0
BRDA:7,1,0,0
BRDA:8,2,0,0
BRDA:25,3,0,0
BRDA:26,4,0,0
BRDA:27,5,0,0
BRDA:48,6,0,0
BRDA:49,7,0,0
BRDA:65,8,0,0
BRDA:66,9,0,0
BRDA:71,10,0,0
BRDA:71,11,0,0
BRF:12
BRH:0
end_of_record
TN:
SF:apps/api/src/config/env.validation.ts
FN:12,validateEnvOnStartup
FNF:1
FNH:0
FNDA:0,validateEnvOnStartup
DA:7,0
DA:8,0
DA:9,0
DA:13,0
LF:4
LH:0
BRF:0
BRH:0
end_of_record
TN:
SF:apps/api/src/customers/dto/update-customer.dto.ts
FNF:0
FNH:0
LF:0
LH:0
BRF:0
BRH:0
end_of_record
TN:
SF:apps/api/src/modules/auth/decorators/roles.decorator.ts
FN:4,(anonymous_0)
FNF:1
FNH:0
FNDA:0,(anonymous_0)
DA:3,0
DA:4,0
LF:2
LH:0
BRF:0
BRH:0
end_of_record
TN:
SF:apps/api/src/orders/dto/update-order.dto.ts
FNF:0
FNH:0
LF:0
LH:0
BRF:0
BRH:0
end_of_record
TN:
SF:apps/api/src/products/dto/update-product.dto.ts
FNF:0
FNH:0
LF:0
LH:0
BRF:0
BRH:0
end_of_record
TN:
SF:apps/web/i18n.ts
FN:7,(anonymous_0)
FNF:1
FNH:0
FNDA:0,(anonymous_0)
DA:5,0
DA:9,0
DA:11,0
LF:3
LH:0
BRDA:9,0,0,0
BRDA:9,0,1,0
BRF:2
BRH:0
end_of_record
TN:
SF:apps/web/middleware.ts
FN:4,middleware
FN:40,(anonymous_1)
FN:51,(anonymous_2)
FNF:3
FNH:0
FNDA:0,middleware
FNDA:0,(anonymous_1)
FNDA:0,(anonymous_2)
DA:5,0
DA:8,0
DA:9,0
DA:11,0
DA:12,0
DA:13,0
DA:14,0
DA:21,0
DA:40,0
DA:41,0
DA:45,0
DA:51,0
DA:52,0
DA:56,0
DA:57,0
DA:58,0
DA:59,0
DA:63,0
DA:64,0
DA:68,0
DA:69,0
DA:76,0
DA:78,0
DA:79,0
DA:80,0
DA:81,0
DA:84,0
DA:85,0
DA:86,0
DA:87,0
DA:90,0
DA:92,0
DA:93,0
DA:100,0
DA:102,0
DA:103,0
DA:110,0
DA:111,0
DA:114,0
DA:118,0
DA:121,0
LF:41
LH:0
BRDA:13,0,0,0
BRDA:13,0,1,0
BRDA:41,1,0,0
BRDA:41,1,1,0
BRDA:56,2,0,0
BRDA:56,2,1,0
BRDA:56,3,0,0
BRDA:56,3,1,0
BRDA:56,3,2,0
BRDA:63,4,0,0
BRDA:63,4,1,0
BRDA:63,5,0,0
BRDA:63,5,1,0
BRDA:63,5,2,0
BRDA:63,5,3,0
BRDA:68,6,0,0
BRDA:68,6,1,0
BRDA:68,7,0,0
BRDA:68,7,1,0
BRDA:84,8,0,0
BRDA:84,8,1,0
BRDA:84,9,0,0
BRDA:84,9,1,0
BRDA:90,10,0,0
BRDA:90,10,1,0
BRDA:90,11,0,0
BRDA:90,11,1,0
BRDA:90,11,2,0
BRDA:100,12,0,0
BRDA:100,12,1,0
BRDA:100,13,0,0
BRDA:100,13,1,0
BRDA:100,13,2,0
BRDA:110,14,0,0
BRDA:110,14,1,0
BRDA:111,15,0,0
BRDA:111,15,1,0
BRDA:111,16,0,0
BRDA:111,16,1,0
BRF:39
BRH:0
end_of_record
TN:
SF:apps/web/__tests__/components.test.tsx
FN:6,(anonymous_0)
FN:7,(anonymous_1)
FN:12,(anonymous_2)
FN:13,(anonymous_3)
FN:21,(anonymous_4)
FN:31,(anonymous_5)
FN:32,(anonymous_6)
FN:35,(anonymous_7)
FN:36,(anonymous_8)
FN:41,(anonymous_9)
FN:42,(anonymous_10)
FN:48,(anonymous_11)
FNF:12
FNH:0
FNDA:0,(anonymous_0)
FNDA:0,(anonymous_1)
FNDA:0,(anonymous_2)
FNDA:0,(anonymous_3)
FNDA:0,(anonymous_4)
FNDA:0,(anonymous_5)
FNDA:0,(anonymous_6)
FNDA:0,(anonymous_7)
FNDA:0,(anonymous_8)
FNDA:0,(anonymous_9)
FNDA:0,(anonymous_10)
FNDA:0,(anonymous_11)
DA:6,0
DA:7,0
DA:8,0
DA:12,0
DA:13,0
DA:21,0
DA:31,0
DA:32,0
DA:35,0
DA:36,0
DA:37,0
DA:41,0
DA:42,0
DA:43,0
DA:44,0
DA:45,0
DA:48,0
DA:49,0
DA:50,0
DA:56,0
DA:57,0
DA:59,0
DA:60,0
LF:23
LH:0
BRF:0
BRH:0
end_of_record
TN:
SF:apps/web/app/layout.tsx
FN:22,RootLayout
FNF:1
FNH:0
FNDA:0,RootLayout
DA:27,0
LF:1
LH:0
BRF:0
BRH:0
end_of_record
TN:
SF:apps/web/app/page.tsx
FN:7,Home
FN:11,(anonymous_1)
FNF:2
FNH:0
FNDA:0,Home
FNDA:0,(anonymous_1)
DA:8,0
DA:9,0
DA:11,0
DA:12,0
DA:13,0
DA:14,0
DA:16,0
DA:21,0
DA:22,0
DA:32,0
LF:10
LH:0
BRDA:12,0,0,0
BRDA:12,0,1,0
BRDA:13,1,0,0
BRDA:13,1,1,0
BRDA:21,2,0,0
BRDA:21,2,1,0
BRF:6
BRH:0
end_of_record
TN:
SF:apps/web/app/2fa/page.tsx
FN:7,TwoFactorPage
FN:15,(anonymous_1)
FN:25,(anonymous_2)
FN:63,(anonymous_3)
FN:93,(anonymous_4)
FN:133,(anonymous_5)
FN:162,(anonymous_6)
FNF:7
FNH:0
FNDA:0,TwoFactorPage
FNDA:0,(anonymous_1)
FNDA:0,(anonymous_2)
FNDA:0,(anonymous_3)
FNDA:0,(anonymous_4)
FNDA:0,(anonymous_5)
FNDA:0,(anonymous_6)
DA:8,0
DA:9,0
DA:10,0
DA:11,0
DA:12,0
DA:13,0
DA:15,0
DA:17,0
DA:18,0
DA:19,0
DA:20,0
DA:22,0
DA:25,0
DA:26,0
DA:27,0
DA:28,0
DA:30,0
DA:31,0
DA:42,0
DA:44,0
DA:45,0
DA:49,0
DA:52,0
DA:55,0
DA:57,0
DA:59,0
DA:63,0
DA:64,0
DA:65,0
DA:73,0
DA:74,0
DA:78,0
DA:81,0
DA:85,0
DA:86,0
DA:93,0
DA:103,0
DA:133,0
DA:162,0
LF:39
LH:0
BRDA:18,0,0,0
BRDA:18,0,1,0
BRDA:44,1,0,0
BRDA:44,1,1,0
BRDA:45,2,0,0
BRDA:45,2,1,0
BRDA:57,3,0,0
BRDA:57,3,1,0
BRDA:73,4,0,0
BRDA:73,4,1,0
BRDA:81,5,0,0
BRDA:81,5,1,0
BRDA:85,6,0,0
BRDA:85,6,1,0
BRDA:114,7,0,0
BRDA:114,7,1,0
BRDA:144,8,0,0
BRDA:144,8,1,0
BRDA:147,9,0,0
BRDA:147,9,1,0
BRF:20
BRH:0
end_of_record
TN:
SF:apps/web/app/api/[...path]/route.ts
FN:5,GET
FN:12,POST
FN:19,PUT
FN:26,DELETE
FN:33,PATCH
FN:40,handleRequest
FN:50,(anonymous_6)
FN:189,(anonymous_7)
FNF:8
FNH:0
FNDA:0,GET
FNDA:0,POST
FNDA:0,PUT
FNDA:0,DELETE
FNDA:0,PATCH
FNDA:0,handleRequest
FNDA:0,(anonymous_6)
FNDA:0,(anonymous_7)
DA:3,0
DA:9,0
DA:16,0
DA:23,0
DA:30,0
DA:37,0
DA:45,0
DA:46,0
DA:47,0
DA:50,0
DA:51,0
DA:55,0
DA:60,0
DA:61,0
DA:62,0
DA:66,0
DA:67,0
DA:68,0
DA:72,0
DA:73,0
DA:74,0
DA:78,0
DA:84,0
DA:85,0
DA:86,0
DA:87,0
DA:88,0
DA:96,0
DA:99,0
DA:102,0
DA:109,0
DA:114,0
DA:116,0
DA:117,0
DA:120,0
DA:122,0
DA:123,0
DA:124,0
DA:126,0
DA:129,0
DA:134,0
DA:139,0
DA:140,0
DA:141,0
DA:144,0
DA:145,0
DA:146,0
DA:149,0
DA:150,0
DA:151,0
DA:155,0
DA:156,0
DA:157,0
DA:161,0
DA:162,0
DA:163,0
DA:167,0
DA:168,0
DA:170,0
DA:189,0
DA:190,0
DA:193,0
DA:197,0
DA:198,0
DA:203,0
DA:204,0
DA:210,0
DA:219,0
LF:68
LH:0
BRDA:3,0,0,0
BRDA:3,0,1,0
BRDA:61,1,0,0
BRDA:61,1,1,0
BRDA:67,2,0,0
BRDA:67,2,1,0
BRDA:73,3,0,0
BRDA:73,3,1,0
BRDA:84,4,0,0
BRDA:84,4,1,0
BRDA:84,5,0,0
BRDA:84,5,1,0
BRDA:87,6,0,0
BRDA:87,6,1,0
BRDA:99,7,0,0
BRDA:99,7,1,0
BRDA:102,8,0,0
BRDA:102,8,1,0
BRDA:102,8,2,0
BRDA:102,8,3,0
BRDA:102,8,4,0
BRDA:114,9,0,0
BRDA:114,9,1,0
BRDA:122,10,0,0
BRDA:122,10,1,0
BRDA:135,11,0,0
BRDA:135,11,1,0
BRDA:140,12,0,0
BRDA:140,12,1,0
BRDA:145,13,0,0
BRDA:145,13,1,0
BRDA:150,14,0,0
BRDA:150,14,1,0
BRDA:156,15,0,0
BRDA:156,15,1,0
BRDA:162,16,0,0
BRDA:162,16,1,0
BRDA:168,17,0,0
BRDA:168,17,1,0
BRDA:168,18,0,0
BRDA:168,18,1,0
BRDA:170,19,0,0
BRDA:170,19,1,0
BRDA:176,20,0,0
BRDA:176,20,1,0
BRDA:197,21,0,0
BRDA:197,21,1,0
BRDA:203,22,0,0
BRDA:203,22,1,0
BRF:49
BRH:0
end_of_record
TN:
SF:apps/web/app/api/auth/2fa/login/route.ts
FN:5,POST
FN:29,(anonymous_1)
FNF:2
FNH:0
FNDA:0,POST
FNDA:0,(anonymous_1)
DA:3,0
DA:6,0
DA:7,0
DA:9,0
DA:17,0
DA:19,0
DA:20,0
DA:24,0
DA:27,0
DA:28,0
DA:29,0
DA:30,0
DA:34,0
DA:36,0
LF:14
LH:0
BRDA:3,0,0,0
BRDA:3,0,1,0
BRDA:19,1,0,0
BRDA:19,1,1,0
BRDA:28,2,0,0
BRDA:28,2,1,0
BRDA:28,3,0,0
BRDA:28,3,1,0
BRF:8
BRH:0
end_of_record
TN:
SF:apps/web/app/api/auth/clear-tokens/route.ts
FN:5,POST
FN:26,(anonymous_1)
FNF:2
FNH:0
FNDA:0,POST
FNDA:0,(anonymous_1)
DA:3,0
DA:6,0
DA:7,0
DA:14,0
DA:16,0
DA:17,0
DA:21,0
DA:24,0
DA:25,0
DA:26,0
DA:27,0
DA:31,0
DA:33,0
LF:13
LH:0
BRDA:3,0,0,0
BRDA:3,0,1,0
BRDA:16,1,0,0
BRDA:16,1,1,0
BRDA:25,2,0,0
BRDA:25,2,1,0
BRDA:25,3,0,0
BRDA:25,3,1,0
BRF:8
BRH:0
end_of_record
TN:
SF:apps/web/app/api/auth/login/route.ts
FN:4,POST
FN:41,(anonymous_1)
FNF:2
FNH:0
FNDA:0,POST
FNDA:0,(anonymous_1)
DA:5,0
DA:6,0
DA:8,0
DA:9,0
DA:16,0
DA:25,0
DA:26,0
DA:27,0
DA:33,0
DA:36,0
DA:37,0
DA:39,0
DA:41,0
DA:42,0
DA:43,0
DA:44,0
DA:45,0
DA:47,0
DA:48,0
DA:56,0
DA:57,0
DA:58,0
DA:59,0
DA:61,0
DA:62,0
DA:64,0
DA:65,0
DA:67,0
DA:68,0
DA:72,0
DA:78,0
DA:86,0
LF:32
LH:0
BRDA:8,0,0,0
BRDA:8,0,1,0
BRDA:8,1,0,0
BRDA:8,1,1,0
BRDA:16,2,0,0
BRDA:16,2,1,0
BRDA:25,3,0,0
BRDA:25,3,1,0
BRDA:28,4,0,0
BRDA:28,4,1,0
BRDA:39,5,0,0
BRDA:39,5,1,0
BRDA:44,6,0,0
BRDA:44,6,1,0
BRDA:47,7,0,0
BRDA:47,7,1,0
BRDA:47,8,0,0
BRDA:47,8,1,0
BRDA:58,9,0,0
BRDA:58,9,1,0
BRDA:59,10,0,0
BRDA:59,10,1,0
BRDA:59,10,2,0
BRDA:61,11,0,0
BRDA:61,11,1,0
BRDA:64,12,0,0
BRDA:64,12,1,0
BRF:27
BRH:0
end_of_record
TN:
SF:apps/web/app/api/auth/logout/route.ts
FN:4,POST
FNF:1
FNH:0
FNDA:0,POST
DA:5,0
DA:7,0
DA:10,0
DA:20,0
DA:23,0
DA:24,0
DA:25,0
DA:26,0
DA:28,0
DA:29,0
DA:30,0
DA:36,0
DA:39,0
DA:45,0
DA:46,0
DA:47,0
DA:48,0
DA:49,0
DA:51,0
LF:19
LH:0
BRDA:10,0,0,0
BRDA:10,0,1,0
BRDA:14,1,0,0
BRDA:14,1,1,0
BRDA:28,2,0,0
BRDA:28,2,1,0
BRDA:31,3,0,0
BRDA:31,3,1,0
BRDA:41,4,0,0
BRDA:41,4,1,0
BRF:10
BRH:0
end_of_record
TN:
SF:apps/web/app/api/auth/me/route.ts
FN:3,GET
FNF:1
FNH:0
FNDA:0,GET
DA:4,0
DA:6,0
DA:16,0
DA:17,0
DA:23,0
DA:24,0
DA:26,0
LF:7
LH:0
BRDA:6,0,0,0
BRDA:6,0,1,0
BRDA:12,1,0,0
BRDA:12,1,1,0
BRDA:16,2,0,0
BRDA:16,2,1,0
BRF:6
BRH:0
end_of_record
TN:
SF:apps/web/app/api/auth/resend-2fa/route.ts
FN:3,POST
FNF:1
FNH:0
FNDA:0,POST
DA:4,0
DA:5,0
DA:7,0
DA:8,0
DA:15,0
DA:23,0
DA:25,0
DA:26,0
DA:29,0
DA:31,0
LF:10
LH:0
BRDA:7,0,0,0
BRDA:7,0,1,0
BRDA:15,1,0,0
BRDA:15,1,1,0
BRDA:25,2,0,0
BRDA:25,2,1,0
BRF:6
BRH:0
end_of_record
TN:
SF:apps/web/app/api/auth/set-tokens/route.ts
FN:5,POST
FN:29,(anonymous_1)
FNF:2
FNH:0
FNDA:0,POST
FNDA:0,(anonymous_1)
DA:3,0
DA:6,0
DA:7,0
DA:9,0
DA:17,0
DA:19,0
DA:20,0
DA:24,0
DA:27,0
DA:28,0
DA:29,0
DA:30,0
DA:34,0
DA:36,0
LF:14
LH:0
BRDA:3,0,0,0
BRDA:3,0,1,0
BRDA:19,1,0,0
BRDA:19,1,1,0
BRDA:28,2,0,0
BRDA:28,2,1,0
BRDA:28,3,0,0
BRDA:28,3,1,0
BRF:8
BRH:0
end_of_record
TN:
SF:apps/web/app/api/errors/route.ts
FN:3,POST
FNF:1
FNH:0
FNDA:0,POST
DA:4,0
DA:5,0
DA:8,0
DA:10,0
DA:14,0
DA:15,0
DA:26,0
DA:28,0
DA:32,0
DA:37,0
DA:45,0
DA:48,0
LF:12
LH:0
BRDA:8,0,0,0
BRDA:8,0,1,0
BRDA:15,1,0,0
BRDA:15,1,1,0
BRDA:26,2,0,0
BRDA:26,2,1,0
BRF:6
BRH:0
end_of_record
TN:
SF:apps/web/app/api/health/route.ts
FN:3,GET
FNF:1
FNH:0
FNDA:0,GET
DA:4,0
DA:6,0
DA:14,0
DA:16,0
LF:4
LH:0
BRDA:11,0,0,0
BRDA:11,0,1,0
BRDA:21,1,0,0
BRDA:21,1,1,0
BRF:4
BRH:0
end_of_record
TN:
SF:apps/web/app/billing/page.tsx
FN:9,BillingPage
FN:14,(anonymous_1)
FNF:2
FNH:0
FNDA:0,BillingPage
FNDA:0,(anonymous_1)
DA:10,0
DA:11,0
DA:12,0
DA:14,0
DA:15,0
DA:16,0
DA:18,0
DA:22,0
DA:23,0
DA:35,0
LF:10
LH:0
BRDA:15,0,0,0
BRDA:15,0,1,0
BRDA:22,1,0,0
BRDA:22,1,1,0
BRF:4
BRH:0
end_of_record
TN:
SF:apps/web/app/billing/batches/[id]/page.tsx
FN:7,BatchDetailPage
FN:10,(anonymous_1)
FNF:2
FNH:0
FNDA:0,BatchDetailPage
FNDA:0,(anonymous_1)
DA:8,0
DA:10,0
DA:12,0
DA:15,0
DA:16,0
DA:28,0
LF:6
LH:0
BRDA:15,0,0,0
BRDA:15,0,1,0
BRF:2
BRH:0
end_of_record
TN:
SF:apps/web/app/billing/invoices/page.tsx
FN:29,InvoicesPage
FN:59,(anonymous_1)
FN:65,(anonymous_2)
FN:98,(anonymous_3)
FN:136,(anonymous_4)
FN:160,(anonymous_5)
FN:183,(anonymous_6)
FN:191,(anonymous_7)
FN:202,(anonymous_8)
FN:213,(anonymous_9)
FN:220,(anonymous_10)
FN:255,(anonymous_11)
FN:296,(anonymous_12)
FN:309,(anonymous_13)
FN:325,(anonymous_14)
FN:361,(anonymous_15)
FN:375,(anonymous_16)
FN:389,(anonymous_17)
FN:411,(anonymous_18)
FN:463,(anonymous_19)
FN:472,(anonymous_20)
FN:480,(anonymous_21)
FN:498,(anonymous_22)
FN:498,(anonymous_23)
FN:508,(anonymous_24)
FN:508,(anonymous_25)
FN:532,(anonymous_26)
FN:532,(anonymous_27)
FN:545,(anonymous_28)
FN:545,(anonymous_29)
FN:561,(anonymous_30)
FN:561,(anonymous_31)
FN:573,(anonymous_32)
FN:573,(anonymous_33)
FN:591,(anonymous_34)
FN:591,(anonymous_35)
FN:606,(anonymous_36)
FNF:37
FNH:0
FNDA:0,InvoicesPage
FNDA:0,(anonymous_1)
FNDA:0,(anonymous_2)
FNDA:0,(anonymous_3)
FNDA:0,(anonymous_4)
FNDA:0,(anonymous_5)
FNDA:0,(anonymous_6)
FNDA:0,(anonymous_7)
FNDA:0,(anonymous_8)
FNDA:0,(anonymous_9)
FNDA:0,(anonymous_10)
FNDA:0,(anonymous_11)
FNDA:0,(anonymous_12)
FNDA:0,(anonymous_13)
FNDA:0,(anonymous_14)
FNDA:0,(anonymous_15)
FNDA:0,(anonymous_16)
FNDA:0,(anonymous_17)
FNDA:0,(anonymous_18)
FNDA:0,(anonymous_19)
FNDA:0,(anonymous_20)
FNDA:0,(anonymous_21)
FNDA:0,(anonymous_22)
FNDA:0,(anonymous_23)
FNDA:0,(anonymous_24)
FNDA:0,(anonymous_25)
FNDA:0,(anonymous_26)
FNDA:0,(anonymous_27)
FNDA:0,(anonymous_28)
FNDA:0,(anonymous_29)
FNDA:0,(anonymous_30)
FNDA:0,(anonymous_31)
FNDA:0,(anonymous_32)
FNDA:0,(anonymous_33)
FNDA:0,(anonymous_34)
FNDA:0,(anonymous_35)
FNDA:0,(anonymous_36)
DA:30,0
DA:31,0
DA:32,0
DA:33,0
DA:34,0
DA:35,0
DA:36,0
DA:39,0
DA:40,0
DA:41,0
DA:44,0
DA:45,0
DA:46,0
DA:49,0
DA:50,0
DA:59,0
DA:60,0
DA:65,0
DA:66,0
DA:67,0
DA:68,0
DA:70,0
DA:78,0
DA:79,0
DA:80,0
DA:81,0
DA:82,0
DA:84,0
DA:87,0
DA:88,0
DA:89,0
DA:90,0
DA:92,0
DA:94,0
DA:98,0
DA:99,0
DA:100,0
DA:101,0
DA:103,0
DA:114,0
DA:115,0
DA:116,0
DA:119,0
DA:120,0
DA:121,0
DA:128,0
DA:130,0
DA:132,0
DA:136,0
DA:137,0
DA:138,0
DA:139,0
DA:141,0
DA:146,0
DA:147,0
DA:148,0
DA:151,0
DA:152,0
DA:154,0
DA:156,0
DA:160,0
DA:161,0
DA:163,0
DA:164,0
DA:165,0
DA:167,0
DA:169,0
DA:170,0
DA:171,0
DA:174,0
DA:175,0
DA:177,0
DA:179,0
DA:183,0
DA:184,0
DA:185,0
DA:187,0
DA:191,0
DA:192,0
DA:193,0
DA:194,0
DA:195,0
DA:196,0
DA:197,0
DA:198,0
DA:202,0
DA:203,0
DA:204,0
DA:205,0
DA:206,0
DA:207,0
DA:208,0
DA:209,0
DA:213,0
DA:214,0
DA:220,0
DA:221,0
DA:222,0
DA:225,0
DA:226,0
DA:238,0
DA:255,0
DA:296,0
DA:309,0
DA:325,0
DA:361,0
DA:375,0
DA:389,0
DA:412,0
DA:463,0
DA:472,0
DA:480,0
DA:498,0
DA:508,0
DA:532,0
DA:545,0
DA:561,0
DA:573,0
DA:591,0
DA:606,0
LF:120
LH:0
BRDA:73,0,0,0
BRDA:73,0,1,0
BRDA:74,1,0,0
BRDA:74,1,1,0
BRDA:75,2,0,0
BRDA:75,2,1,0
BRDA:79,3,0,0
BRDA:79,3,1,0
BRDA:80,4,0,0
BRDA:80,4,1,0
BRDA:88,5,0,0
BRDA:88,5,1,0
BRDA:89,6,0,0
BRDA:89,6,1,0
BRDA:90,7,0,0
BRDA:90,7,1,0
BRDA:92,8,0,0
BRDA:92,8,1,0
BRDA:107,9,0,0
BRDA:107,9,1,0
BRDA:110,10,0,0
BRDA:110,10,1,0
BRDA:114,11,0,0
BRDA:114,11,1,0
BRDA:116,12,0,0
BRDA:116,12,1,0
BRDA:130,13,0,0
BRDA:130,13,1,0
BRDA:146,14,0,0
BRDA:146,14,1,0
BRDA:148,15,0,0
BRDA:148,15,1,0
BRDA:154,16,0,0
BRDA:154,16,1,0
BRDA:161,17,0,0
BRDA:161,17,1,0
BRDA:169,18,0,0
BRDA:169,18,1,0
BRDA:171,19,0,0
BRDA:171,19,1,0
BRDA:177,20,0,0
BRDA:177,20,1,0
BRDA:184,21,0,0
BRDA:184,21,1,0
BRDA:192,22,0,0
BRDA:192,22,1,0
BRDA:192,22,2,0
BRDA:192,22,3,0
BRDA:192,22,4,0
BRDA:192,22,5,0
BRDA:203,23,0,0
BRDA:203,23,1,0
BRDA:203,23,2,0
BRDA:203,23,3,0
BRDA:203,23,4,0
BRDA:203,23,5,0
BRDA:213,24,0,0
BRDA:221,25,0,0
BRDA:221,25,1,0
BRDA:225,26,0,0
BRDA:225,26,1,0
BRDA:264,27,0,0
BRDA:264,27,1,0
BRDA:275,28,0,0
BRDA:275,28,1,0
BRDA:389,29,0,0
BRDA:389,29,1,0
BRDA:398,30,0,0
BRDA:398,30,1,0
BRDA:403,31,0,0
BRDA:403,31,1,0
BRDA:403,32,0,0
BRDA:403,32,1,0
BRDA:403,32,2,0
BRDA:427,33,0,0
BRDA:427,33,1,0
BRDA:432,34,0,0
BRDA:432,34,1,0
BRDA:432,34,2,0
BRDA:441,35,0,0
BRDA:441,35,1,0
BRDA:444,36,0,0
BRDA:444,36,1,0
BRDA:447,37,0,0
BRDA:447,37,1,0
BRDA:461,38,0,0
BRDA:461,38,1,0
BRDA:470,39,0,0
BRDA:470,39,1,0
BRDA:495,40,0,0
BRDA:495,40,1,0
BRDA:518,41,0,0
BRDA:518,41,1,0
BRDA:600,42,0,0
BRDA:600,42,1,0
BRDA:600,42,2,0
BRDA:603,43,0,0
BRDA:603,43,1,0
BRF:98
BRH:0
end_of_record
TN:
SF:apps/web/app/billing/payments/page.tsx
FN:8,PaymentsPage
FN:13,(anonymous_1)
FNF:2
FNH:0
FNDA:0,PaymentsPage
FNDA:0,(anonymous_1)
DA:9,0
DA:10,0
DA:11,0
DA:13,0
DA:14,0
DA:15,0
DA:17,0
DA:21,0
DA:22,0
DA:34,0
LF:10
LH:0
BRDA:14,0,0,0
BRDA:14,0,1,0
BRDA:21,1,0,0
BRDA:21,1,1,0
BRF:4
BRH:0
end_of_record
TN:
SF:apps/web/app/calendar/page.tsx
FN:8,PlaceholderPage
FN:13,(anonymous_1)
FNF:2
FNH:0
FNDA:0,PlaceholderPage
FNDA:0,(anonymous_1)
DA:9,0
DA:10,0
DA:11,0
DA:13,0
DA:14,0
DA:15,0
DA:17,0
DA:21,0
DA:22,0
DA:34,0
LF:10
LH:0
BRDA:14,0,0,0
BRDA:14,0,1,0
BRDA:21,1,0,0
BRDA:21,1,1,0
BRF:4
BRH:0
end_of_record
TN:
SF:apps/web/app/calendar/public/page.tsx
FN:8,PublicCalendarPage
FN:13,(anonymous_1)
FNF:2
FNH:0
FNDA:0,PublicCalendarPage
FNDA:0,(anonymous_1)
DA:9,0
DA:10,0
DA:11,0
DA:13,0
DA:14,0
DA:15,0
DA:17,0
DA:21,0
DA:22,0
DA:34,0
LF:10
LH:0
BRDA:14,0,0,0
BRDA:14,0,1,0
BRDA:21,1,0,0
BRDA:21,1,1,0
BRF:4
BRH:0
end_of_record
TN:
SF:apps/web/app/customers/page.tsx
FN:8,PlaceholderPage
FN:13,(anonymous_1)
FNF:2
FNH:0
FNDA:0,PlaceholderPage
FNDA:0,(anonymous_1)
DA:9,0
DA:10,0
DA:11,0
DA:13,0
DA:14,0
DA:15,0
DA:17,0
DA:21,0
DA:22,0
DA:34,0
LF:10
LH:0
BRDA:14,0,0,0
BRDA:14,0,1,0
BRDA:21,1,0,0
BRDA:21,1,1,0
BRF:4
BRH:0
end_of_record
TN:
SF:apps/web/app/customers/[id]/page.tsx
FN:8,PlaceholderPage
FN:13,(anonymous_1)
FNF:2
FNH:0
FNDA:0,PlaceholderPage
FNDA:0,(anonymous_1)
DA:9,0
DA:10,0
DA:11,0
DA:13,0
DA:14,0
DA:15,0
DA:17,0
DA:21,0
DA:22,0
DA:34,0
LF:10
LH:0
BRDA:14,0,0,0
BRDA:14,0,1,0
BRDA:21,1,0,0
BRDA:21,1,1,0
BRF:4
BRH:0
end_of_record
TN:
SF:apps/web/app/dashboard/page.tsx
FN:8,PlaceholderPage
FN:13,(anonymous_1)
FNF:2
FNH:0
FNDA:0,PlaceholderPage
FNDA:0,(anonymous_1)
DA:9,0
DA:10,0
DA:11,0
DA:13,0
DA:14,0
DA:15,0
DA:17,0
DA:21,0
DA:22,0
DA:34,0
LF:10
LH:0
BRDA:14,0,0,0
BRDA:14,0,1,0
BRDA:21,1,0,0
BRDA:21,1,1,0
BRF:4
BRH:0
end_of_record
TN:
SF:apps/web/app/inbound/page.tsx
FN:7,InboundPage
FN:18,(anonymous_1)
FN:20,(anonymous_2)
FN:27,(anonymous_3)
FN:33,(anonymous_4)
FN:40,(anonymous_5)
FN:45,(anonymous_6)
FN:45,(anonymous_7)
FN:59,(anonymous_8)
FN:67,(anonymous_9)
FN:69,(anonymous_10)
FN:71,(anonymous_11)
FN:72,(anonymous_12)
FN:73,(anonymous_13)
FN:79,(anonymous_14)
FN:88,(anonymous_15)
FN:92,(anonymous_16)
FNF:17
FNH:0
FNDA:0,InboundPage
FNDA:0,(anonymous_1)
FNDA:0,(anonymous_2)
FNDA:0,(anonymous_3)
FNDA:0,(anonymous_4)
FNDA:0,(anonymous_5)
FNDA:0,(anonymous_6)
FNDA:0,(anonymous_7)
FNDA:0,(anonymous_8)
FNDA:0,(anonymous_9)
FNDA:0,(anonymous_10)
FNDA:0,(anonymous_11)
FNDA:0,(anonymous_12)
FNDA:0,(anonymous_13)
FNDA:0,(anonymous_14)
FNDA:0,(anonymous_15)
FNDA:0,(anonymous_16)
DA:8,0
DA:9,0
DA:10,0
DA:11,0
DA:12,0
DA:13,0
DA:14,0
DA:15,0
DA:18,0
DA:20,0
DA:21,0
DA:22,0
DA:23,0
DA:24,0
DA:27,0
DA:28,0
DA:29,0
DA:30,0
DA:33,0
DA:34,0
DA:35,0
DA:36,0
DA:37,0
DA:40,0
DA:41,0
DA:42,0
DA:45,0
DA:47,0
DA:49,0
DA:59,0
DA:67,0
DA:69,0
DA:71,0
DA:72,0
DA:73,0
DA:80,0
DA:88,0
DA:93,0
LF:38
LH:0
BRDA:22,0,0,0
BRDA:22,0,1,0
BRDA:22,1,0,0
BRDA:22,1,1,0
BRDA:24,2,0,0
BRDA:24,2,1,0
BRDA:28,3,0,0
BRDA:28,3,1,0
BRDA:34,4,0,0
BRDA:34,4,1,0
BRDA:35,5,0,0
BRDA:35,5,1,0
BRDA:35,6,0,0
BRDA:35,6,1,0
BRDA:35,7,0,0
BRDA:35,7,1,0
BRDA:47,8,0,0
BRDA:47,8,1,0
BRDA:69,9,0,0
BRDA:69,9,1,0
BRDA:84,10,0,0
BRDA:84,10,1,0
BRDA:88,11,0,0
BRDA:88,11,1,0
BRDA:92,12,0,0
BRDA:92,12,1,0
BRDA:94,13,0,0
BRDA:94,13,1,0
BRDA:94,13,2,0
BRDA:97,14,0,0
BRDA:97,14,1,0
BRDA:97,14,2,0
BRDA:101,15,0,0
BRDA:101,15,1,0
BRF:34
BRH:0
end_of_record
TN:
SF:apps/web/app/login/page.tsx
FN:7,LoginPage
FN:16,(anonymous_1)
FN:57,(anonymous_2)
FN:74,(anonymous_3)
FN:82,(anonymous_4)
FNF:5
FNH:0
FNDA:0,LoginPage
FNDA:0,(anonymous_1)
FNDA:0,(anonymous_2)
FNDA:0,(anonymous_3)
FNDA:0,(anonymous_4)
DA:8,0
DA:9,0
DA:10,0
DA:11,0
DA:12,0
DA:13,0
DA:14,0
DA:16,0
DA:17,0
DA:18,0
DA:19,0
DA:21,0
DA:22,0
DA:24,0
DA:25,0
DA:26,0
DA:28,0
DA:30,0
DA:34,0
DA:57,0
DA:74,0
DA:82,0
LF:22
LH:0
BRDA:24,0,0,0
BRDA:24,0,1,0
BRDA:24,1,0,0
BRDA:24,1,1,0
BRDA:72,2,0,0
BRDA:72,2,1,0
BRDA:85,3,0,0
BRDA:85,3,1,0
BRDA:99,4,0,0
BRDA:99,4,1,0
BRDA:115,5,0,0
BRDA:115,5,1,0
BRF:12
BRH:0
end_of_record
TN:
SF:apps/web/app/login/2fa/page.tsx
FN:6,TwoFAPage
FN:13,(anonymous_1)
FN:18,(anonymous_2)
FN:73,(anonymous_3)
FN:86,(anonymous_4)
FN:134,(anonymous_5)
FNF:6
FNH:0
FNDA:0,TwoFAPage
FNDA:0,(anonymous_1)
FNDA:0,(anonymous_2)
FNDA:0,(anonymous_3)
FNDA:0,(anonymous_4)
FNDA:0,(anonymous_5)
DA:7,0
DA:8,0
DA:9,0
DA:10,0
DA:11,0
DA:13,0
DA:14,0
DA:15,0
DA:18,0
DA:19,0
DA:20,0
DA:21,0
DA:22,0
DA:23,0
DA:30,0
DA:31,0
DA:32,0
DA:35,0
DA:39,0
DA:41,0
DA:43,0
DA:46,0
DA:48,0
DA:52,0
DA:73,0
DA:86,0
DA:134,0
LF:27
LH:0
BRDA:14,0,0,0
BRDA:14,0,1,0
BRDA:15,1,0,0
BRDA:15,1,1,0
BRDA:30,2,0,0
BRDA:30,2,1,0
BRDA:32,3,0,0
BRDA:32,3,1,0
BRDA:39,4,0,0
BRDA:39,4,1,0
BRDA:46,5,0,0
BRDA:46,5,1,0
BRDA:94,6,0,0
BRDA:94,6,1,0
BRDA:109,7,0,0
BRDA:109,7,1,0
BRF:16
BRH:0
end_of_record
TN:
SF:apps/web/app/order-info/page.tsx
FN:24,OrderInfoPage
FN:31,(anonymous_1)
FN:38,(anonymous_2)
FN:167,(anonymous_3)
FNF:4
FNH:0
FNDA:0,OrderInfoPage
FNDA:0,(anonymous_1)
FNDA:0,(anonymous_2)
FNDA:0,(anonymous_3)
DA:25,0
DA:26,0
DA:27,0
DA:28,0
DA:29,0
DA:31,0
DA:32,0
DA:33,0
DA:34,0
DA:35,0
DA:38,0
DA:39,0
DA:40,0
DA:42,0
DA:43,0
DA:44,0
DA:46,0
DA:48,0
DA:51,0
DA:52,0
DA:54,0
DA:55,0
DA:57,0
DA:59,0
DA:63,0
DA:66,0
DA:67,0
DA:77,0
DA:78,0
DA:109,0
DA:110,0
DA:117,0
DA:168,0
LF:33
LH:0
BRDA:32,0,0,0
BRDA:32,0,1,0
BRDA:42,1,0,0
BRDA:42,1,1,0
BRDA:43,2,0,0
BRDA:43,2,1,0
BRDA:54,3,0,0
BRDA:54,3,1,0
BRDA:66,4,0,0
BRDA:66,4,1,0
BRDA:77,5,0,0
BRDA:77,5,1,0
BRDA:109,6,0,0
BRDA:109,6,1,0
BRF:14
BRH:0
end_of_record
TN:
SF:apps/web/app/orders/page.tsx
FN:8,PlaceholderPage
FN:13,(anonymous_1)
FNF:2
FNH:0
FNDA:0,PlaceholderPage
FNDA:0,(anonymous_1)
DA:9,0
DA:10,0
DA:11,0
DA:13,0
DA:14,0
DA:15,0
DA:17,0
DA:21,0
DA:22,0
DA:34,0
LF:10
LH:0
BRDA:14,0,0,0
BRDA:14,0,1,0
BRDA:21,1,0,0
BRDA:21,1,1,0
BRF:4
BRH:0
end_of_record
TN:
SF:apps/web/app/orders/[id]/page.tsx
FN:8,PlaceholderPage
FN:13,(anonymous_1)
FNF:2
FNH:0
FNDA:0,PlaceholderPage
FNDA:0,(anonymous_1)
DA:9,0
DA:10,0
DA:11,0
DA:13,0
DA:14,0
DA:15,0
DA:17,0
DA:21,0
DA:22,0
DA:34,0
LF:10
LH:0
BRDA:14,0,0,0
BRDA:14,0,1,0
BRDA:21,1,0,0
BRDA:21,1,1,0
BRF:4
BRH:0
end_of_record
TN:
SF:apps/web/app/products/page.tsx
FN:8,PlaceholderPage
FN:13,(anonymous_1)
FNF:2
FNH:0
FNDA:0,PlaceholderPage
FNDA:0,(anonymous_1)
DA:9,0
DA:10,0
DA:11,0
DA:13,0
DA:14,0
DA:15,0
DA:17,0
DA:21,0
DA:22,0
DA:34,0
LF:10
LH:0
BRDA:14,0,0,0
BRDA:14,0,1,0
BRDA:21,1,0,0
BRDA:21,1,1,0
BRF:4
BRH:0
end_of_record
TN:
SF:apps/web/app/products/[id]/page.tsx
FN:8,PlaceholderPage
FN:13,(anonymous_1)
FNF:2
FNH:0
FNDA:0,PlaceholderPage
FNDA:0,(anonymous_1)
DA:9,0
DA:10,0
DA:11,0
DA:13,0
DA:14,0
DA:15,0
DA:17,0
DA:21,0
DA:22,0
DA:34,0
LF:10
LH:0
BRDA:14,0,0,0
BRDA:14,0,1,0
BRDA:21,1,0,0
BRDA:21,1,1,0
BRF:4
BRH:0
end_of_record
TN:
SF:apps/web/app/profile/page.tsx
FN:8,PlaceholderPage
FN:13,(anonymous_1)
FNF:2
FNH:0
FNDA:0,PlaceholderPage
FNDA:0,(anonymous_1)
DA:9,0
DA:10,0
DA:11,0
DA:13,0
DA:14,0
DA:15,0
DA:17,0
DA:21,0
DA:22,0
DA:34,0
LF:10
LH:0
BRDA:14,0,0,0
BRDA:14,0,1,0
BRDA:21,1,0,0
BRDA:21,1,1,0
BRF:4
BRH:0
end_of_record
TN:
SF:apps/web/app/returns/page.tsx
FN:8,PlaceholderPage
FN:13,(anonymous_1)
FNF:2
FNH:0
FNDA:0,PlaceholderPage
FNDA:0,(anonymous_1)
DA:9,0
DA:10,0
DA:11,0
DA:13,0
DA:14,0
DA:15,0
DA:17,0
DA:21,0
DA:22,0
DA:34,0
LF:10
LH:0
BRDA:14,0,0,0
BRDA:14,0,1,0
BRDA:21,1,0,0
BRDA:21,1,1,0
BRF:4
BRH:0
end_of_record
TN:
SF:apps/web/app/search/page.tsx
FN:8,SearchPage
FN:13,(anonymous_1)
FNF:2
FNH:0
FNDA:0,SearchPage
FNDA:0,(anonymous_1)
DA:9,0
DA:10,0
DA:11,0
DA:13,0
DA:14,0
DA:15,0
DA:17,0
DA:21,0
DA:22,0
DA:34,0
LF:10
LH:0
BRDA:14,0,0,0
BRDA:14,0,1,0
BRDA:21,1,0,0
BRDA:21,1,1,0
BRF:4
BRH:0
end_of_record
TN:
SF:apps/web/app/settings/page.tsx
FN:8,PlaceholderPage
FN:13,(anonymous_1)
FNF:2
FNH:0
FNDA:0,PlaceholderPage
FNDA:0,(anonymous_1)
DA:9,0
DA:10,0
DA:11,0
DA:13,0
DA:14,0
DA:15,0
DA:17,0
DA:21,0
DA:22,0
DA:34,0
LF:10
LH:0
BRDA:14,0,0,0
BRDA:14,0,1,0
BRDA:21,1,0,0
BRDA:21,1,1,0
BRF:4
BRH:0
end_of_record
TN:
SF:apps/web/app/shipments/page.tsx
FN:8,PlaceholderPage
FN:13,(anonymous_1)
FNF:2
FNH:0
FNDA:0,PlaceholderPage
FNDA:0,(anonymous_1)
DA:9,0
DA:10,0
DA:11,0
DA:13,0
DA:14,0
DA:15,0
DA:17,0
DA:21,0
DA:22,0
DA:34,0
LF:10
LH:0
BRDA:14,0,0,0
BRDA:14,0,1,0
BRDA:21,1,0,0
BRDA:21,1,1,0
BRF:4
BRH:0
end_of_record
TN:
SF:apps/web/app/shipments/[id]/page.tsx
FN:8,PlaceholderPage
FN:13,(anonymous_1)
FNF:2
FNH:0
FNDA:0,PlaceholderPage
FNDA:0,(anonymous_1)
DA:9,0
DA:10,0
DA:11,0
DA:13,0
DA:14,0
DA:15,0
DA:17,0
DA:21,0
DA:22,0
DA:34,0
LF:10
LH:0
BRDA:14,0,0,0
BRDA:14,0,1,0
BRDA:21,1,0,0
BRDA:21,1,1,0
BRF:4
BRH:0
end_of_record
TN:
SF:apps/web/app/stores/page.tsx
FN:8,PlaceholderPage
FN:13,(anonymous_1)
FNF:2
FNH:0
FNDA:0,PlaceholderPage
FNDA:0,(anonymous_1)
DA:9,0
DA:10,0
DA:11,0
DA:13,0
DA:14,0
DA:15,0
DA:17,0
DA:21,0
DA:22,0
DA:34,0
LF:10
LH:0
BRDA:14,0,0,0
BRDA:14,0,1,0
BRDA:21,1,0,0
BRDA:21,1,1,0
BRF:4
BRH:0
end_of_record
TN:
SF:apps/web/app/support/page.tsx
FN:8,PlaceholderPage
FN:13,(anonymous_1)
FNF:2
FNH:0
FNDA:0,PlaceholderPage
FNDA:0,(anonymous_1)
DA:9,0
DA:10,0
DA:11,0
DA:13,0
DA:14,0
DA:15,0
DA:17,0
DA:21,0
DA:22,0
DA:34,0
LF:10
LH:0
BRDA:14,0,0,0
BRDA:14,0,1,0
BRDA:21,1,0,0
BRDA:21,1,1,0
BRF:4
BRH:0
end_of_record
TN:
SF:apps/web/app/tenants/page.tsx
FN:8,PlaceholderPage
FN:13,(anonymous_1)
FNF:2
FNH:0
FNDA:0,PlaceholderPage
FNDA:0,(anonymous_1)
DA:9,0
DA:10,0
DA:11,0
DA:13,0
DA:14,0
DA:15,0
DA:17,0
DA:21,0
DA:22,0
DA:34,0
LF:10
LH:0
BRDA:14,0,0,0
BRDA:14,0,1,0
BRDA:21,1,0,0
BRDA:21,1,1,0
BRF:4
BRH:0
end_of_record
TN:
SF:apps/web/app/tenants/[id]/page.tsx
FN:8,PlaceholderPage
FN:13,(anonymous_1)
FNF:2
FNH:0
FNDA:0,PlaceholderPage
FNDA:0,(anonymous_1)
DA:9,0
DA:10,0
DA:11,0
DA:13,0
DA:14,0
DA:15,0
DA:17,0
DA:21,0
DA:22,0
DA:34,0
LF:10
LH:0
BRDA:14,0,0,0
BRDA:14,0,1,0
BRDA:21,1,0,0
BRDA:21,1,1,0
BRF:4
BRH:0
end_of_record
TN:
SF:apps/web/app/tenants/create/page.tsx
FN:8,PlaceholderPage
FN:13,(anonymous_1)
FNF:2
FNH:0
FNDA:0,PlaceholderPage
FNDA:0,(anonymous_1)
DA:9,0
DA:10,0
DA:11,0
DA:13,0
DA:14,0
DA:15,0
DA:17,0
DA:21,0
DA:22,0
DA:34,0
LF:10
LH:0
BRDA:14,0,0,0
BRDA:14,0,1,0
BRDA:21,1,0,0
BRDA:21,1,1,0
BRF:4
BRH:0
end_of_record
TN:
SF:apps/web/app/users/page.tsx
FN:8,PlaceholderPage
FN:13,(anonymous_1)
FNF:2
FNH:0
FNDA:0,PlaceholderPage
FNDA:0,(anonymous_1)
DA:9,0
DA:10,0
DA:11,0
DA:13,0
DA:14,0
DA:15,0
DA:17,0
DA:21,0
DA:22,0
DA:34,0
LF:10
LH:0
BRDA:14,0,0,0
BRDA:14,0,1,0
BRDA:21,1,0,0
BRDA:21,1,1,0
BRF:4
BRH:0
end_of_record
TN:
SF:apps/web/app/users/[id]/page.tsx
FN:8,PlaceholderPage
FN:13,(anonymous_1)
FNF:2
FNH:0
FNDA:0,PlaceholderPage
FNDA:0,(anonymous_1)
DA:9,0
DA:10,0
DA:11,0
DA:13,0
DA:14,0
DA:15,0
DA:17,0
DA:21,0
DA:22,0
DA:34,0
LF:10
LH:0
BRDA:14,0,0,0
BRDA:14,0,1,0
BRDA:21,1,0,0
BRDA:21,1,1,0
BRF:4
BRH:0
end_of_record
TN:
SF:apps/web/app/users/create/page.tsx
FN:8,PlaceholderPage
FN:13,(anonymous_1)
FNF:2
FNH:0
FNDA:0,PlaceholderPage
FNDA:0,(anonymous_1)
DA:9,0
DA:10,0
DA:11,0
DA:13,0
DA:14,0
DA:15,0
DA:17,0
DA:21,0
DA:22,0
DA:34,0
LF:10
LH:0
BRDA:14,0,0,0
BRDA:14,0,1,0
BRDA:21,1,0,0
BRDA:21,1,1,0
BRF:4
BRH:0
end_of_record
TN:
SF:apps/web/components/AuthProvider.tsx
FN:11,AuthProvider
FN:16,(anonymous_1)
FN:20,(anonymous_2)
FN:52,(anonymous_3)
FN:61,(anonymous_4)
FN:106,(anonymous_5)
FN:112,(anonymous_6)
FN:133,(anonymous_7)
FN:149,(anonymous_8)
FNF:9
FNH:0
FNDA:0,AuthProvider
FNDA:0,(anonymous_1)
FNDA:0,(anonymous_2)
FNDA:0,(anonymous_3)
FNDA:0,(anonymous_4)
FNDA:0,(anonymous_5)
FNDA:0,(anonymous_6)
FNDA:0,(anonymous_7)
FNDA:0,(anonymous_8)
DA:9,0
DA:12,0
DA:13,0
DA:14,0
DA:16,0
DA:17,0
DA:20,0
DA:21,0
DA:23,0
DA:31,0
DA:32,0
DA:33,0
DA:36,0
DA:37,0
DA:41,0
DA:42,0
DA:54,0
DA:55,0
DA:57,0
DA:61,0
DA:62,0
DA:63,0
DA:72,0
DA:73,0
DA:74,0
DA:77,0
DA:79,0
DA:81,0
DA:82,0
DA:83,0
DA:86,0
DA:91,0
DA:92,0
DA:95,0
DA:96,0
DA:108,0
DA:112,0
DA:114,0
DA:115,0
DA:124,0
DA:125,0
DA:137,0
DA:138,0
DA:139,0
DA:142,0
DA:149,0
DA:150,0
DA:151,0
DA:152,0
DA:154,0
LF:50
LH:0
BRDA:31,0,0,0
BRDA:31,0,1,0
BRDA:41,1,0,0
BRDA:41,1,1,0
BRDA:47,2,0,0
BRDA:47,2,1,0
BRDA:48,3,0,0
BRDA:48,3,1,0
BRDA:72,4,0,0
BRDA:72,4,1,0
BRDA:74,5,0,0
BRDA:74,5,1,0
BRDA:74,5,2,0
BRDA:79,6,0,0
BRDA:79,6,1,0
BRDA:81,7,0,0
BRDA:81,7,1,0
BRDA:82,8,0,0
BRDA:82,8,1,0
BRDA:95,9,0,0
BRDA:95,9,1,0
BRDA:101,10,0,0
BRDA:101,10,1,0
BRDA:102,11,0,0
BRDA:102,11,1,0
BRDA:124,12,0,0
BRDA:124,12,1,0
BRDA:130,13,0,0
BRDA:130,13,1,0
BRDA:151,14,0,0
BRDA:151,14,1,0
BRF:31
BRH:0
end_of_record
TN:
SF:apps/web/components/CalendarWidget.tsx
FN:20,CalendarWidget
FN:26,(anonymous_1)
FN:30,(anonymous_2)
FN:54,(anonymous_3)
FN:59,(anonymous_4)
FN:60,(anonymous_5)
FN:65,(anonymous_6)
FN:68,(anonymous_7)
FN:69,(anonymous_8)
FN:93,(anonymous_9)
FN:143,(anonymous_10)
FN:164,(anonymous_11)
FNF:12
FNH:0
FNDA:0,CalendarWidget
FNDA:0,(anonymous_1)
FNDA:0,(anonymous_2)
FNDA:0,(anonymous_3)
FNDA:0,(anonymous_4)
FNDA:0,(anonymous_5)
FNDA:0,(anonymous_6)
FNDA:0,(anonymous_7)
FNDA:0,(anonymous_8)
FNDA:0,(anonymous_9)
FNDA:0,(anonymous_10)
FNDA:0,(anonymous_11)
DA:18,0
DA:21,0
DA:22,0
DA:23,0
DA:24,0
DA:26,0
DA:27,0
DA:30,0
DA:31,0
DA:32,0
DA:37,0
DA:38,0
DA:42,0
DA:43,0
DA:47,0
DA:48,0
DA:50,0
DA:54,0
DA:55,0
DA:56,0
DA:57,0
DA:59,0
DA:60,0
DA:62,0
DA:65,0
DA:66,0
DA:67,0
DA:68,0
DA:69,0
DA:73,0
DA:74,0
DA:87,0
DA:88,0
DA:94,0
DA:95,0
DA:106,0
DA:107,0
DA:109,0
DA:144,0
DA:165,0
LF:40
LH:0
BRDA:37,0,0,0
BRDA:37,0,1,0
BRDA:37,1,0,0
BRDA:37,1,1,0
BRDA:42,2,0,0
BRDA:42,2,1,0
BRDA:43,3,0,0
BRDA:43,3,1,0
BRDA:60,4,0,0
BRDA:60,4,1,0
BRDA:73,5,0,0
BRDA:73,5,1,0
BRDA:87,6,0,0
BRDA:87,6,1,0
BRDA:124,7,0,0
BRDA:124,7,1,0
BRDA:128,8,0,0
BRDA:128,8,1,0
BRDA:151,9,0,0
BRDA:151,9,1,0
BRDA:160,10,0,0
BRDA:160,10,1,0
BRF:22
BRH:0
end_of_record
TN:
SF:apps/web/components/ClientLayout.tsx
FN:12,ClientLayout
FN:50,(anonymous_1)
FN:69,(anonymous_2)
FN:116,(anonymous_3)
FN:118,(anonymous_4)
FNF:5
FNH:0
FNDA:0,ClientLayout
FNDA:0,(anonymous_1)
FNDA:0,(anonymous_2)
FNDA:0,(anonymous_3)
FNDA:0,(anonymous_4)
DA:13,0
DA:14,0
DA:15,0
DA:16,0
DA:17,0
DA:19,0
DA:20,0
DA:31,0
DA:32,0
DA:42,0
DA:50,0
DA:69,0
DA:116,0
DA:118,0
LF:14
LH:0
BRDA:19,0,0,0
BRDA:19,0,1,0
BRDA:31,1,0,0
BRDA:31,1,1,0
BRDA:122,2,0,0
BRDA:122,2,1,0
BRF:6
BRH:0
end_of_record
TN:
SF:apps/web/components/ErrorBoundary.tsx
FN:22,(anonymous_0)
FN:27,(anonymous_1)
FN:35,(anonymous_2)
FN:57,(anonymous_3)
FN:75,(anonymous_4)
FN:90,(anonymous_5)
FN:99,(anonymous_6)
FN:108,(anonymous_7)
FN:119,(anonymous_8)
FN:123,(anonymous_9)
FN:127,(anonymous_10)
FNF:11
FNH:0
FNDA:0,(anonymous_0)
FNDA:0,(anonymous_1)
FNDA:0,(anonymous_2)
FNDA:0,(anonymous_3)
FNDA:0,(anonymous_4)
FNDA:0,(anonymous_5)
FNDA:0,(anonymous_6)
FNDA:0,(anonymous_7)
FNDA:0,(anonymous_8)
FNDA:0,(anonymous_9)
FNDA:0,(anonymous_10)
DA:19,0
DA:20,0
DA:23,0
DA:24,0
DA:28,0
DA:36,0
DA:39,0
DA:53,0
DA:56,0
DA:57,0
DA:59,0
DA:63,0
DA:70,0
DA:71,0
DA:76,0
DA:77,0
DA:86,0
DA:91,0
DA:92,0
DA:93,0
DA:95,0
DA:100,0
DA:101,0
DA:102,0
DA:104,0
DA:108,0
DA:109,0
DA:110,0
DA:111,0
DA:114,0
DA:115,0
DA:119,0
DA:120,0
DA:123,0
DA:124,0
DA:128,0
DA:129,0
DA:130,0
DA:133,0
DA:135,0
DA:212,0
LF:41
LH:0
BRDA:36,0,0,0
BRDA:36,0,1,0
BRDA:45,1,0,0
BRDA:45,1,1,0
BRDA:46,2,0,0
BRDA:46,2,1,0
BRDA:56,3,0,0
BRDA:56,3,1,0
BRDA:70,4,0,0
BRDA:70,4,1,0
BRDA:93,5,0,0
BRDA:93,5,1,0
BRDA:102,6,0,0
BRDA:102,6,1,0
BRDA:109,7,0,0
BRDA:109,7,1,0
BRDA:128,8,0,0
BRDA:128,8,1,0
BRDA:129,9,0,0
BRDA:129,9,1,0
BRDA:159,10,0,0
BRDA:159,10,1,0
BRDA:162,11,0,0
BRDA:162,11,1,0
BRDA:169,12,0,0
BRDA:169,12,1,0
BRDA:191,13,0,0
BRDA:191,13,1,0
BRDA:191,13,2,0
BRDA:199,14,0,0
BRDA:199,14,1,0
BRF:31
BRH:0
end_of_record
TN:
SF:apps/web/components/ProtectedRoute.tsx
FN:12,ProtectedRoute
FN:16,(anonymous_1)
FNF:2
FNH:0
FNDA:0,ProtectedRoute
FNDA:0,(anonymous_1)
DA:13,0
DA:14,0
DA:16,0
DA:17,0
DA:18,0
DA:22,0
DA:23,0
DA:33,0
DA:34,0
DA:43,0
LF:10
LH:0
BRDA:17,0,0,0
BRDA:17,0,1,0
BRDA:17,1,0,0
BRDA:17,1,1,0
BRDA:22,2,0,0
BRDA:22,2,1,0
BRDA:33,3,0,0
BRDA:33,3,1,0
BRDA:34,4,0,0
BRDA:34,4,1,0
BRF:10
BRH:0
end_of_record
TN:
SF:apps/web/components/QueryProvider.tsx
FN:7,QueryProvider
FN:9,(anonymous_1)
FN:15,(anonymous_2)
FNF:3
FNH:0
FNDA:0,QueryProvider
FNDA:0,(anonymous_1)
FNDA:0,(anonymous_2)
DA:8,0
DA:10,0
DA:17,0
DA:18,0
DA:20,0
DA:21,0
DA:23,0
DA:33,0
LF:8
LH:0
BRDA:17,0,0,0
BRDA:17,0,1,0
BRDA:17,1,0,0
BRDA:17,1,1,0
BRDA:20,2,0,0
BRDA:20,2,1,0
BRDA:20,3,0,0
BRDA:20,3,1,0
BRF:8
BRH:0
end_of_record
TN:
SF:apps/web/components/Sidebar.tsx
FN:15,Sidebar
FN:48,(anonymous_1)
FN:56,(anonymous_2)
FN:61,(anonymous_3)
FN:62,(anonymous_4)
FN:64,(anonymous_5)
FN:69,(anonymous_6)
FN:70,(anonymous_7)
FN:81,(anonymous_8)
FN:189,(anonymous_9)
FN:212,(anonymous_10)
FN:235,(anonymous_11)
FN:258,(anonymous_12)
FNF:13
FNH:0
FNDA:0,Sidebar
FNDA:0,(anonymous_1)
FNDA:0,(anonymous_2)
FNDA:0,(anonymous_3)
FNDA:0,(anonymous_4)
FNDA:0,(anonymous_5)
FNDA:0,(anonymous_6)
FNDA:0,(anonymous_7)
FNDA:0,(anonymous_8)
FNDA:0,(anonymous_9)
FNDA:0,(anonymous_10)
FNDA:0,(anonymous_11)
FNDA:0,(anonymous_12)
DA:16,0
DA:17,0
DA:18,0
DA:20,0
DA:27,0
DA:37,0
DA:42,0
DA:48,0
DA:49,0
DA:50,0
DA:51,0
DA:52,0
DA:56,0
DA:57,0
DA:58,0
DA:61,0
DA:62,0
DA:63,0
DA:64,0
DA:69,0
DA:70,0
DA:71,0
DA:72,0
DA:81,0
DA:91,0
DA:189,0
DA:212,0
DA:235,0
DA:258,0
LF:29
LH:0
BRDA:15,0,0,0
BRDA:49,1,0,0
BRDA:49,1,1,0
BRDA:49,1,2,0
BRDA:57,2,0,0
BRDA:57,2,1,0
BRDA:63,3,0,0
BRDA:63,3,1,0
BRDA:71,4,0,0
BRDA:71,4,1,0
BRDA:71,5,0,0
BRDA:71,5,1,0
BRDA:71,6,0,0
BRDA:71,6,1,0
BRDA:77,7,0,0
BRDA:77,7,1,0
BRDA:80,8,0,0
BRDA:80,8,1,0
BRDA:82,9,0,0
BRDA:82,9,1,0
BRDA:85,10,0,0
BRDA:85,10,1,0
BRDA:94,11,0,0
BRDA:94,11,1,0
BRDA:104,12,0,0
BRDA:104,12,1,0
BRDA:106,13,0,0
BRDA:106,13,1,0
BRDA:111,14,0,0
BRDA:111,14,1,0
BRDA:113,15,0,0
BRDA:113,15,1,0
BRDA:118,16,0,0
BRDA:118,16,1,0
BRDA:124,17,0,0
BRDA:124,17,1,0
BRDA:128,18,0,0
BRDA:128,18,1,0
BRDA:131,19,0,0
BRDA:131,19,1,0
BRDA:157,20,0,0
BRDA:157,20,1,0
BRDA:165,21,0,0
BRDA:165,21,1,0
BRDA:194,22,0,0
BRDA:194,22,1,0
BRDA:202,23,0,0
BRDA:202,23,1,0
BRDA:217,24,0,0
BRDA:217,24,1,0
BRDA:225,25,0,0
BRDA:225,25,1,0
BRDA:240,26,0,0
BRDA:240,26,1,0
BRDA:248,27,0,0
BRDA:248,27,1,0
BRDA:263,28,0,0
BRDA:263,28,1,0
BRDA:271,29,0,0
BRDA:271,29,1,0
BRF:60
BRH:0
end_of_record
TN:
SF:apps/web/components/ThemeProvider.tsx
FN:6,ThemeProvider
FNF:1
FNH:0
FNDA:0,ThemeProvider
DA:7,0
LF:1
LH:0
BRF:0
BRH:0
end_of_record
TN:
SF:apps/web/components/ThemeToggle.tsx
FN:6,ThemeToggle
FN:10,(anonymous_1)
FN:24,(anonymous_2)
FNF:3
FNH:0
FNDA:0,ThemeToggle
FNDA:0,(anonymous_1)
FNDA:0,(anonymous_2)
DA:7,0
DA:8,0
DA:10,0
DA:11,0
DA:14,0
DA:15,0
DA:22,0
DA:24,0
LF:8
LH:0
BRDA:14,0,0,0
BRDA:14,0,1,0
BRDA:24,1,0,0
BRDA:24,1,1,0
BRDA:26,2,0,0
BRDA:26,2,1,0
BRDA:28,3,0,0
BRDA:28,3,1,0
BRF:8
BRH:0
end_of_record
TN:
SF:apps/web/components/error-boundary.tsx
FN:17,(anonymous_0)
FN:22,(anonymous_1)
FN:26,(anonymous_2)
FN:46,(anonymous_3)
FN:79,(anonymous_4)
FNF:5
FNH:0
FNDA:0,(anonymous_0)
FNDA:0,(anonymous_1)
FNDA:0,(anonymous_2)
FNDA:0,(anonymous_3)
FNDA:0,(anonymous_4)
DA:18,0
DA:19,0
DA:23,0
DA:28,0
DA:29,0
DA:32,0
DA:35,0
DA:47,0
DA:48,0
DA:49,0
DA:52,0
DA:79,0
DA:101,0
LF:13
LH:0
BRDA:32,0,0,0
BRDA:32,0,1,0
BRDA:47,1,0,0
BRDA:47,1,1,0
BRDA:48,2,0,0
BRDA:48,2,1,0
BRDA:85,3,0,0
BRDA:85,3,1,0
BRDA:85,3,2,0
BRF:9
BRH:0
end_of_record
TN:
SF:apps/web/components/loading.tsx
FN:9,(anonymous_0)
FN:52,(anonymous_1)
FN:58,(anonymous_2)
FNF:3
FNH:0
FNDA:0,(anonymous_0)
FNDA:0,(anonymous_1)
FNDA:0,(anonymous_2)
DA:9,0
DA:14,0
DA:20,0
DA:52,0
DA:53,0
DA:58,0
DA:59,0
LF:7
LH:0
BRDA:10,0,0,0
BRDA:11,1,0,0
BRDA:12,2,0,0
BRDA:43,3,0,0
BRDA:43,3,1,0
BRDA:52,4,0,0
BRDA:58,5,0,0
BRF:7
BRH:0
end_of_record
TN:
SF:apps/web/components/forms/FormCheckbox.tsx
FN:12,(anonymous_0)
FNF:1
FNH:0
FNDA:0,(anonymous_0)
DA:11,0
DA:13,0
DA:44,0
LF:3
LH:0
BRDA:21,0,0,0
BRDA:21,0,1,0
BRDA:26,1,0,0
BRDA:26,1,1,0
BRDA:29,2,0,0
BRDA:29,2,1,0
BRDA:33,3,0,0
BRDA:33,3,1,0
BRDA:36,4,0,0
BRDA:36,4,1,0
BRDA:36,4,2,0
BRF:11
BRH:0
end_of_record
TN:
SF:apps/web/components/forms/FormField.tsx
FN:12,(anonymous_0)
FNF:1
FNH:0
FNDA:0,(anonymous_0)
DA:11,0
DA:13,0
DA:41,0
LF:3
LH:0
BRDA:15,0,0,0
BRDA:15,0,1,0
BRDA:18,1,0,0
BRDA:18,1,1,0
BRDA:25,2,0,0
BRDA:25,2,1,0
BRDA:30,3,0,0
BRDA:30,3,1,0
BRDA:33,4,0,0
BRDA:33,4,1,0
BRDA:33,4,2,0
BRF:11
BRH:0
end_of_record
TN:
SF:apps/web/components/forms/FormSelect.tsx
FN:14,(anonymous_0)
FN:37,(anonymous_1)
FNF:2
FNH:0
FNDA:0,(anonymous_0)
FNDA:0,(anonymous_1)
DA:13,0
DA:15,0
DA:38,0
DA:54,0
LF:4
LH:0
BRDA:17,0,0,0
BRDA:17,0,1,0
BRDA:20,1,0,0
BRDA:20,1,1,0
BRDA:27,2,0,0
BRDA:27,2,1,0
BRDA:32,3,0,0
BRDA:32,3,1,0
BRDA:43,4,0,0
BRDA:43,4,1,0
BRDA:46,5,0,0
BRDA:46,5,1,0
BRDA:46,5,2,0
BRF:13
BRH:0
end_of_record
TN:
SF:apps/web/components/forms/FormTextarea.tsx
FN:12,(anonymous_0)
FNF:1
FNH:0
FNDA:0,(anonymous_0)
DA:11,0
DA:13,0
DA:41,0
LF:3
LH:0
BRDA:15,0,0,0
BRDA:15,0,1,0
BRDA:18,1,0,0
BRDA:18,1,1,0
BRDA:25,2,0,0
BRDA:25,2,1,0
BRDA:30,3,0,0
BRDA:30,3,1,0
BRDA:33,4,0,0
BRDA:33,4,1,0
BRDA:33,4,2,0
BRF:11
BRH:0
end_of_record
TN:
SF:apps/web/components/settings/EmailSettings.tsx
FN:5,EmailSettings
FN:14,(anonymous_1)
FN:25,(anonymous_2)
FN:25,(anonymous_3)
FN:35,(anonymous_4)
FN:35,(anonymous_5)
FNF:6
FNH:0
FNDA:0,EmailSettings
FNDA:0,(anonymous_1)
FNDA:0,(anonymous_2)
FNDA:0,(anonymous_3)
FNDA:0,(anonymous_4)
FNDA:0,(anonymous_5)
DA:6,0
DA:14,0
DA:18,0
DA:25,0
DA:35,0
LF:5
LH:0
BRF:0
BRH:0
end_of_record
TN:
SF:apps/web/components/settings/GeneralSettings.tsx
FN:5,GeneralSettings
FN:19,(anonymous_1)
FN:19,(anonymous_2)
FNF:3
FNH:0
FNDA:0,GeneralSettings
FNDA:0,(anonymous_1)
FNDA:0,(anonymous_2)
DA:6,0
DA:12,0
DA:19,0
LF:3
LH:0
BRF:0
BRH:0
end_of_record
TN:
SF:apps/web/components/settings/NotificationSettings.tsx
FN:5,NotificationSettings
FNF:1
FNH:0
FNDA:0,NotificationSettings
DA:6,0
DA:13,0
LF:2
LH:0
BRF:0
BRH:0
end_of_record
TN:
SF:apps/web/components/tables/CustomersTable.tsx
FN:47,CustomersTable
FN:55,(anonymous_1)
FN:64,(anonymous_2)
FN:73,(anonymous_3)
FN:82,(anonymous_4)
FN:91,(anonymous_5)
FN:136,(anonymous_6)
FN:146,(anonymous_7)
FN:148,(anonymous_8)
FN:163,(anonymous_9)
FN:165,(anonymous_10)
FN:191,(anonymous_11)
FN:199,(anonymous_12)
FNF:13
FNH:0
FNDA:0,CustomersTable
FNDA:0,(anonymous_1)
FNDA:0,(anonymous_2)
FNDA:0,(anonymous_3)
FNDA:0,(anonymous_4)
FNDA:0,(anonymous_5)
FNDA:0,(anonymous_6)
FNDA:0,(anonymous_7)
FNDA:0,(anonymous_8)
FNDA:0,(anonymous_9)
FNDA:0,(anonymous_10)
FNDA:0,(anonymous_11)
FNDA:0,(anonymous_12)
DA:48,0
DA:49,0
DA:51,0
DA:56,0
DA:65,0
DA:74,0
DA:83,0
DA:92,0
DA:93,0
DA:102,0
DA:117,0
DA:118,0
DA:130,0
DA:137,0
DA:147,0
DA:149,0
DA:164,0
DA:166,0
DA:191,0
DA:199,0
LF:20
LH:0
BRDA:47,0,0,0
BRDA:57,1,0,0
BRDA:57,1,1,0
BRDA:66,2,0,0
BRDA:66,2,1,0
BRDA:75,3,0,0
BRDA:75,3,1,0
BRDA:84,4,0,0
BRDA:84,4,1,0
BRDA:92,5,0,0
BRDA:92,5,1,0
BRDA:94,6,0,0
BRDA:94,6,1,0
BRDA:117,7,0,0
BRDA:117,7,1,0
BRDA:135,8,0,0
BRDA:135,8,1,0
BRDA:150,9,0,0
BRDA:150,9,1,0
BRDA:162,10,0,0
BRDA:162,10,1,0
BRF:21
BRH:0
end_of_record
TN:
SF:apps/web/components/tables/DataTable.tsx
FN:35,DataTable
FN:96,(anonymous_1)
FN:110,(anonymous_2)
FN:112,(anonymous_3)
FN:130,(anonymous_4)
FN:135,(anonymous_5)
FN:173,(anonymous_6)
FN:183,(anonymous_7)
FNF:8
FNH:0
FNDA:0,DataTable
FNDA:0,(anonymous_1)
FNDA:0,(anonymous_2)
FNDA:0,(anonymous_3)
FNDA:0,(anonymous_4)
FNDA:0,(anonymous_5)
FNDA:0,(anonymous_6)
FNDA:0,(anonymous_7)
DA:45,0
DA:46,0
DA:47,0
DA:48,0
DA:50,0
DA:69,0
DA:70,0
DA:77,0
DA:78,0
DA:88,0
DA:97,0
DA:98,0
DA:111,0
DA:113,0
DA:131,0
DA:136,0
DA:173,0
DA:183,0
LF:18
LH:0
BRDA:38,0,0,0
BRDA:41,1,0,0
BRDA:69,2,0,0
BRDA:69,2,1,0
BRDA:77,3,0,0
BRDA:77,3,1,0
BRDA:91,4,0,0
BRDA:91,4,1,0
BRDA:91,4,2,0
BRDA:95,5,0,0
BRDA:95,5,1,0
BRDA:117,6,0,0
BRDA:117,6,1,0
BRDA:129,7,0,0
BRDA:129,7,1,0
BRDA:164,8,0,0
BRDA:164,8,1,0
BRF:17
BRH:0
end_of_record
TN:
SF:apps/web/components/tables/OrdersTable.tsx
FN:9,(anonymous_0)
FN:21,(anonymous_1)
FN:50,OrdersTable
FN:64,(anonymous_3)
FN:73,(anonymous_4)
FN:90,(anonymous_5)
FN:103,(anonymous_6)
FN:116,(anonymous_7)
FN:128,(anonymous_8)
FN:136,(anonymous_9)
FN:145,(anonymous_10)
FN:154,(anonymous_11)
FN:174,(anonymous_12)
FN:175,(anonymous_13)
FNF:14
FNH:0
FNDA:0,(anonymous_0)
FNDA:0,(anonymous_1)
FNDA:0,OrdersTable
FNDA:0,(anonymous_3)
FNDA:0,(anonymous_4)
FNDA:0,(anonymous_5)
FNDA:0,(anonymous_6)
FNDA:0,(anonymous_7)
FNDA:0,(anonymous_8)
FNDA:0,(anonymous_9)
FNDA:0,(anonymous_10)
FNDA:0,(anonymous_11)
FNDA:0,(anonymous_12)
FNDA:0,(anonymous_13)
DA:9,0
DA:10,0
DA:11,0
DA:12,0
DA:13,0
DA:14,0
DA:15,0
DA:16,0
DA:17,0
DA:21,0
DA:22,0
DA:23,0
DA:24,0
DA:25,0
DA:26,0
DA:27,0
DA:28,0
DA:29,0
DA:60,0
DA:65,0
DA:74,0
DA:75,0
DA:91,0
DA:92,0
DA:104,0
DA:105,0
DA:106,0
DA:117,0
DA:118,0
DA:129,0
DA:130,0
DA:136,0
DA:145,0
DA:154,0
DA:166,0
LF:35
LH:0
BRDA:10,0,0,0
BRDA:10,0,1,0
BRDA:10,0,2,0
BRDA:10,0,3,0
BRDA:10,0,4,0
BRDA:10,0,5,0
BRDA:10,0,6,0
BRDA:22,1,0,0
BRDA:22,1,1,0
BRDA:22,1,2,0
BRDA:22,1,3,0
BRDA:22,1,4,0
BRDA:22,1,5,0
BRDA:22,1,6,0
BRDA:78,2,0,0
BRDA:78,2,1,0
BRDA:105,3,0,0
BRDA:105,3,1,0
BRDA:132,4,0,0
BRDA:132,4,1,0
BRDA:141,5,0,0
BRDA:141,5,1,0
BRDA:150,6,0,0
BRDA:150,6,1,0
BRDA:170,7,0,0
BRDA:170,7,1,0
BRDA:171,8,0,0
BRDA:171,8,1,0
BRDA:174,9,0,0
BRDA:174,9,1,0
BRDA:175,10,0,0
BRDA:175,10,1,0
BRF:32
BRH:0
end_of_record
TN:
SF:apps/web/components/ui/badge.tsx
FN:7,Badge
FNF:1
FNH:0
FNDA:0,Badge
DA:8,0
LF:1
LH:0
BRDA:7,0,0,0
BRF:1
BRH:0
end_of_record
TN:
SF:apps/web/components/ui/button.tsx
FN:37,(anonymous_0)
FNF:1
FNH:0
FNDA:0,(anonymous_0)
DA:4,0
DA:36,0
DA:38,0
DA:47,0
LF:4
LH:0
BRDA:37,0,0,0
BRF:1
BRH:0
end_of_record
TN:
SF:apps/web/components/ui/card.tsx
FN:6,(anonymous_0)
FN:21,(anonymous_1)
FN:36,(anonymous_2)
FN:51,(anonymous_3)
FN:66,(anonymous_4)
FN:81,(anonymous_5)
FNF:6
FNH:0
FNDA:0,(anonymous_0)
FNDA:0,(anonymous_1)
FNDA:0,(anonymous_2)
FNDA:0,(anonymous_3)
FNDA:0,(anonymous_4)
FNDA:0,(anonymous_5)
DA:3,0
DA:7,0
DA:16,0
DA:18,0
DA:22,0
DA:31,0
DA:33,0
DA:37,0
DA:46,0
DA:48,0
DA:52,0
DA:61,0
DA:63,0
DA:67,0
DA:76,0
DA:78,0
DA:82,0
DA:91,0
LF:18
LH:0
BRF:0
BRH:0
end_of_record
TN:
SF:apps/web/components/ui/input.tsx
FN:7,(anonymous_0)
FNF:1
FNH:0
FNDA:0,(anonymous_0)
DA:6,0
DA:8,0
DA:21,0
LF:3
LH:0
BRF:0
BRH:0
end_of_record
TN:
SF:apps/web/components/ui/label.tsx
FN:6,(anonymous_0)
FNF:1
FNH:0
FNDA:0,(anonymous_0)
DA:3,0
DA:7,0
DA:13,0
LF:3
LH:0
BRDA:6,0,0,0
BRF:1
BRH:0
end_of_record
TN:
SF:apps/web/components/ui/loading.tsx
FN:8,LoadingSpinner
FN:32,LoadingState
FN:53,Skeleton
FN:68,TableSkeleton
FN:71,(anonymous_4)
FN:73,(anonymous_5)
FN:83,CardSkeleton
FN:94,ListSkeleton
FN:97,(anonymous_8)
FNF:9
FNH:0
FNDA:0,LoadingSpinner
FNDA:0,LoadingState
FNDA:0,Skeleton
FNDA:0,TableSkeleton
FNDA:0,(anonymous_4)
FNDA:0,(anonymous_5)
FNDA:0,CardSkeleton
FNDA:0,ListSkeleton
FNDA:0,(anonymous_8)
DA:9,0
DA:15,0
DA:37,0
DA:54,0
DA:69,0
DA:72,0
DA:74,0
DA:84,0
DA:95,0
DA:98,0
LF:10
LH:0
BRDA:8,0,0,0
BRDA:33,1,0,0
BRDA:34,2,0,0
BRDA:68,3,0,0
BRDA:68,4,0,0
BRDA:94,5,0,0
BRF:6
BRH:0
end_of_record
TN:
SF:apps/web/components/ui/switch.tsx
FN:7,(anonymous_0)
FNF:1
FNH:0
FNDA:0,(anonymous_0)
DA:4,0
DA:8,0
DA:18,0
LF:3
LH:0
BRDA:7,0,0,0
BRF:1
BRH:0
end_of_record
TN:
SF:apps/web/components/ui/tabs.tsx
FN:9,(anonymous_0)
FN:21,(anonymous_1)
FN:33,(anonymous_2)
FNF:3
FNH:0
FNDA:0,(anonymous_0)
FNDA:0,(anonymous_1)
FNDA:0,(anonymous_2)
DA:4,0
DA:6,0
DA:10,0
DA:16,0
DA:18,0
DA:22,0
DA:28,0
DA:30,0
DA:34,0
DA:40,0
LF:10
LH:0
BRDA:9,0,0,0
BRDA:21,1,0,0
BRDA:33,2,0,0
BRF:3
BRH:0
end_of_record
TN:
SF:apps/web/components/ui/textarea.tsx
FN:7,(anonymous_0)
FNF:1
FNH:0
FNDA:0,(anonymous_0)
DA:6,0
DA:8,0
DA:17,0
LF:3
LH:0
BRDA:7,0,0,0
BRF:1
BRH:0
end_of_record
TN:
SF:apps/web/contexts/AppContext.tsx
FN:48,appReducer
FN:68,(anonymous_1)
FN:96,AppProvider
FN:100,(anonymous_3)
FN:104,(anonymous_4)
FN:108,(anonymous_5)
FN:112,(anonymous_6)
FN:120,(anonymous_7)
FN:124,(anonymous_8)
FN:136,(anonymous_9)
FN:147,(anonymous_10)
FN:151,(anonymous_11)
FN:156,(anonymous_12)
FN:182,useApp
FN:191,NotificationToast
FN:194,(anonymous_15)
FN:209,(anonymous_16)
FN:233,(anonymous_17)
FN:244,NotificationContainer
FN:251,(anonymous_19)
FNF:20
FNH:0
FNDA:0,appReducer
FNDA:0,(anonymous_1)
FNDA:0,AppProvider
FNDA:0,(anonymous_3)
FNDA:0,(anonymous_4)
FNDA:0,(anonymous_5)
FNDA:0,(anonymous_6)
FNDA:0,(anonymous_7)
FNDA:0,(anonymous_8)
FNDA:0,(anonymous_9)
FNDA:0,(anonymous_10)
FNDA:0,(anonymous_11)
FNDA:0,(anonymous_12)
FNDA:0,useApp
FNDA:0,NotificationToast
FNDA:0,(anonymous_15)
FNDA:0,(anonymous_16)
FNDA:0,(anonymous_17)
FNDA:0,NotificationContainer
FNDA:0,(anonymous_19)
DA:38,0
DA:49,0
DA:51,0
DA:53,0
DA:55,0
DA:57,0
DA:59,0
DA:61,0
DA:66,0
DA:68,0
DA:71,0
DA:73,0
DA:93,0
DA:97,0
DA:100,0
DA:101,0
DA:104,0
DA:105,0
DA:108,0
DA:109,0
DA:112,0
DA:113,0
DA:115,0
DA:116,0
DA:120,0
DA:121,0
DA:124,0
DA:125,0
DA:126,0
DA:131,0
DA:134,0
DA:135,0
DA:136,0
DA:137,0
DA:141,0
DA:144,0
DA:147,0
DA:148,0
DA:151,0
DA:152,0
DA:156,0
DA:157,0
DA:158,0
DA:159,0
DA:160,0
DA:165,0
DA:178,0
DA:183,0
DA:184,0
DA:185,0
DA:187,0
DA:192,0
DA:194,0
DA:195,0
DA:197,0
DA:199,0
DA:201,0
DA:203,0
DA:205,0
DA:209,0
DA:210,0
DA:212,0
DA:214,0
DA:216,0
DA:218,0
DA:220,0
DA:224,0
DA:233,0
DA:245,0
DA:247,0
DA:249,0
DA:252,0
LF:72
LH:0
BRDA:49,0,0,0
BRDA:49,0,1,0
BRDA:49,0,2,0
BRDA:49,0,3,0
BRDA:49,0,4,0
BRDA:49,0,5,0
BRDA:49,0,6,0
BRDA:49,0,7,0
BRDA:49,0,8,0
BRDA:115,1,0,0
BRDA:115,1,1,0
BRDA:134,2,0,0
BRDA:134,2,1,0
BRDA:135,3,0,0
BRDA:135,3,1,0
BRDA:157,4,0,0
BRDA:157,4,1,0
BRDA:159,5,0,0
BRDA:159,5,1,0
BRDA:184,6,0,0
BRDA:184,6,1,0
BRDA:195,7,0,0
BRDA:195,7,1,0
BRDA:195,7,2,0
BRDA:195,7,3,0
BRDA:195,7,4,0
BRDA:210,8,0,0
BRDA:210,8,1,0
BRDA:210,8,2,0
BRDA:210,8,3,0
BRDA:210,8,4,0
BRDA:247,9,0,0
BRDA:247,9,1,0
BRF:33
BRH:0
end_of_record
TN:
SF:apps/web/hooks/useApi.ts
FN:16,useApi
FN:25,(anonymous_1)
FN:26,(anonymous_2)
FN:66,(anonymous_3)
FN:73,(anonymous_4)
FN:81,(anonymous_5)
FN:82,(anonymous_6)
FN:94,useOrders
FN:95,(anonymous_8)
FN:109,useProducts
FN:110,(anonymous_10)
FN:124,useCustomers
FN:125,(anonymous_12)
FNF:13
FNH:0
FNDA:0,useApi
FNDA:0,(anonymous_1)
FNDA:0,(anonymous_2)
FNDA:0,(anonymous_3)
FNDA:0,(anonymous_4)
FNDA:0,(anonymous_5)
FNDA:0,(anonymous_6)
FNDA:0,useOrders
FNDA:0,(anonymous_8)
FNDA:0,useProducts
FNDA:0,(anonymous_10)
FNDA:0,useCustomers
FNDA:0,(anonymous_12)
DA:19,0
DA:25,0
DA:26,0
DA:28,0
DA:29,0
DA:31,0
DA:32,0
DA:33,0
DA:34,0
DA:35,0
DA:38,0
DA:39,0
DA:45,0
DA:47,0
DA:48,0
DA:55,0
DA:56,0
DA:69,0
DA:73,0
DA:74,0
DA:81,0
DA:82,0
DA:85,0
DA:95,0
DA:96,0
DA:106,0
DA:110,0
DA:111,0
DA:121,0
DA:125,0
DA:126,0
DA:136,0
LF:32
LH:0
BRDA:31,0,0,0
BRDA:31,0,1,0
BRDA:33,1,0,0
BRDA:33,1,1,0
BRDA:34,2,0,0
BRDA:34,2,1,0
BRDA:47,3,0,0
BRDA:47,3,1,0
BRDA:55,4,0,0
BRDA:55,4,1,0
BRDA:62,5,0,0
BRDA:62,5,1,0
BRF:12
BRH:0
end_of_record
TN:
SF:apps/web/hooks/useDebounce.ts
FN:3,useDebounce
FN:6,(anonymous_1)
FN:7,(anonymous_2)
FN:11,(anonymous_3)
FNF:4
FNH:0
FNDA:0,useDebounce
FNDA:0,(anonymous_1)
FNDA:0,(anonymous_2)
FNDA:0,(anonymous_3)
DA:4,0
DA:6,0
DA:7,0
DA:8,0
DA:11,0
DA:12,0
DA:16,0
LF:7
LH:0
BRF:0
BRH:0
end_of_record
TN:
SF:apps/web/lib/api-client.ts
FN:25,(anonymous_0)
FN:32,(anonymous_1)
FN:83,(anonymous_2)
FN:91,(anonymous_3)
FN:104,(anonymous_4)
FN:117,(anonymous_5)
FN:125,(anonymous_6)
FN:138,(anonymous_7)
FN:148,(anonymous_8)
FN:164,(anonymous_9)
FN:169,(anonymous_10)
FN:174,(anonymous_11)
FN:179,(anonymous_12)
FNF:13
FNH:0
FNDA:0,(anonymous_0)
FNDA:0,(anonymous_1)
FNDA:0,(anonymous_2)
FNDA:0,(anonymous_3)
FNDA:0,(anonymous_4)
FNDA:0,(anonymous_5)
FNDA:0,(anonymous_6)
FNDA:0,(anonymous_7)
FNDA:0,(anonymous_8)
FNDA:0,(anonymous_9)
FNDA:0,(anonymous_10)
FNDA:0,(anonymous_11)
FNDA:0,(anonymous_12)
DA:26,0
DA:27,0
DA:36,0
DA:38,0
DA:47,0
DA:48,0
DA:51,0
DA:53,0
DA:54,0
DA:56,0
DA:65,0
DA:68,0
DA:70,0
DA:71,0
DA:74,0
DA:77,0
DA:78,0
DA:84,0
DA:96,0
DA:109,0
DA:118,0
DA:130,0
DA:144,0
DA:145,0
DA:147,0
DA:148,0
DA:149,0
DA:153,0
DA:165,0
DA:170,0
DA:175,0
DA:180,0
DA:185,0
DA:191,0
LF:34
LH:0
BRDA:26,0,0,0
BRDA:26,0,1,0
BRDA:34,1,0,0
BRDA:51,2,0,0
BRDA:51,2,1,0
BRDA:65,3,0,0
BRDA:65,3,1,0
BRDA:65,3,2,0
BRDA:70,4,0,0
BRDA:70,4,1,0
BRDA:71,5,0,0
BRDA:71,5,1,0
BRDA:71,5,2,0
BRDA:86,6,0,0
BRDA:86,6,1,0
BRDA:98,7,0,0
BRDA:98,7,1,0
BRDA:99,8,0,0
BRDA:99,8,1,0
BRDA:111,9,0,0
BRDA:111,9,1,0
BRDA:112,10,0,0
BRDA:112,10,1,0
BRDA:120,11,0,0
BRDA:120,11,1,0
BRDA:132,12,0,0
BRDA:132,12,1,0
BRDA:133,13,0,0
BRDA:133,13,1,0
BRDA:147,14,0,0
BRDA:147,14,1,0
BRF:31
BRH:0
end_of_record
TN:
SF:apps/web/lib/auth-utils.ts
FN:8,(anonymous_0)
FN:51,(anonymous_1)
FN:58,(anonymous_2)
FN:66,(anonymous_3)
FN:72,(anonymous_4)
FN:79,(anonymous_5)
FN:107,(anonymous_6)
FN:113,(anonymous_7)
FN:120,(anonymous_8)
FN:127,(anonymous_9)
FNF:10
FNH:0
FNDA:0,(anonymous_0)
FNDA:0,(anonymous_1)
FNDA:0,(anonymous_2)
FNDA:0,(anonymous_3)
FNDA:0,(anonymous_4)
FNDA:0,(anonymous_5)
FNDA:0,(anonymous_6)
FNDA:0,(anonymous_7)
FNDA:0,(anonymous_8)
FNDA:0,(anonymous_9)
DA:3,0
DA:4,0
DA:5,0
DA:9,0
DA:11,0
DA:23,0
DA:24,0
DA:28,0
DA:30,0
DA:38,0
DA:42,0
DA:43,0
DA:53,0
DA:62,0
DA:68,0
DA:73,0
DA:74,0
DA:75,0
DA:80,0
DA:82,0
DA:87,0
DA:88,0
DA:89,0
DA:91,0
DA:92,0
DA:93,0
DA:94,0
DA:98,0
DA:99,0
DA:115,0
DA:116,0
DA:123,0
DA:129,0
LF:33
LH:0
BRDA:23,0,0,0
BRDA:23,0,1,0
BRDA:28,1,0,0
BRDA:28,1,1,0
BRDA:42,2,0,0
BRDA:42,2,1,0
BRDA:48,3,0,0
BRDA:48,3,1,0
BRDA:73,4,0,0
BRDA:73,4,1,0
BRDA:75,5,0,0
BRDA:75,5,1,0
BRDA:87,6,0,0
BRDA:87,6,1,0
BRDA:98,7,0,0
BRDA:98,7,1,0
BRDA:104,8,0,0
BRDA:104,8,1,0
BRF:18
BRH:0
end_of_record
TN:
SF:apps/web/lib/env.validation.ts
FN:1,validateEnvOnStartup
FN:8,(anonymous_1)
FNF:2
FNH:0
FNDA:0,validateEnvOnStartup
FNDA:0,(anonymous_1)
DA:3,0
DA:8,0
DA:10,0
DA:11,0
LF:4
LH:0
BRDA:10,0,0,0
BRDA:10,0,1,0
BRF:2
BRH:0
end_of_record
TN:
SF:apps/web/lib/logger.ts
FN:19,(anonymous_0)
FN:24,(anonymous_1)
FN:28,(anonymous_2)
FN:40,(anonymous_3)
FN:47,(anonymous_4)
FN:54,(anonymous_5)
FN:61,(anonymous_6)
FNF:7
FNH:0
FNDA:0,(anonymous_0)
FNDA:0,(anonymous_1)
FNDA:0,(anonymous_2)
FNDA:0,(anonymous_3)
FNDA:0,(anonymous_4)
FNDA:0,(anonymous_5)
FNDA:0,(anonymous_6)
DA:8,0
DA:20,0
DA:21,0
DA:25,0
DA:29,0
DA:30,0
DA:37,0
DA:41,0
DA:43,0
DA:48,0
DA:50,0
DA:55,0
DA:57,0
DA:62,0
DA:64,0
DA:69,0
LF:16
LH:0
BRDA:19,0,0,0
BRDA:21,1,0,0
BRDA:21,1,1,0
BRDA:35,2,0,0
BRDA:35,2,1,0
BRDA:41,3,0,0
BRDA:41,3,1,0
BRDA:48,4,0,0
BRDA:48,4,1,0
BRDA:55,5,0,0
BRDA:55,5,1,0
BRDA:62,6,0,0
BRDA:62,6,1,0
BRF:13
BRH:0
end_of_record
TN:
SF:apps/web/lib/utils.ts
FN:4,cn
FNF:1
FNH:0
FNDA:0,cn
DA:5,0
LF:1
LH:0
BRF:0
BRH:0
end_of_record
TN:
SF:apps/web/lib/validations.ts
FN:20,(anonymous_0)
FN:34,(anonymous_1)
FNF:2
FNH:0
FNDA:0,(anonymous_0)
FNDA:0,(anonymous_1)
DA:4,0
DA:5,0
DA:6,0
DA:7,0
DA:10,0
DA:15,0
DA:20,0
DA:25,0
DA:30,0
DA:34,0
DA:40,0
DA:61,0
DA:79,0
DA:85,0
DA:107,0
DA:115,0
DA:124,0
DA:131,0
DA:139,0
DA:152,0
DA:159,0
LF:21
LH:0
BRF:0
BRH:0
end_of_record
TN:
SF:apps/web/types/api.ts
FNF:0
FNH:0
LF:0
LH:0
BRF:0
BRH:0
end_of_record
TN:
SF:apps/web/types/auth.ts
FNF:0
FNH:0
LF:0
LH:0
BRF:0
BRH:0
end_of_record
TN:
SF:apps/worker/index.ts
FN:64,(anonymous_0)
FN:76,(anonymous_1)
FN:86,(anonymous_2)
FN:96,(anonymous_3)
FN:106,(anonymous_4)
FN:116,(anonymous_5)
FN:126,(anonymous_6)
FN:136,(anonymous_7)
FN:147,(anonymous_8)
FN:233,(anonymous_9)
FN:242,(anonymous_10)
FN:279,(anonymous_11)
FN:280,(anonymous_12)
FN:294,(anonymous_13)
FN:299,(anonymous_14)
FN:368,(anonymous_15)
FN:369,(anonymous_16)
FN:386,(anonymous_17)
FN:397,(anonymous_18)
FN:462,(anonymous_19)
FN:488,(anonymous_20)
FN:502,(anonymous_21)
FN:511,(anonymous_22)
FN:515,(anonymous_23)
FN:518,(anonymous_24)
FN:522,(anonymous_25)
FN:528,(anonymous_26)
FN:565,(anonymous_27)
FN:610,applyRequestChanges
FN:663,sendRejectionNotification
FN:670,isRetryableError
FN:687,(anonymous_31)
FN:693,storeJobError
FN:746,scheduleRecurringJobs
FN:791,(anonymous_34)
FN:795,(anonymous_35)
FN:800,(anonymous_36)
FN:804,(anonymous_37)
FN:814,(anonymous_38)
FN:873,(anonymous_39)
FN:880,(anonymous_40)
FN:885,(anonymous_41)
FN:896,(anonymous_42)
FN:908,(anonymous_43)
FN:913,(anonymous_44)
FN:919,start
FN:945,(anonymous_46)
FN:954,(anonymous_47)
FN:958,(anonymous_48)
FN:962,(anonymous_49)
FN:966,(anonymous_50)
FN:970,(anonymous_51)
FN:974,(anonymous_52)
FN:978,(anonymous_53)
FN:982,(anonymous_54)
FN:987,(anonymous_55)
FN:992,(anonymous_56)
FN:997,(anonymous_57)
FN:1002,(anonymous_58)
FN:1006,(anonymous_59)
FNF:60
FNH:0
FNDA:0,(anonymous_0)
FNDA:0,(anonymous_1)
FNDA:0,(anonymous_2)
FNDA:0,(anonymous_3)
FNDA:0,(anonymous_4)
FNDA:0,(anonymous_5)
FNDA:0,(anonymous_6)
FNDA:0,(anonymous_7)
FNDA:0,(anonymous_8)
FNDA:0,(anonymous_9)
FNDA:0,(anonymous_10)
FNDA:0,(anonymous_11)
FNDA:0,(anonymous_12)
FNDA:0,(anonymous_13)
FNDA:0,(anonymous_14)
FNDA:0,(anonymous_15)
FNDA:0,(anonymous_16)
FNDA:0,(anonymous_17)
FNDA:0,(anonymous_18)
FNDA:0,(anonymous_19)
FNDA:0,(anonymous_20)
FNDA:0,(anonymous_21)
FNDA:0,(anonymous_22)
FNDA:0,(anonymous_23)
FNDA:0,(anonymous_24)
FNDA:0,(anonymous_25)
FNDA:0,(anonymous_26)
FNDA:0,(anonymous_27)
FNDA:0,applyRequestChanges
FNDA:0,sendRejectionNotification
FNDA:0,isRetryableError
FNDA:0,(anonymous_31)
FNDA:0,storeJobError
FNDA:0,scheduleRecurringJobs
FNDA:0,(anonymous_34)
FNDA:0,(anonymous_35)
FNDA:0,(anonymous_36)
FNDA:0,(anonymous_37)
FNDA:0,(anonymous_38)
FNDA:0,(anonymous_39)
FNDA:0,(anonymous_40)
FNDA:0,(anonymous_41)
FNDA:0,(anonymous_42)
FNDA:0,(anonymous_43)
FNDA:0,(anonymous_44)
FNDA:0,start
FNDA:0,(anonymous_46)
FNDA:0,(anonymous_47)
FNDA:0,(anonymous_48)
FNDA:0,(anonymous_49)
FNDA:0,(anonymous_50)
FNDA:0,(anonymous_51)
FNDA:0,(anonymous_52)
FNDA:0,(anonymous_53)
FNDA:0,(anonymous_54)
FNDA:0,(anonymous_55)
FNDA:0,(anonymous_56)
FNDA:0,(anonymous_57)
FNDA:0,(anonymous_58)
FNDA:0,(anonymous_59)
DA:28,0
DA:30,0
DA:36,0
DA:43,0
DA:50,0
DA:54,0
DA:63,0
DA:65,0
DA:66,0
DA:67,0
DA:68,0
DA:72,0
DA:76,0
DA:78,0
DA:79,0
DA:81,0
DA:82,0
DA:87,0
DA:88,0
DA:89,0
DA:90,0
DA:93,0
DA:96,0
DA:98,0
DA:99,0
DA:101,0
DA:102,0
DA:107,0
DA:108,0
DA:109,0
DA:110,0
DA:113,0
DA:116,0
DA:118,0
DA:119,0
DA:121,0
DA:122,0
DA:127,0
DA:128,0
DA:129,0
DA:130,0
DA:133,0
DA:136,0
DA:138,0
DA:139,0
DA:141,0
DA:142,0
DA:148,0
DA:149,0
DA:150,0
DA:153,0
DA:155,0
DA:156,0
DA:157,0
DA:160,0
DA:161,0
DA:162,0
DA:163,0
DA:164,0
DA:165,0
DA:167,0
DA:168,0
DA:169,0
DA:170,0
DA:171,0
DA:172,0
DA:173,0
DA:175,0
DA:180,0
DA:181,0
DA:182,0
DA:185,0
DA:186,0
DA:187,0
DA:188,0
DA:189,0
DA:204,0
DA:205,0
DA:206,0
DA:208,0
DA:209,0
DA:211,0
DA:213,0
DA:215,0
DA:216,0
DA:217,0
DA:218,0
DA:229,0
DA:232,0
DA:233,0
DA:237,0
DA:238,0
DA:239,0
DA:240,0
DA:243,0
DA:244,0
DA:245,0
DA:249,0
DA:250,0
DA:251,0
DA:253,0
DA:254,0
DA:255,0
DA:257,0
DA:258,0
DA:259,0
DA:260,0
DA:261,0
DA:265,0
DA:266,0
DA:267,0
DA:269,0
DA:270,0
DA:271,0
DA:272,0
DA:273,0
DA:279,0
DA:280,0
DA:283,0
DA:284,0
DA:286,0
DA:288,0
DA:290,0
DA:293,0
DA:294,0
DA:297,0
DA:301,0
DA:307,0
DA:308,0
DA:311,0
DA:312,0
DA:313,0
DA:314,0
DA:317,0
DA:318,0
DA:319,0
DA:320,0
DA:321,0
DA:322,0
DA:323,0
DA:338,0
DA:339,0
DA:340,0
DA:342,0
DA:343,0
DA:345,0
DA:346,0
DA:347,0
DA:348,0
DA:357,0
DA:358,0
DA:359,0
DA:360,0
DA:361,0
DA:362,0
DA:368,0
DA:369,0
DA:372,0
DA:373,0
DA:375,0
DA:378,0
DA:381,0
DA:384,0
DA:387,0
DA:388,0
DA:389,0
DA:390,0
DA:391,0
DA:393,0
DA:394,0
DA:398,0
DA:400,0
DA:401,0
DA:405,0
DA:410,0
DA:411,0
DA:415,0
DA:417,0
DA:427,0
DA:428,0
DA:431,0
DA:441,0
DA:442,0
DA:445,0
DA:452,0
DA:455,0
DA:458,0
DA:459,0
DA:466,0
DA:468,0
DA:469,0
DA:471,0
DA:472,0
DA:473,0
DA:475,0
DA:476,0
DA:480,0
DA:481,0
DA:483,0
DA:484,0
DA:491,0
DA:499,0
DA:503,0
DA:509,0
DA:512,0
DA:515,0
DA:516,0
DA:519,0
DA:522,0
DA:523,0
DA:528,0
DA:529,0
DA:530,0
DA:531,0
DA:533,0
DA:535,0
DA:537,0
DA:538,0
DA:543,0
DA:544,0
DA:545,0
DA:548,0
DA:551,0
DA:552,0
DA:553,0
DA:555,0
DA:556,0
DA:559,0
DA:560,0
DA:563,0
DA:564,0
DA:565,0
DA:566,0
DA:569,0
DA:575,0
DA:578,0
DA:581,0
DA:583,0
DA:586,0
DA:589,0
DA:592,0
DA:594,0
DA:611,0
DA:613,0
DA:615,0
DA:616,0
DA:626,0
DA:633,0
DA:636,0
DA:637,0
DA:644,0
DA:647,0
DA:648,0
DA:655,0
DA:658,0
DA:665,0
DA:671,0
DA:673,0
DA:686,0
DA:687,0
DA:688,0
DA:694,0
DA:695,0
DA:709,0
DA:722,0
DA:724,0
DA:729,0
DA:748,0
DA:756,0
DA:764,0
DA:771,0
DA:778,0
DA:785,0
DA:789,0
DA:791,0
DA:792,0
DA:795,0
DA:796,0
DA:800,0
DA:801,0
DA:804,0
DA:805,0
DA:809,0
DA:810,0
DA:811,0
DA:814,0
DA:815,0
DA:817,0
DA:820,0
DA:821,0
DA:822,0
DA:823,0
DA:825,0
DA:829,0
DA:830,0
DA:831,0
DA:832,0
DA:834,0
DA:837,0
DA:839,0
DA:840,0
DA:853,0
DA:863,0
DA:864,0
DA:873,0
DA:874,0
DA:875,0
DA:879,0
DA:880,0
DA:881,0
DA:885,0
DA:886,0
DA:888,0
DA:889,0
DA:890,0
DA:893,0
DA:896,0
DA:897,0
DA:899,0
DA:900,0
DA:901,0
DA:904,0
DA:908,0
DA:909,0
DA:910,0
DA:913,0
DA:914,0
DA:915,0
DA:921,0
DA:924,0
DA:925,0
DA:928,0
DA:929,0
DA:931,0
DA:932,0
DA:933,0
DA:934,0
DA:935,0
DA:936,0
DA:938,0
DA:940,0
DA:942,0
DA:945,0
DA:946,0
DA:947,0
DA:954,0
DA:955,0
DA:958,0
DA:959,0
DA:962,0
DA:963,0
DA:966,0
DA:967,0
DA:970,0
DA:971,0
DA:974,0
DA:975,0
DA:978,0
DA:979,0
DA:982,0
DA:983,0
DA:984,0
DA:987,0
DA:988,0
DA:989,0
DA:992,0
DA:993,0
DA:994,0
DA:997,0
DA:998,0
DA:999,0
DA:1002,0
DA:1003,0
DA:1006,0
DA:1007,0
DA:1008,0
LF:376
LH:0
BRDA:50,0,0,0
BRDA:50,0,1,0
BRDA:67,1,0,0
BRDA:67,1,1,0
BRDA:89,2,0,0
BRDA:89,2,1,0
BRDA:109,3,0,0
BRDA:109,3,1,0
BRDA:129,4,0,0
BRDA:129,4,1,0
BRDA:149,5,0,0
BRDA:149,5,1,0
BRDA:156,6,0,0
BRDA:156,6,1,0
BRDA:160,7,0,0
BRDA:160,7,1,0
BRDA:160,8,0,0
BRDA:160,8,1,0
BRDA:161,9,0,0
BRDA:161,9,1,0
BRDA:180,10,0,0
BRDA:180,10,1,0
BRDA:186,11,0,0
BRDA:186,11,1,0
BRDA:186,12,0,0
BRDA:186,12,1,0
BRDA:188,13,0,0
BRDA:188,13,1,0
BRDA:191,14,0,0
BRDA:191,14,1,0
BRDA:193,15,0,0
BRDA:193,15,1,0
BRDA:194,16,0,0
BRDA:194,16,1,0
BRDA:195,17,0,0
BRDA:195,17,1,0
BRDA:196,18,0,0
BRDA:196,18,1,0
BRDA:197,19,0,0
BRDA:197,19,1,0
BRDA:198,20,0,0
BRDA:198,20,1,0
BRDA:199,21,0,0
BRDA:199,21,1,0
BRDA:200,22,0,0
BRDA:200,22,1,0
BRDA:201,23,0,0
BRDA:201,23,1,0
BRDA:202,24,0,0
BRDA:202,24,1,0
BRDA:202,25,0,0
BRDA:202,25,1,0
BRDA:205,26,0,0
BRDA:205,26,1,0
BRDA:213,27,0,0
BRDA:213,27,1,0
BRDA:215,28,0,0
BRDA:215,28,1,0
BRDA:220,29,0,0
BRDA:220,29,1,0
BRDA:221,30,0,0
BRDA:221,30,1,0
BRDA:222,31,0,0
BRDA:222,31,1,0
BRDA:223,32,0,0
BRDA:223,32,1,0
BRDA:232,33,0,0
BRDA:232,33,1,0
BRDA:237,34,0,0
BRDA:237,34,1,0
BRDA:244,35,0,0
BRDA:244,35,1,0
BRDA:250,36,0,0
BRDA:250,36,1,0
BRDA:265,37,0,0
BRDA:265,37,1,0
BRDA:270,38,0,0
BRDA:270,38,1,0
BRDA:270,39,0,0
BRDA:270,39,1,0
BRDA:272,40,0,0
BRDA:272,40,1,0
BRDA:275,41,0,0
BRDA:275,41,1,0
BRDA:276,42,0,0
BRDA:276,42,1,0
BRDA:277,43,0,0
BRDA:277,43,1,0
BRDA:278,44,0,0
BRDA:278,44,1,0
BRDA:279,45,0,0
BRDA:279,45,1,0
BRDA:280,46,0,0
BRDA:280,46,1,0
BRDA:281,47,0,0
BRDA:281,47,1,0
BRDA:283,48,0,0
BRDA:283,48,1,0
BRDA:293,49,0,0
BRDA:293,49,1,0
BRDA:307,50,0,0
BRDA:307,50,1,0
BRDA:307,51,0,0
BRDA:307,51,1,0
BRDA:312,52,0,0
BRDA:312,52,1,0
BRDA:312,53,0,0
BRDA:312,53,1,0
BRDA:312,53,2,0
BRDA:318,54,0,0
BRDA:318,54,1,0
BRDA:321,55,0,0
BRDA:321,55,1,0
BRDA:322,56,0,0
BRDA:322,56,1,0
BRDA:325,57,0,0
BRDA:325,57,1,0
BRDA:327,58,0,0
BRDA:327,58,1,0
BRDA:328,59,0,0
BRDA:328,59,1,0
BRDA:329,60,0,0
BRDA:329,60,1,0
BRDA:330,61,0,0
BRDA:330,61,1,0
BRDA:331,62,0,0
BRDA:331,62,1,0
BRDA:332,63,0,0
BRDA:332,63,1,0
BRDA:333,64,0,0
BRDA:333,64,1,0
BRDA:334,65,0,0
BRDA:334,65,1,0
BRDA:335,66,0,0
BRDA:335,66,1,0
BRDA:336,67,0,0
BRDA:336,67,1,0
BRDA:336,68,0,0
BRDA:336,68,1,0
BRDA:339,69,0,0
BRDA:339,69,1,0
BRDA:345,70,0,0
BRDA:345,70,1,0
BRDA:345,71,0,0
BRDA:345,71,1,0
BRDA:350,72,0,0
BRDA:350,72,1,0
BRDA:351,73,0,0
BRDA:351,73,1,0
BRDA:352,74,0,0
BRDA:352,74,1,0
BRDA:353,75,0,0
BRDA:353,75,1,0
BRDA:357,76,0,0
BRDA:357,76,1,0
BRDA:360,77,0,0
BRDA:360,77,1,0
BRDA:361,78,0,0
BRDA:361,78,1,0
BRDA:364,79,0,0
BRDA:364,79,1,0
BRDA:365,80,0,0
BRDA:365,80,1,0
BRDA:366,81,0,0
BRDA:366,81,1,0
BRDA:367,82,0,0
BRDA:367,82,1,0
BRDA:368,83,0,0
BRDA:368,83,1,0
BRDA:369,84,0,0
BRDA:369,84,1,0
BRDA:370,85,0,0
BRDA:370,85,1,0
BRDA:372,86,0,0
BRDA:372,86,1,0
BRDA:381,87,0,0
BRDA:381,87,1,0
BRDA:400,88,0,0
BRDA:400,88,1,0
BRDA:400,89,0,0
BRDA:400,89,1,0
BRDA:410,90,0,0
BRDA:410,90,1,0
BRDA:415,91,0,0
BRDA:415,91,1,0
BRDA:415,91,2,0
BRDA:415,91,3,0
BRDA:473,92,0,0
BRDA:473,92,1,0
BRDA:537,93,0,0
BRDA:537,93,1,0
BRDA:560,94,0,0
BRDA:560,94,1,0
BRDA:563,95,0,0
BRDA:563,95,1,0
BRDA:563,96,0,0
BRDA:563,96,1,0
BRDA:613,97,0,0
BRDA:613,97,1,0
BRDA:613,97,2,0
BRDA:613,97,3,0
BRDA:615,98,0,0
BRDA:615,98,1,0
BRDA:615,99,0,0
BRDA:615,99,1,0
BRDA:636,100,0,0
BRDA:636,100,1,0
BRDA:647,101,0,0
BRDA:647,101,1,0
BRDA:647,102,0,0
BRDA:647,102,1,0
BRDA:671,103,0,0
BRDA:671,103,1,0
BRDA:686,104,0,0
BRDA:686,104,1,0
BRDA:700,105,0,0
BRDA:700,105,1,0
BRDA:701,106,0,0
BRDA:701,106,1,0
BRDA:702,107,0,0
BRDA:702,107,1,0
BRDA:717,108,0,0
BRDA:717,108,1,0
BRDA:817,109,0,0
BRDA:817,109,1,0
BRDA:837,110,0,0
BRDA:837,110,1,0
BRDA:837,110,2,0
BRDA:839,111,0,0
BRDA:839,111,1,0
BRDA:845,112,0,0
BRDA:845,112,1,0
BRDA:866,113,0,0
BRDA:866,113,1,0
BRDA:879,114,0,0
BRDA:879,114,1,0
BRF:236
BRH:0
end_of_record
TN:
SF:apps/worker/__tests__/index.test.ts
FN:1,(anonymous_0)
FN:2,(anonymous_1)
FN:6,(anonymous_2)
FN:10,(anonymous_3)
FNF:4
FNH:0
FNDA:0,(anonymous_0)
FNDA:0,(anonymous_1)
FNDA:0,(anonymous_2)
FNDA:0,(anonymous_3)
DA:1,0
DA:2,0
DA:3,0
DA:6,0
DA:7,0
DA:10,0
DA:11,0
DA:12,0
DA:13,0
LF:9
LH:0
BRF:0
BRH:0
end_of_record
TN:
SF:apps/worker/lib/logger.ts
FN:19,(anonymous_0)
FN:24,(anonymous_1)
FN:28,(anonymous_2)
FN:40,(anonymous_3)
FN:47,(anonymous_4)
FN:54,(anonymous_5)
FN:61,(anonymous_6)
FNF:7
FNH:0
FNDA:0,(anonymous_0)
FNDA:0,(anonymous_1)
FNDA:0,(anonymous_2)
FNDA:0,(anonymous_3)
FNDA:0,(anonymous_4)
FNDA:0,(anonymous_5)
FNDA:0,(anonymous_6)
DA:8,0
DA:20,0
DA:21,0
DA:25,0
DA:29,0
DA:30,0
DA:37,0
DA:41,0
DA:43,0
DA:48,0
DA:50,0
DA:55,0
DA:57,0
DA:62,0
DA:64,0
DA:69,0
LF:16
LH:0
BRDA:19,0,0,0
BRDA:21,1,0,0
BRDA:21,1,1,0
BRDA:35,2,0,0
BRDA:35,2,1,0
BRDA:41,3,0,0
BRDA:41,3,1,0
BRDA:48,4,0,0
BRDA:48,4,1,0
BRDA:55,5,0,0
BRDA:55,5,1,0
BRDA:62,6,0,0
BRDA:62,6,1,0
BRF:13
BRH:0
end_of_record
