TN:
SF:apps/api/prisma/seed.ts
FN:6,main
FN:172,(anonymous_1)
FN:176,(anonymous_2)
FNF:3
FNH:0
FNDA:0,main
FNDA:0,(anonymous_1)
FNDA:0,(anonymous_2)
DA:4,0
DA:7,0
DA:10,0
DA:18,0
DA:21,0
DA:22,0
DA:32,0
DA:35,0
DA:36,0
DA:46,0
DA:50,0
DA:83,0
DA:86,0
DA:103,0
DA:106,0
DA:129,0
DA:130,0
DA:133,0
DA:137,0
DA:158,0
DA:159,0
DA:162,0
DA:165,0
DA:166,0
DA:167,0
DA:168,0
DA:171,0
DA:173,0
DA:174,0
DA:177,0
LF:30
LH:0
BRDA:21,0,0,0
BRDA:21,0,1,0
BRDA:35,1,0,0
BRDA:35,1,1,0
BRF:4
BRH:0
end_of_record
TN:
SF:apps/api/src/app.module.ts
FN:132,(anonymous_0)
FNF:1
FNH:0
FNDA:0,(anonymous_0)
DA:133,0
LF:1
LH:0
BRF:0
BRH:0
end_of_record
TN:
SF:apps/api/src/crypto.ts
FN:6,(anonymous_0)
FN:8,(anonymous_1)
FN:13,(anonymous_2)
FN:31,(anonymous_3)
FNF:4
FNH:0
FNDA:0,(anonymous_0)
FNDA:0,(anonymous_1)
FNDA:0,(anonymous_2)
FNDA:0,(anonymous_3)
DA:10,0
DA:14,0
DA:15,0
DA:17,0
DA:18,0
DA:19,0
DA:20,0
DA:21,0
DA:23,0
DA:24,0
DA:25,0
DA:26,0
DA:27,0
DA:28,0
DA:32,0
DA:34,0
DA:35,0
DA:36,0
DA:38,0
DA:39,0
DA:40,0
DA:41,0
DA:43,0
DA:44,0
DA:45,0
DA:46,0
DA:47,0
DA:48,0
DA:49,0
DA:50,0
LF:30
LH:0
BRDA:6,0,0,0
BRDA:34,1,0,0
BRDA:34,1,1,0
BRDA:38,2,0,0
BRDA:38,2,1,0
BRF:5
BRH:0
end_of_record
TN:
SF:apps/api/src/jwt.module.ts
FN:10,(anonymous_0)
FN:22,(anonymous_1)
FN:24,(anonymous_2)
FNF:3
FNH:0
FNDA:0,(anonymous_0)
FNDA:0,(anonymous_1)
FNDA:0,(anonymous_2)
DA:11,0
DA:12,0
DA:13,0
LF:3
LH:0
BRF:0
BRH:0
end_of_record
TN:
SF:apps/api/src/jwt.ts
FN:23,(anonymous_0)
FN:25,(anonymous_1)
FN:30,(anonymous_2)
FN:47,(anonymous_3)
FN:89,(anonymous_4)
FN:131,(anonymous_5)
FN:164,(anonymous_6)
FN:219,(anonymous_7)
FN:258,(anonymous_8)
FN:282,(anonymous_9)
FN:305,(anonymous_10)
FN:324,(anonymous_11)
FN:356,(anonymous_12)
FNF:13
FNH:0
FNDA:0,(anonymous_0)
FNDA:0,(anonymous_1)
FNDA:0,(anonymous_2)
FNDA:0,(anonymous_3)
FNDA:0,(anonymous_4)
FNDA:0,(anonymous_5)
FNDA:0,(anonymous_6)
FNDA:0,(anonymous_7)
FNDA:0,(anonymous_8)
FNDA:0,(anonymous_9)
FNDA:0,(anonymous_10)
FNDA:0,(anonymous_11)
FNDA:0,(anonymous_12)
DA:17,0
DA:18,0
DA:19,0
DA:20,0
DA:21,0
DA:25,0
DA:26,0
DA:31,0
DA:33,0
DA:35,0
DA:36,0
DA:38,0
DA:40,0
DA:42,0
DA:43,0
DA:48,0
DA:50,0
DA:55,0
DA:57,0
DA:58,0
DA:59,0
DA:62,0
DA:63,0
DA:64,0
DA:66,0
DA:67,0
DA:68,0
DA:70,0
DA:81,0
DA:85,0
DA:90,0
DA:92,0
DA:93,0
DA:95,0
DA:96,0
DA:97,0
DA:99,0
DA:104,0
DA:105,0
DA:106,0
DA:108,0
DA:109,0
DA:110,0
DA:112,0
DA:117,0
DA:131,0
DA:132,0
DA:133,0
DA:135,0
DA:136,0
DA:137,0
DA:139,0
DA:144,0
DA:145,0
DA:146,0
DA:147,0
DA:149,0
DA:150,0
DA:151,0
DA:153,0
DA:157,0
DA:159,0
DA:160,0
DA:161,0
DA:165,0
DA:166,0
DA:167,0
DA:168,0
DA:172,0
DA:173,0
DA:175,0
DA:185,0
DA:195,0
DA:204,0
DA:213,0
DA:220,0
DA:221,0
DA:222,0
DA:223,0
DA:227,0
DA:228,0
DA:235,0
DA:236,0
DA:240,0
DA:241,0
DA:244,0
DA:246,0
DA:247,0
DA:248,0
DA:249,0
DA:250,0
DA:251,0
DA:253,0
DA:259,0
DA:260,0
DA:261,0
DA:262,0
DA:266,0
DA:267,0
DA:272,0
DA:273,0
DA:276,0
DA:278,0
DA:283,0
DA:284,0
DA:287,0
DA:289,0
DA:291,0
DA:301,0
DA:306,0
DA:307,0
DA:311,0
DA:320,0
DA:325,0
DA:327,0
DA:328,0
DA:330,0
DA:331,0
DA:333,0
DA:336,0
DA:337,0
DA:347,0
DA:350,0
DA:357,0
DA:359,0
DA:360,0
DA:363,0
DA:368,0
DA:371,0
DA:388,0
LF:130
LH:0
BRDA:31,0,0,0
BRDA:31,0,1,0
BRDA:35,1,0,0
BRDA:35,1,1,0
BRDA:55,2,0,0
BRDA:55,2,1,0
BRDA:55,3,0,0
BRDA:55,3,1,0
BRDA:92,4,0,0
BRDA:92,4,1,0
BRDA:93,5,0,0
BRDA:93,5,1,0
BRDA:104,6,0,0
BRDA:104,6,1,0
BRDA:104,7,0,0
BRDA:104,7,1,0
BRDA:105,8,0,0
BRDA:105,8,1,0
BRDA:131,9,0,0
BRDA:131,9,1,0
BRDA:131,10,0,0
BRDA:131,10,1,0
BRDA:132,11,0,0
BRDA:132,11,1,0
BRDA:145,12,0,0
BRDA:145,12,1,0
BRDA:146,13,0,0
BRDA:146,13,1,0
BRDA:165,14,0,0
BRDA:165,14,1,0
BRDA:165,15,0,0
BRDA:165,15,1,0
BRDA:167,16,0,0
BRDA:167,16,1,0
BRDA:197,17,0,0
BRDA:197,17,1,0
BRDA:198,18,0,0
BRDA:198,18,1,0
BRDA:206,19,0,0
BRDA:206,19,1,0
BRDA:207,20,0,0
BRDA:207,20,1,0
BRDA:220,21,0,0
BRDA:220,21,1,0
BRDA:220,22,0,0
BRDA:220,22,1,0
BRDA:222,23,0,0
BRDA:222,23,1,0
BRDA:229,24,0,0
BRDA:229,24,1,0
BRDA:235,25,0,0
BRDA:235,25,1,0
BRDA:235,26,0,0
BRDA:235,26,1,0
BRDA:235,26,2,0
BRDA:235,26,3,0
BRDA:240,27,0,0
BRDA:240,27,1,0
BRDA:240,28,0,0
BRDA:240,28,1,0
BRDA:246,29,0,0
BRDA:246,29,1,0
BRDA:248,30,0,0
BRDA:248,30,1,0
BRDA:250,31,0,0
BRDA:250,31,1,0
BRDA:259,32,0,0
BRDA:259,32,1,0
BRDA:259,33,0,0
BRDA:259,33,1,0
BRDA:261,34,0,0
BRDA:261,34,1,0
BRDA:268,35,0,0
BRDA:268,35,1,0
BRDA:272,36,0,0
BRDA:272,36,1,0
BRDA:283,37,0,0
BRDA:283,37,1,0
BRDA:283,38,0,0
BRDA:283,38,1,0
BRDA:306,39,0,0
BRDA:306,39,1,0
BRDA:328,40,0,0
BRDA:328,40,1,0
BRDA:356,41,0,0
BRDA:360,42,0,0
BRDA:360,42,1,0
BRF:87
BRH:0
end_of_record
TN:
SF:apps/api/src/main.ts
FN:46,bootstrap
FN:84,(anonymous_1)
FN:158,(anonymous_2)
FN:209,(anonymous_3)
FN:272,(anonymous_4)
FN:278,(anonymous_5)
FN:289,(anonymous_6)
FN:295,(anonymous_7)
FN:309,(anonymous_8)
FNF:9
FNH:0
FNDA:0,bootstrap
FNDA:0,(anonymous_1)
FNDA:0,(anonymous_2)
FNDA:0,(anonymous_3)
FNDA:0,(anonymous_4)
FNDA:0,(anonymous_5)
FNDA:0,(anonymous_6)
FNDA:0,(anonymous_7)
FNDA:0,(anonymous_8)
DA:47,0
DA:50,0
DA:53,0
DA:55,0
DA:60,0
DA:74,0
DA:77,0
DA:80,0
DA:83,0
DA:85,0
DA:88,0
DA:104,0
DA:105,0
DA:106,0
DA:109,0
DA:111,0
DA:112,0
DA:114,0
DA:118,0
DA:119,0
DA:120,0
DA:121,0
DA:124,0
DA:127,0
DA:128,0
DA:132,0
DA:133,0
DA:158,0
DA:159,0
DA:160,0
DA:161,0
DA:162,0
DA:163,0
DA:164,0
DA:165,0
DA:166,0
DA:167,0
DA:168,0
DA:169,0
DA:170,0
DA:171,0
DA:175,0
DA:201,0
DA:202,0
DA:209,0
DA:210,0
DA:212,0
DA:213,0
DA:214,0
DA:215,0
DA:218,0
DA:219,0
DA:224,0
DA:225,0
DA:226,0
DA:227,0
DA:228,0
DA:229,0
DA:230,0
DA:233,0
DA:234,0
DA:238,0
DA:240,0
DA:241,0
DA:253,0
DA:263,0
DA:272,0
DA:273,0
DA:274,0
DA:278,0
DA:279,0
DA:280,0
DA:281,0
DA:282,0
DA:284,0
DA:289,0
DA:291,0
DA:292,0
DA:295,0
DA:297,0
DA:298,0
DA:301,0
DA:302,0
DA:309,0
DA:311,0
LF:85
LH:0
BRDA:88,0,0,0
BRDA:88,0,1,0
BRDA:104,1,0,0
BRDA:104,1,1,0
BRDA:104,2,0,0
BRDA:104,2,1,0
BRDA:109,3,0,0
BRDA:109,3,1,0
BRDA:111,4,0,0
BRDA:111,4,1,0
BRDA:120,5,0,0
BRDA:120,5,1,0
BRDA:120,6,0,0
BRDA:120,6,1,0
BRDA:127,7,0,0
BRDA:127,7,1,0
BRDA:218,8,0,0
BRDA:218,8,1,0
BRDA:233,9,0,0
BRDA:233,9,1,0
BRDA:238,10,0,0
BRDA:238,10,1,0
BRDA:240,11,0,0
BRDA:240,11,1,0
BRDA:246,12,0,0
BRDA:246,12,1,0
BRDA:266,13,0,0
BRDA:266,13,1,0
BRF:28
BRH:0
end_of_record
TN:
SF:apps/api/src/prisma.service.ts
FN:6,(anonymous_0)
FN:25,(anonymous_1)
FN:29,(anonymous_2)
FN:34,(anonymous_3)
FN:38,(anonymous_4)
FN:49,(anonymous_5)
FN:59,(anonymous_6)
FN:69,(anonymous_7)
FN:74,(anonymous_8)
FN:79,(anonymous_9)
FN:113,(anonymous_10)
FN:114,(anonymous_11)
FN:123,(anonymous_12)
FN:124,(anonymous_13)
FNF:14
FNH:0
FNDA:0,(anonymous_0)
FNDA:0,(anonymous_1)
FNDA:0,(anonymous_2)
FNDA:0,(anonymous_3)
FNDA:0,(anonymous_4)
FNDA:0,(anonymous_5)
FNDA:0,(anonymous_6)
FNDA:0,(anonymous_7)
FNDA:0,(anonymous_8)
FNDA:0,(anonymous_9)
FNDA:0,(anonymous_10)
FNDA:0,(anonymous_11)
FNDA:0,(anonymous_12)
FNDA:0,(anonymous_13)
DA:7,0
DA:26,0
DA:30,0
DA:35,0
DA:39,0
DA:40,0
DA:43,0
DA:47,0
DA:50,0
DA:51,0
DA:53,0
DA:57,0
DA:60,0
DA:61,0
DA:63,0
DA:67,0
DA:70,0
DA:71,0
DA:72,0
DA:75,0
DA:76,0
DA:77,0
DA:80,0
DA:81,0
DA:82,0
DA:114,0
DA:115,0
DA:116,0
DA:117,0
DA:119,0
DA:124,0
DA:125,0
DA:126,0
LF:33
LH:0
BRDA:8,0,0,0
BRDA:8,0,1,0
BRDA:43,1,0,0
BRDA:43,1,1,0
BRDA:53,2,0,0
BRDA:53,2,1,0
BRDA:63,3,0,0
BRDA:63,3,1,0
BRDA:116,4,0,0
BRDA:116,4,1,0
BRF:10
BRH:0
end_of_record
TN:
SF:apps/api/src/rate-limit.decorator.ts
FN:10,(anonymous_0)
FNF:1
FNH:0
FNDA:0,(anonymous_0)
DA:9,0
DA:10,0
LF:2
LH:0
BRF:0
BRH:0
end_of_record
TN:
SF:apps/api/src/rate-limit.guard.ts
FN:13,(anonymous_0)
FN:18,(anonymous_1)
FNF:2
FNH:0
FNDA:0,(anonymous_0)
FNDA:0,(anonymous_1)
DA:9,0
DA:14,0
DA:15,0
DA:19,0
DA:24,0
DA:26,0
DA:27,0
DA:28,0
DA:29,0
DA:32,0
DA:39,0
DA:40,0
DA:43,0
DA:44,0
DA:47,0
DA:49,0
DA:50,0
DA:51,0
DA:52,0
DA:53,0
DA:54,0
DA:55,0
DA:56,0
DA:57,0
DA:75,0
DA:79,0
DA:80,0
DA:81,0
DA:82,0
DA:87,0
DA:90,0
DA:91,0
LF:32
LH:0
BRDA:14,0,0,0
BRDA:14,0,1,0
BRDA:24,1,0,0
BRDA:24,1,1,0
BRDA:32,2,0,0
BRDA:32,2,1,0
BRDA:32,2,2,0
BRDA:32,2,3,0
BRDA:32,2,4,0
BRDA:32,2,5,0
BRDA:35,3,0,0
BRDA:35,3,1,0
BRDA:39,4,0,0
BRDA:39,4,1,0
BRDA:39,5,0,0
BRDA:39,5,1,0
BRDA:40,6,0,0
BRDA:40,6,1,0
BRDA:43,7,0,0
BRDA:43,7,1,0
BRDA:47,8,0,0
BRDA:47,8,1,0
BRDA:51,9,0,0
BRDA:51,9,1,0
BRDA:52,10,0,0
BRDA:52,10,1,0
BRDA:81,11,0,0
BRDA:81,11,1,0
BRF:28
BRH:0
end_of_record
TN:
SF:apps/api/src/ratelimit.ts
FN:26,(anonymous_0)
FN:28,(anonymous_1)
FN:39,(anonymous_2)
FN:45,(anonymous_3)
FNF:4
FNH:0
FNDA:0,(anonymous_0)
FNDA:0,(anonymous_1)
FNDA:0,(anonymous_2)
FNDA:0,(anonymous_3)
DA:6,0
DA:29,0
DA:30,0
DA:31,0
DA:32,0
DA:33,0
DA:34,0
DA:40,0
DA:41,0
DA:46,0
DA:47,0
DA:48,0
DA:49,0
DA:50,0
DA:51,0
DA:52,0
DA:54,0
LF:17
LH:0
BRDA:32,0,0,0
BRDA:32,0,1,0
BRDA:33,1,0,0
BRDA:33,1,1,0
BRDA:39,2,0,0
BRDA:39,3,0,0
BRDA:45,4,0,0
BRDA:50,5,0,0
BRDA:50,5,1,0
BRF:9
BRH:0
end_of_record
TN:
SF:apps/api/src/tenant-context.ts
FNF:0
FNH:0
DA:5,0
LF:1
LH:0
BRF:0
BRH:0
end_of_record
TN:
SF:apps/api/src/__tests__/health.test.ts
FN:1,(anonymous_0)
FN:2,(anonymous_1)
FN:6,(anonymous_2)
FN:10,(anonymous_3)
FNF:4
FNH:0
FNDA:0,(anonymous_0)
FNDA:0,(anonymous_1)
FNDA:0,(anonymous_2)
FNDA:0,(anonymous_3)
DA:1,0
DA:2,0
DA:3,0
DA:6,0
DA:7,0
DA:10,0
DA:11,0
DA:12,0
DA:13,0
LF:9
LH:0
BRF:0
BRH:0
end_of_record
TN:
SF:apps/api/src/audit/audit.module.ts
FNF:0
FNH:0
LF:0
LH:0
BRF:0
BRH:0
end_of_record
TN:
SF:apps/api/src/audit/audit.service.ts
FN:20,(anonymous_0)
FN:25,(anonymous_1)
FN:46,(anonymous_2)
FNF:3
FNH:0
FNDA:0,(anonymous_0)
FNDA:0,(anonymous_1)
FNDA:0,(anonymous_2)
DA:26,0
DA:27,0
DA:42,0
DA:55,0
DA:57,0
DA:58,0
DA:59,0
DA:60,0
DA:61,0
DA:62,0
DA:63,0
DA:66,0
DA:67,0
DA:68,0
DA:70,0
DA:89,0
LF:16
LH:0
BRDA:42,0,0,0
BRDA:42,0,1,0
BRDA:57,1,0,0
BRDA:57,1,1,0
BRDA:58,2,0,0
BRDA:58,2,1,0
BRDA:59,3,0,0
BRDA:59,3,1,0
BRDA:60,4,0,0
BRDA:60,4,1,0
BRDA:60,5,0,0
BRDA:60,5,1,0
BRDA:62,6,0,0
BRDA:62,6,1,0
BRDA:63,7,0,0
BRDA:63,7,1,0
BRDA:66,8,0,0
BRDA:66,8,1,0
BRDA:67,9,0,0
BRDA:67,9,1,0
BRF:20
BRH:0
end_of_record
TN:
SF:apps/api/src/auth/auth.guard.ts
FN:10,(anonymous_0)
FN:17,(anonymous_1)
FN:51,(anonymous_2)
FNF:3
FNH:0
FNDA:0,(anonymous_0)
FNDA:0,(anonymous_1)
FNDA:0,(anonymous_2)
DA:18,0
DA:23,0
DA:24,0
DA:27,0
DA:28,0
DA:30,0
DA:31,0
DA:34,0
DA:35,0
DA:36,0
DA:37,0
DA:38,0
DA:40,0
DA:41,0
DA:42,0
DA:44,0
DA:45,0
DA:47,0
DA:52,0
DA:53,0
LF:20
LH:0
BRDA:23,0,0,0
BRDA:23,0,1,0
BRDA:30,1,0,0
BRDA:30,1,1,0
BRDA:37,2,0,0
BRDA:37,2,1,0
BRDA:41,3,0,0
BRDA:41,3,1,0
BRDA:52,4,0,0
BRDA:52,4,1,0
BRDA:53,5,0,0
BRDA:53,5,1,0
BRF:12
BRH:0
end_of_record
TN:
SF:apps/api/src/auth/auth.module.ts
FNF:0
FNH:0
LF:0
LH:0
BRF:0
BRH:0
end_of_record
TN:
SF:apps/api/src/auth/auth.service.ts
FN:15,(anonymous_0)
FN:24,(anonymous_1)
FN:130,(anonymous_2)
FN:179,(anonymous_3)
FN:209,(anonymous_4)
FN:239,(anonymous_5)
FN:310,(anonymous_6)
FN:347,(anonymous_7)
FN:359,(anonymous_8)
FN:365,(anonymous_9)
FN:373,(anonymous_10)
FN:396,(anonymous_11)
FN:447,(anonymous_12)
FNF:13
FNH:0
FNDA:0,(anonymous_0)
FNDA:0,(anonymous_1)
FNDA:0,(anonymous_2)
FNDA:0,(anonymous_3)
FNDA:0,(anonymous_4)
FNDA:0,(anonymous_5)
FNDA:0,(anonymous_6)
FNDA:0,(anonymous_7)
FNDA:0,(anonymous_8)
FNDA:0,(anonymous_9)
FNDA:0,(anonymous_10)
FNDA:0,(anonymous_11)
FNDA:0,(anonymous_12)
DA:21,0
DA:25,0
DA:39,0
DA:40,0
DA:46,0
DA:50,0
DA:51,0
DA:55,0
DA:56,0
DA:58,0
DA:59,0
DA:62,0
DA:63,0
DA:66,0
DA:71,0
DA:80,0
DA:84,0
DA:94,0
DA:96,0
DA:97,0
DA:104,0
DA:105,0
DA:107,0
DA:115,0
DA:132,0
DA:136,0
DA:137,0
DA:141,0
DA:145,0
DA:146,0
DA:150,0
DA:153,0
DA:163,0
DA:170,0
DA:180,0
DA:181,0
DA:182,0
DA:196,0
DA:197,0
DA:200,0
DA:202,0
DA:203,0
DA:205,0
DA:211,0
DA:218,0
DA:219,0
DA:226,0
DA:236,0
DA:240,0
DA:241,0
DA:242,0
DA:245,0
DA:259,0
DA:260,0
DA:264,0
DA:265,0
DA:272,0
DA:273,0
DA:280,0
DA:284,0
DA:285,0
DA:287,0
DA:295,0
DA:311,0
DA:340,0
DA:341,0
DA:344,0
DA:355,0
DA:356,0
DA:360,0
DA:361,0
DA:362,0
DA:366,0
DA:367,0
DA:368,0
DA:370,0
DA:374,0
DA:389,0
DA:390,0
DA:393,0
DA:397,0
DA:401,0
DA:402,0
DA:405,0
DA:407,0
DA:408,0
DA:410,0
DA:413,0
DA:414,0
DA:416,0
DA:418,0
DA:419,0
DA:422,0
DA:438,0
DA:444,0
DA:448,0
DA:452,0
DA:453,0
DA:457,0
DA:458,0
DA:459,0
DA:463,0
DA:464,0
DA:468,0
DA:470,0
DA:475,0
DA:480,0
LF:107
LH:0
BRDA:21,0,0,0
BRDA:21,0,1,0
BRDA:39,1,0,0
BRDA:39,1,1,0
BRDA:50,2,0,0
BRDA:50,2,1,0
BRDA:50,3,0,0
BRDA:50,3,1,0
BRDA:55,4,0,0
BRDA:55,4,1,0
BRDA:56,5,0,0
BRDA:56,5,1,0
BRDA:62,6,0,0
BRDA:62,6,1,0
BRDA:74,7,0,0
BRDA:74,7,1,0
BRDA:94,8,0,0
BRDA:94,8,1,0
BRDA:110,9,0,0
BRDA:110,9,1,0
BRDA:123,10,0,0
BRDA:123,10,1,0
BRDA:125,11,0,0
BRDA:125,11,1,0
BRDA:136,12,0,0
BRDA:136,12,1,0
BRDA:145,13,0,0
BRDA:145,13,1,0
BRDA:157,14,0,0
BRDA:157,14,1,0
BRDA:166,15,0,0
BRDA:166,15,1,0
BRDA:174,16,0,0
BRDA:174,16,1,0
BRDA:196,17,0,0
BRDA:196,17,1,0
BRDA:218,18,0,0
BRDA:218,18,1,0
BRDA:241,19,0,0
BRDA:241,19,1,0
BRDA:259,20,0,0
BRDA:259,20,1,0
BRDA:259,21,0,0
BRDA:259,21,1,0
BRDA:259,21,2,0
BRDA:272,22,0,0
BRDA:272,22,1,0
BRDA:276,23,0,0
BRDA:276,23,1,0
BRDA:290,24,0,0
BRDA:290,24,1,0
BRDA:303,25,0,0
BRDA:303,25,1,0
BRDA:305,26,0,0
BRDA:305,26,1,0
BRDA:340,27,0,0
BRDA:340,27,1,0
BRDA:355,28,0,0
BRDA:355,28,1,0
BRDA:367,29,0,0
BRDA:367,29,1,0
BRDA:389,30,0,0
BRDA:389,30,1,0
BRDA:401,31,0,0
BRDA:401,31,1,0
BRDA:407,32,0,0
BRDA:407,32,1,0
BRDA:408,33,0,0
BRDA:408,33,1,0
BRDA:413,34,0,0
BRDA:413,34,1,0
BRDA:418,35,0,0
BRDA:418,35,1,0
BRDA:452,36,0,0
BRDA:452,36,1,0
BRDA:457,37,0,0
BRDA:457,37,1,0
BRDA:458,38,0,0
BRDA:458,38,1,0
BRDA:463,39,0,0
BRDA:463,39,1,0
BRF:81
BRH:0
end_of_record
TN:
SF:apps/api/src/auth/roles.guard.ts
FN:7,(anonymous_0)
FN:9,(anonymous_1)
FN:25,(anonymous_2)
FNF:3
FNH:0
FNDA:0,(anonymous_0)
FNDA:0,(anonymous_1)
FNDA:0,(anonymous_2)
DA:10,0
DA:15,0
DA:16,0
DA:19,0
DA:21,0
DA:22,0
DA:25,0
LF:7
LH:0
BRDA:15,0,0,0
BRDA:15,0,1,0
BRDA:21,1,0,0
BRDA:21,1,1,0
BRF:4
BRH:0
end_of_record
TN:
SF:apps/api/src/auth/session.service.ts
FN:13,(anonymous_0)
FN:15,(anonymous_1)
FN:40,(anonymous_2)
FN:60,(anonymous_3)
FN:81,(anonymous_4)
FN:87,(anonymous_5)
FN:93,(anonymous_6)
FN:103,(anonymous_7)
FN:110,(anonymous_8)
FN:122,(anonymous_9)
FN:155,(anonymous_10)
FN:172,(anonymous_11)
FN:197,(anonymous_12)
FN:208,(anonymous_13)
FN:234,(anonymous_14)
FN:246,(anonymous_15)
FN:256,(anonymous_16)
FN:265,(anonymous_17)
FN:277,(anonymous_18)
FN:282,(anonymous_19)
FN:298,(anonymous_20)
FN:307,(anonymous_21)
FNF:22
FNH:0
FNDA:0,(anonymous_0)
FNDA:0,(anonymous_1)
FNDA:0,(anonymous_2)
FNDA:0,(anonymous_3)
FNDA:0,(anonymous_4)
FNDA:0,(anonymous_5)
FNDA:0,(anonymous_6)
FNDA:0,(anonymous_7)
FNDA:0,(anonymous_8)
FNDA:0,(anonymous_9)
FNDA:0,(anonymous_10)
FNDA:0,(anonymous_11)
FNDA:0,(anonymous_12)
FNDA:0,(anonymous_13)
FNDA:0,(anonymous_14)
FNDA:0,(anonymous_15)
FNDA:0,(anonymous_16)
FNDA:0,(anonymous_17)
FNDA:0,(anonymous_18)
FNDA:0,(anonymous_19)
FNDA:0,(anonymous_20)
FNDA:0,(anonymous_21)
DA:17,0
DA:20,0
DA:23,0
DA:27,0
DA:29,0
DA:31,0
DA:38,0
DA:40,0
DA:46,0
DA:57,0
DA:61,0
DA:63,0
DA:70,0
DA:71,0
DA:74,0
DA:82,0
DA:88,0
DA:94,0
DA:100,0
DA:104,0
DA:111,0
DA:117,0
DA:118,0
DA:123,0
DA:124,0
DA:127,0
DA:135,0
DA:136,0
DA:140,0
DA:151,0
DA:156,0
DA:159,0
DA:168,0
DA:173,0
DA:189,0
DA:198,0
DA:204,0
DA:209,0
DA:214,0
DA:231,0
DA:235,0
DA:237,0
DA:247,0
DA:248,0
DA:257,0
DA:266,0
DA:267,0
DA:278,0
DA:283,0
DA:299,0
DA:308,0
LF:51
LH:0
BRDA:29,0,0,0
BRDA:29,0,1,0
BRDA:51,1,0,0
BRDA:51,1,1,0
BRDA:52,2,0,0
BRDA:52,2,1,0
BRDA:70,3,0,0
BRDA:70,3,1,0
BRDA:112,4,0,0
BRDA:112,4,1,0
BRDA:113,5,0,0
BRDA:113,5,1,0
BRDA:135,6,0,0
BRDA:135,6,1,0
BRDA:145,7,0,0
BRDA:145,7,1,0
BRDA:146,8,0,0
BRDA:146,8,1,0
BRDA:208,9,0,0
BRF:19
BRH:0
end_of_record
TN:
SF:apps/api/src/auth/twofactor.service.ts
FN:11,(anonymous_0)
FN:16,(anonymous_1)
FN:21,(anonymous_2)
FN:34,(anonymous_3)
FN:71,(anonymous_4)
FN:101,(anonymous_5)
FN:119,(anonymous_6)
FN:143,(anonymous_7)
FN:159,(anonymous_8)
FN:184,(anonymous_9)
FN:208,(anonymous_10)
FNF:11
FNH:0
FNDA:0,(anonymous_0)
FNDA:0,(anonymous_1)
FNDA:0,(anonymous_2)
FNDA:0,(anonymous_3)
FNDA:0,(anonymous_4)
FNDA:0,(anonymous_5)
FNDA:0,(anonymous_6)
FNDA:0,(anonymous_7)
FNDA:0,(anonymous_8)
FNDA:0,(anonymous_9)
FNDA:0,(anonymous_10)
DA:12,0
DA:13,0
DA:17,0
DA:18,0
DA:22,0
DA:23,0
DA:24,0
DA:25,0
DA:26,0
DA:31,0
DA:35,0
DA:39,0
DA:40,0
DA:43,0
DA:44,0
DA:48,0
DA:54,0
DA:62,0
DA:64,0
DA:72,0
DA:76,0
DA:77,0
DA:80,0
DA:81,0
DA:88,0
DA:89,0
DA:95,0
DA:98,0
DA:102,0
DA:106,0
DA:107,0
DA:110,0
DA:111,0
DA:120,0
DA:124,0
DA:125,0
DA:129,0
DA:130,0
DA:131,0
DA:134,0
DA:144,0
DA:145,0
DA:147,0
DA:149,0
DA:150,0
DA:151,0
DA:156,0
DA:160,0
DA:164,0
DA:165,0
DA:169,0
DA:175,0
DA:177,0
DA:185,0
DA:188,0
DA:189,0
DA:190,0
DA:193,0
DA:194,0
DA:197,0
DA:205,0
DA:209,0
DA:213,0
DA:214,0
DA:217,0
DA:218,0
DA:221,0
DA:223,0
DA:230,0
DA:233,0
LF:70
LH:0
BRDA:12,0,0,0
BRDA:12,0,1,0
BRDA:12,0,2,0
BRDA:22,1,0,0
BRDA:22,1,1,0
BRDA:25,2,0,0
BRDA:25,2,1,0
BRDA:25,3,0,0
BRDA:25,3,1,0
BRDA:25,3,2,0
BRDA:39,4,0,0
BRDA:39,4,1,0
BRDA:43,5,0,0
BRDA:43,5,1,0
BRDA:76,6,0,0
BRDA:76,6,1,0
BRDA:76,7,0,0
BRDA:76,7,1,0
BRDA:82,8,0,0
BRDA:82,8,1,0
BRDA:88,9,0,0
BRDA:88,9,1,0
BRDA:106,10,0,0
BRDA:106,10,1,0
BRDA:106,11,0,0
BRDA:106,11,1,0
BRDA:106,11,2,0
BRDA:112,12,0,0
BRDA:112,12,1,0
BRDA:124,13,0,0
BRDA:124,13,1,0
BRDA:124,14,0,0
BRDA:124,14,1,0
BRDA:130,15,0,0
BRDA:130,15,1,0
BRDA:164,16,0,0
BRDA:164,16,1,0
BRDA:213,17,0,0
BRDA:213,17,1,0
BRDA:213,18,0,0
BRDA:213,18,1,0
BRDA:213,18,2,0
BRDA:217,19,0,0
BRDA:217,19,1,0
BRDA:221,20,0,0
BRDA:221,20,1,0
BRF:46
BRH:0
end_of_record
TN:
SF:apps/api/src/auth/decorators/current-user.decorator.ts
FN:4,(anonymous_0)
FNF:1
FNH:0
FNDA:0,(anonymous_0)
DA:3,0
DA:5,0
DA:6,0
LF:3
LH:0
BRF:0
BRH:0
end_of_record
TN:
SF:apps/api/src/auth/decorators/public.decorator.ts
FN:4,(anonymous_0)
FNF:1
FNH:0
FNDA:0,(anonymous_0)
DA:3,0
DA:4,0
LF:2
LH:0
BRF:0
BRH:0
end_of_record
TN:
SF:apps/api/src/auth/decorators/roles.decorator.ts
FN:4,(anonymous_0)
FNF:1
FNH:0
FNDA:0,(anonymous_0)
DA:3,0
DA:4,0
LF:2
LH:0
BRF:0
BRH:0
end_of_record
TN:
SF:apps/api/src/auth/dto/index.ts
FNF:0
FNH:0
LF:0
LH:0
BRF:0
BRH:0
end_of_record
TN:
SF:apps/api/src/auth/types/user.types.ts
FNF:0
FNH:0
LF:0
LH:0
BRF:0
BRH:0
end_of_record
TN:
SF:apps/api/src/billing/billing.module.ts
FNF:0
FNH:0
LF:0
LH:0
BRF:0
BRH:0
end_of_record
TN:
SF:apps/api/src/billing/billing.service.ts
FN:8,(anonymous_0)
FN:10,(anonymous_1)
FN:14,(anonymous_2)
FN:17,(anonymous_3)
FN:24,(anonymous_4)
FN:25,(anonymous_5)
FN:35,(anonymous_6)
FN:36,(anonymous_7)
FN:40,(anonymous_8)
FN:42,(anonymous_9)
FN:45,(anonymous_10)
FN:49,(anonymous_11)
FN:50,(anonymous_12)
FN:52,(anonymous_13)
FN:54,(anonymous_14)
FN:56,(anonymous_15)
FN:57,(anonymous_16)
FN:61,(anonymous_17)
FN:62,(anonymous_18)
FN:64,(anonymous_19)
FN:68,(anonymous_20)
FN:69,(anonymous_21)
FN:75,(anonymous_22)
FN:120,(anonymous_23)
FN:142,(anonymous_24)
FN:143,(anonymous_25)
FN:160,(anonymous_26)
FN:161,(anonymous_27)
FN:171,(anonymous_28)
FN:172,(anonymous_29)
FN:177,(anonymous_30)
FN:191,(anonymous_31)
FN:192,(anonymous_32)
FN:197,(anonymous_33)
FN:201,(anonymous_34)
FN:251,(anonymous_35)
FN:273,(anonymous_36)
FN:274,(anonymous_37)
FN:284,(anonymous_38)
FN:285,(anonymous_39)
FN:290,(anonymous_40)
FN:301,(anonymous_41)
FN:302,(anonymous_42)
FN:310,(anonymous_43)
FN:316,(anonymous_44)
FN:325,(anonymous_45)
FN:350,(anonymous_46)
FN:359,(anonymous_47)
FNF:48
FNH:0
FNDA:0,(anonymous_0)
FNDA:0,(anonymous_1)
FNDA:0,(anonymous_2)
FNDA:0,(anonymous_3)
FNDA:0,(anonymous_4)
FNDA:0,(anonymous_5)
FNDA:0,(anonymous_6)
FNDA:0,(anonymous_7)
FNDA:0,(anonymous_8)
FNDA:0,(anonymous_9)
FNDA:0,(anonymous_10)
FNDA:0,(anonymous_11)
FNDA:0,(anonymous_12)
FNDA:0,(anonymous_13)
FNDA:0,(anonymous_14)
FNDA:0,(anonymous_15)
FNDA:0,(anonymous_16)
FNDA:0,(anonymous_17)
FNDA:0,(anonymous_18)
FNDA:0,(anonymous_19)
FNDA:0,(anonymous_20)
FNDA:0,(anonymous_21)
FNDA:0,(anonymous_22)
FNDA:0,(anonymous_23)
FNDA:0,(anonymous_24)
FNDA:0,(anonymous_25)
FNDA:0,(anonymous_26)
FNDA:0,(anonymous_27)
FNDA:0,(anonymous_28)
FNDA:0,(anonymous_29)
FNDA:0,(anonymous_30)
FNDA:0,(anonymous_31)
FNDA:0,(anonymous_32)
FNDA:0,(anonymous_33)
FNDA:0,(anonymous_34)
FNDA:0,(anonymous_35)
FNDA:0,(anonymous_36)
FNDA:0,(anonymous_37)
FNDA:0,(anonymous_38)
FNDA:0,(anonymous_39)
FNDA:0,(anonymous_40)
FNDA:0,(anonymous_41)
FNDA:0,(anonymous_42)
FNDA:0,(anonymous_43)
FNDA:0,(anonymous_44)
FNDA:0,(anonymous_45)
FNDA:0,(anonymous_46)
FNDA:0,(anonymous_47)
DA:11,0
DA:15,0
DA:16,0
DA:17,0
DA:21,0
DA:25,0
DA:36,0
DA:37,0
DA:38,0
DA:39,0
DA:40,0
DA:41,0
DA:42,0
DA:43,0
DA:45,0
DA:46,0
DA:50,0
DA:51,0
DA:52,0
DA:53,0
DA:54,0
DA:56,0
DA:57,0
DA:58,0
DA:62,0
DA:63,0
DA:64,0
DA:65,0
DA:69,0
DA:70,0
DA:71,0
DA:76,0
DA:77,0
DA:78,0
DA:80,0
DA:82,0
DA:83,0
DA:89,0
DA:90,0
DA:93,0
DA:94,0
DA:97,0
DA:99,0
DA:100,0
DA:102,0
DA:103,0
DA:105,0
DA:106,0
DA:108,0
DA:109,0
DA:111,0
DA:112,0
DA:114,0
DA:117,0
DA:120,0
DA:131,0
DA:143,0
DA:161,0
DA:162,0
DA:167,0
DA:168,0
DA:172,0
DA:173,0
DA:175,0
DA:177,0
DA:192,0
DA:193,0
DA:195,0
DA:197,0
DA:202,0
DA:203,0
DA:204,0
DA:206,0
DA:208,0
DA:209,0
DA:216,0
DA:217,0
DA:220,0
DA:221,0
DA:224,0
DA:225,0
DA:228,0
DA:230,0
DA:231,0
DA:233,0
DA:234,0
DA:236,0
DA:237,0
DA:239,0
DA:240,0
DA:242,0
DA:243,0
DA:245,0
DA:248,0
DA:251,0
DA:262,0
DA:274,0
DA:275,0
DA:280,0
DA:281,0
DA:285,0
DA:286,0
DA:288,0
DA:290,0
DA:302,0
DA:303,0
DA:305,0
DA:306,0
DA:307,0
DA:310,0
DA:317,0
DA:318,0
DA:321,0
DA:322,0
DA:325,0
DA:326,0
DA:328,0
DA:330,0
DA:332,0
DA:340,0
DA:343,0
DA:351,0
DA:352,0
DA:355,0
DA:356,0
DA:359,0
DA:361,0
DA:366,0
DA:373,0
DA:376,0
LF:130
LH:0
BRDA:14,0,0,0
BRDA:14,1,0,0
BRDA:28,2,0,0
BRDA:28,2,1,0
BRDA:29,3,0,0
BRDA:29,3,1,0
BRDA:37,4,0,0
BRDA:37,4,1,0
BRDA:38,5,0,0
BRDA:38,5,1,0
BRDA:41,6,0,0
BRDA:41,6,1,0
BRDA:42,7,0,0
BRDA:42,7,1,0
BRDA:43,8,0,0
BRDA:43,8,1,0
BRDA:51,9,0,0
BRDA:51,9,1,0
BRDA:53,10,0,0
BRDA:53,10,1,0
BRDA:57,11,0,0
BRDA:57,11,1,0
BRDA:63,12,0,0
BRDA:63,12,1,0
BRDA:70,13,0,0
BRDA:70,13,1,0
BRDA:76,14,0,0
BRDA:76,14,1,0
BRDA:77,15,0,0
BRDA:77,15,1,0
BRDA:82,16,0,0
BRDA:82,16,1,0
BRDA:89,17,0,0
BRDA:89,17,1,0
BRDA:93,18,0,0
BRDA:93,18,1,0
BRDA:97,19,0,0
BRDA:97,19,1,0
BRDA:97,19,2,0
BRDA:97,19,3,0
BRDA:97,19,4,0
BRDA:97,19,5,0
BRDA:153,20,0,0
BRDA:153,20,1,0
BRDA:155,21,0,0
BRDA:155,21,1,0
BRDA:167,22,0,0
BRDA:167,22,1,0
BRDA:175,23,0,0
BRDA:175,23,1,0
BRDA:180,24,0,0
BRDA:180,24,1,0
BRDA:181,25,0,0
BRDA:181,25,1,0
BRDA:182,26,0,0
BRDA:182,26,1,0
BRDA:183,27,0,0
BRDA:183,27,1,0
BRDA:184,28,0,0
BRDA:184,28,1,0
BRDA:185,29,0,0
BRDA:185,29,1,0
BRDA:186,30,0,0
BRDA:186,30,1,0
BRDA:195,31,0,0
BRDA:195,31,1,0
BRDA:202,32,0,0
BRDA:202,32,1,0
BRDA:203,33,0,0
BRDA:203,33,1,0
BRDA:208,34,0,0
BRDA:208,34,1,0
BRDA:216,35,0,0
BRDA:216,35,1,0
BRDA:220,36,0,0
BRDA:220,36,1,0
BRDA:224,37,0,0
BRDA:224,37,1,0
BRDA:228,38,0,0
BRDA:228,38,1,0
BRDA:228,38,2,0
BRDA:228,38,3,0
BRDA:228,38,4,0
BRDA:228,38,5,0
BRDA:280,39,0,0
BRDA:280,39,1,0
BRDA:288,40,0,0
BRDA:288,40,1,0
BRDA:293,41,0,0
BRDA:293,41,1,0
BRDA:294,42,0,0
BRDA:294,42,1,0
BRDA:295,43,0,0
BRDA:295,43,1,0
BRDA:296,44,0,0
BRDA:296,44,1,0
BRDA:305,45,0,0
BRDA:305,45,1,0
BRDA:306,46,0,0
BRDA:306,46,1,0
BRDA:317,47,0,0
BRDA:317,47,1,0
BRDA:317,48,0,0
BRDA:317,48,1,0
BRDA:321,49,0,0
BRDA:321,49,1,0
BRDA:328,50,0,0
BRDA:328,50,1,0
BRDA:351,51,0,0
BRDA:351,51,1,0
BRDA:351,52,0,0
BRDA:351,52,1,0
BRDA:355,53,0,0
BRDA:355,53,1,0
BRF:114
BRH:0
end_of_record
TN:
SF:apps/api/src/billing/dto/billing-query.dto.ts
FN:13,(anonymous_0)
FN:18,(anonymous_1)
FNF:2
FNH:0
FNDA:0,(anonymous_0)
FNDA:0,(anonymous_1)
DA:13,0
DA:16,0
DA:18,0
DA:21,0
LF:4
LH:0
BRF:0
BRH:0
end_of_record
TN:
SF:apps/api/src/billing/dto/create-billing-batch.dto.ts
FNF:0
FNH:0
LF:0
LH:0
BRF:0
BRH:0
end_of_record
TN:
SF:apps/api/src/billing/dto/update-billing-batch.dto.ts
FNF:0
FNH:0
LF:0
LH:0
BRF:0
BRH:0
end_of_record
TN:
SF:apps/api/src/cache/cache.module.ts
FNF:0
FNH:0
LF:0
LH:0
BRF:0
BRH:0
end_of_record
TN:
SF:apps/api/src/cache/cache.service.ts
FN:10,(anonymous_0)
FN:18,(anonymous_1)
FN:27,(anonymous_2)
FN:37,(anonymous_3)
FN:50,(anonymous_4)
FN:64,(anonymous_5)
FN:83,(anonymous_6)
FN:94,(anonymous_7)
FN:99,(anonymous_8)
FN:104,(anonymous_9)
FN:109,(anonymous_10)
FN:114,(anonymous_11)
FN:118,(anonymous_12)
FN:122,(anonymous_13)
FN:126,(anonymous_14)
FN:134,(anonymous_15)
FN:145,(anonymous_16)
FN:153,(anonymous_17)
FNF:18
FNH:0
FNDA:0,(anonymous_0)
FNDA:0,(anonymous_1)
FNDA:0,(anonymous_2)
FNDA:0,(anonymous_3)
FNDA:0,(anonymous_4)
FNDA:0,(anonymous_5)
FNDA:0,(anonymous_6)
FNDA:0,(anonymous_7)
FNDA:0,(anonymous_8)
FNDA:0,(anonymous_9)
FNDA:0,(anonymous_10)
FNDA:0,(anonymous_11)
FNDA:0,(anonymous_12)
FNDA:0,(anonymous_13)
FNDA:0,(anonymous_14)
FNDA:0,(anonymous_15)
FNDA:0,(anonymous_16)
FNDA:0,(anonymous_17)
DA:8,0
DA:11,0
DA:15,0
DA:19,0
DA:20,0
DA:21,0
DA:23,0
DA:28,0
DA:29,0
DA:30,0
DA:32,0
DA:33,0
DA:38,0
DA:39,0
DA:40,0
DA:41,0
DA:43,0
DA:46,0
DA:51,0
DA:52,0
DA:53,0
DA:54,0
DA:57,0
DA:60,0
DA:65,0
DA:67,0
DA:68,0
DA:69,0
DA:70,0
DA:71,0
DA:72,0
DA:73,0
DA:75,0
DA:76,0
DA:79,0
DA:84,0
DA:85,0
DA:86,0
DA:89,0
DA:90,0
DA:91,0
DA:95,0
DA:100,0
DA:101,0
DA:105,0
DA:106,0
DA:110,0
DA:111,0
DA:115,0
DA:119,0
DA:123,0
DA:127,0
DA:128,0
DA:130,0
DA:135,0
DA:137,0
DA:138,0
DA:139,0
DA:142,0
DA:146,0
DA:147,0
DA:149,0
DA:154,0
DA:155,0
DA:156,0
LF:65
LH:0
BRDA:11,0,0,0
BRDA:11,0,1,0
BRDA:23,1,0,0
BRDA:23,1,1,0
BRDA:23,2,0,0
BRDA:23,2,1,0
BRDA:30,3,0,0
BRDA:30,3,1,0
BRDA:32,4,0,0
BRDA:32,4,1,0
BRDA:32,5,0,0
BRDA:32,5,1,0
BRDA:40,6,0,0
BRDA:40,6,1,0
BRDA:46,7,0,0
BRDA:46,7,1,0
BRDA:46,8,0,0
BRDA:46,8,1,0
BRDA:52,9,0,0
BRDA:52,9,1,0
BRDA:53,10,0,0
BRDA:53,10,1,0
BRDA:60,11,0,0
BRDA:60,11,1,0
BRDA:60,12,0,0
BRDA:60,12,1,0
BRDA:72,13,0,0
BRDA:72,13,1,0
BRDA:73,14,0,0
BRDA:73,14,1,0
BRDA:75,15,0,0
BRDA:75,15,1,0
BRDA:79,16,0,0
BRDA:79,16,1,0
BRDA:79,17,0,0
BRDA:79,17,1,0
BRDA:85,18,0,0
BRDA:85,18,1,0
BRDA:105,19,0,0
BRDA:105,19,1,0
BRDA:135,20,0,0
BRDA:135,20,1,0
BRDA:146,21,0,0
BRDA:146,21,1,0
BRF:44
BRH:0
end_of_record
TN:
SF:apps/api/src/calendar/calendar.module.ts
FNF:0
FNH:0
LF:0
LH:0
BRF:0
BRH:0
end_of_record
TN:
SF:apps/api/src/calendar/calendar.service.ts
FN:9,(anonymous_0)
FN:11,(anonymous_1)
FN:15,(anonymous_2)
FN:22,(anonymous_3)
FN:26,(anonymous_4)
FN:27,(anonymous_5)
FN:49,(anonymous_6)
FN:50,(anonymous_7)
FN:63,(anonymous_8)
FN:64,(anonymous_9)
FN:66,(anonymous_10)
FN:78,(anonymous_11)
FN:79,(anonymous_12)
FN:81,(anonymous_13)
FN:85,(anonymous_14)
FN:86,(anonymous_15)
FN:90,(anonymous_16)
FN:95,(anonymous_17)
FN:104,(anonymous_18)
FN:109,(anonymous_19)
FN:110,(anonymous_20)
FN:114,(anonymous_21)
FN:115,(anonymous_22)
FN:119,(anonymous_23)
FN:120,(anonymous_24)
FN:122,(anonymous_25)
FN:126,(anonymous_26)
FN:129,(anonymous_27)
FNF:28
FNH:0
FNDA:0,(anonymous_0)
FNDA:0,(anonymous_1)
FNDA:0,(anonymous_2)
FNDA:0,(anonymous_3)
FNDA:0,(anonymous_4)
FNDA:0,(anonymous_5)
FNDA:0,(anonymous_6)
FNDA:0,(anonymous_7)
FNDA:0,(anonymous_8)
FNDA:0,(anonymous_9)
FNDA:0,(anonymous_10)
FNDA:0,(anonymous_11)
FNDA:0,(anonymous_12)
FNDA:0,(anonymous_13)
FNDA:0,(anonymous_14)
FNDA:0,(anonymous_15)
FNDA:0,(anonymous_16)
FNDA:0,(anonymous_17)
FNDA:0,(anonymous_18)
FNDA:0,(anonymous_19)
FNDA:0,(anonymous_20)
FNDA:0,(anonymous_21)
FNDA:0,(anonymous_22)
FNDA:0,(anonymous_23)
FNDA:0,(anonymous_24)
FNDA:0,(anonymous_25)
FNDA:0,(anonymous_26)
FNDA:0,(anonymous_27)
DA:12,0
DA:16,0
DA:17,0
DA:18,0
DA:19,0
DA:20,0
DA:22,0
DA:23,0
DA:27,0
DA:28,0
DA:33,0
DA:34,0
DA:35,0
DA:36,0
DA:37,0
DA:38,0
DA:39,0
DA:40,0
DA:41,0
DA:42,0
DA:43,0
DA:45,0
DA:46,0
DA:50,0
DA:60,0
DA:64,0
DA:65,0
DA:66,0
DA:79,0
DA:80,0
DA:81,0
DA:82,0
DA:86,0
DA:87,0
DA:91,0
DA:93,0
DA:94,0
DA:95,0
DA:101,0
DA:105,0
DA:106,0
DA:110,0
DA:111,0
DA:115,0
DA:116,0
DA:120,0
DA:121,0
DA:122,0
DA:123,0
DA:127,0
DA:128,0
DA:129,0
DA:134,0
LF:53
LH:0
BRDA:17,0,0,0
BRDA:17,0,1,0
BRDA:17,1,0,0
BRDA:17,1,1,0
BRDA:19,2,0,0
BRDA:19,2,1,0
BRDA:20,3,0,0
BRDA:20,3,1,0
BRDA:42,4,0,0
BRDA:42,4,1,0
BRDA:55,5,0,0
BRDA:55,5,1,0
BRDA:65,6,0,0
BRDA:65,6,1,0
BRDA:69,7,0,0
BRDA:69,7,1,0
BRDA:70,8,0,0
BRDA:70,8,1,0
BRDA:71,9,0,0
BRDA:71,9,1,0
BRDA:72,10,0,0
BRDA:72,10,1,0
BRDA:73,11,0,0
BRDA:73,11,1,0
BRDA:80,12,0,0
BRDA:80,12,1,0
BRDA:91,13,0,0
BRDA:91,13,1,0
BRDA:97,14,0,0
BRDA:97,14,1,0
BRDA:97,15,0,0
BRDA:97,15,1,0
BRDA:121,16,0,0
BRDA:121,16,1,0
BRDA:127,17,0,0
BRDA:127,17,1,0
BRDA:127,17,2,0
BRF:37
BRH:0
end_of_record
TN:
SF:apps/api/src/calendar/dto/calendar.dto.ts
FN:65,(anonymous_0)
FNF:1
FNH:0
FNDA:0,(anonymous_0)
DA:65,0
LF:1
LH:0
BRF:0
BRH:0
end_of_record
TN:
SF:apps/api/src/calendar/dto/create-calendar-event.dto.ts
FNF:0
FNH:0
LF:0
LH:0
BRF:0
BRH:0
end_of_record
TN:
SF:apps/api/src/calendar/dto/update-calendar-event.dto.ts
FNF:0
FNH:0
LF:0
LH:0
BRF:0
BRH:0
end_of_record
TN:
SF:apps/api/src/common/errors/custom-errors.ts
FN:4,(anonymous_0)
FN:17,(anonymous_1)
FN:31,(anonymous_2)
FN:44,(anonymous_3)
FN:57,(anonymous_4)
FN:76,(anonymous_5)
FN:90,(anonymous_6)
FN:105,(anonymous_7)
FN:119,(anonymous_8)
FNF:9
FNH:0
FNDA:0,(anonymous_0)
FNDA:0,(anonymous_1)
FNDA:0,(anonymous_2)
FNDA:0,(anonymous_3)
FNDA:0,(anonymous_4)
FNDA:0,(anonymous_5)
FNDA:0,(anonymous_6)
FNDA:0,(anonymous_7)
FNDA:0,(anonymous_8)
DA:5,0
DA:18,0
DA:32,0
DA:45,0
DA:58,0
DA:62,0
DA:77,0
DA:91,0
DA:106,0
DA:120,0
LF:10
LH:0
BRDA:4,0,0,0
BRDA:31,1,0,0
BRDA:44,2,0,0
BRDA:58,3,0,0
BRDA:58,3,1,0
BRDA:96,4,0,0
BRDA:96,4,1,0
BRDA:105,5,0,0
BRDA:125,6,0,0
BRDA:125,6,1,0
BRF:10
BRH:0
end_of_record
TN:
SF:apps/api/src/common/filters/global-exception.filter.ts
FN:16,(anonymous_0)
FNF:1
FNH:0
FNDA:0,(anonymous_0)
DA:14,0
DA:17,0
DA:18,0
DA:19,0
DA:21,0
DA:22,0
DA:23,0
DA:24,0
DA:27,0
DA:28,0
DA:29,0
DA:31,0
DA:32,0
DA:33,0
DA:34,0
DA:35,0
DA:36,0
DA:37,0
DA:39,0
DA:40,0
DA:41,0
DA:43,0
DA:45,0
DA:46,0
DA:47,0
DA:49,0
DA:50,0
DA:52,0
DA:53,0
DA:55,0
DA:56,0
DA:58,0
DA:59,0
DA:61,0
DA:62,0
DA:63,0
DA:64,0
DA:65,0
DA:66,0
DA:67,0
DA:68,0
DA:69,0
DA:70,0
DA:71,0
DA:72,0
DA:73,0
DA:74,0
DA:75,0
DA:76,0
DA:79,0
DA:80,0
DA:81,0
DA:82,0
DA:83,0
DA:84,0
DA:85,0
DA:86,0
DA:87,0
DA:92,0
DA:106,0
DA:107,0
DA:109,0
DA:113,0
DA:123,0
LF:64
LH:0
BRDA:27,0,0,0
BRDA:27,0,1,0
BRDA:31,1,0,0
BRDA:31,1,1,0
BRDA:33,2,0,0
BRDA:33,2,1,0
BRDA:33,3,0,0
BRDA:33,3,1,0
BRDA:35,4,0,0
BRDA:35,4,1,0
BRDA:35,4,2,0
BRDA:36,5,0,0
BRDA:36,5,1,0
BRDA:37,6,0,0
BRDA:37,6,1,0
BRDA:39,7,0,0
BRDA:39,7,1,0
BRDA:43,8,0,0
BRDA:43,8,1,0
BRDA:43,8,2,0
BRDA:43,8,3,0
BRDA:43,8,4,0
BRDA:61,9,0,0
BRDA:61,9,1,0
BRDA:66,10,0,0
BRDA:66,10,1,0
BRDA:70,11,0,0
BRDA:70,11,1,0
BRDA:74,12,0,0
BRDA:74,12,1,0
BRDA:79,13,0,0
BRDA:79,13,1,0
BRDA:82,14,0,0
BRDA:82,14,1,0
BRDA:82,15,0,0
BRDA:82,15,1,0
BRDA:85,16,0,0
BRDA:85,16,1,0
BRDA:102,17,0,0
BRDA:102,17,1,0
BRDA:103,18,0,0
BRDA:103,18,1,0
BRDA:106,19,0,0
BRDA:106,19,1,0
BRDA:119,20,0,0
BRDA:119,20,1,0
BRDA:120,21,0,0
BRDA:120,21,1,0
BRDA:120,22,0,0
BRDA:120,22,1,0
BRF:50
BRH:0
end_of_record
TN:
SF:apps/api/src/common/guards/rate-limit.guard.ts
FN:10,(anonymous_0)
FN:14,(anonymous_1)
FN:52,(anonymous_2)
FNF:3
FNH:0
FNDA:0,(anonymous_0)
FNDA:0,(anonymous_1)
FNDA:0,(anonymous_2)
DA:8,0
DA:11,0
DA:19,0
DA:20,0
DA:23,0
DA:26,0
DA:28,0
DA:38,0
DA:49,0
DA:53,0
DA:54,0
DA:55,0
DA:58,0
DA:60,0
LF:14
LH:0
BRDA:26,0,0,0
BRDA:26,0,1,0
BRDA:58,1,0,0
BRDA:58,1,1,0
BRF:4
BRH:0
end_of_record
TN:
SF:apps/api/src/common/interceptors/response.interceptor.ts
FN:20,(anonymous_0)
FN:25,(anonymous_1)
FNF:2
FNH:0
FNDA:0,(anonymous_0)
FNDA:0,(anonymous_1)
DA:21,0
DA:22,0
DA:24,0
DA:25,0
LF:4
LH:0
BRF:0
BRH:0
end_of_record
TN:
SF:apps/api/src/common/interfaces/api-response.interface.ts
FNF:0
FNH:0
LF:0
LH:0
BRF:0
BRH:0
end_of_record
TN:
SF:apps/api/src/common/metrics/custom-metrics.service.ts
FN:126,(anonymous_0)
FN:149,(anonymous_1)
FN:156,(anonymous_2)
FN:160,(anonymous_3)
FN:165,(anonymous_4)
FN:169,(anonymous_5)
FN:173,(anonymous_6)
FN:178,(anonymous_7)
FN:182,(anonymous_8)
FN:187,(anonymous_9)
FN:191,(anonymous_10)
FN:196,(anonymous_11)
FN:200,(anonymous_12)
FN:205,(anonymous_13)
FN:212,(anonymous_14)
FN:217,(anonymous_15)
FN:221,(anonymous_16)
FN:225,(anonymous_17)
FNF:18
FNH:0
FNDA:0,(anonymous_0)
FNDA:0,(anonymous_1)
FNDA:0,(anonymous_2)
FNDA:0,(anonymous_3)
FNDA:0,(anonymous_4)
FNDA:0,(anonymous_5)
FNDA:0,(anonymous_6)
FNDA:0,(anonymous_7)
FNDA:0,(anonymous_8)
FNDA:0,(anonymous_9)
FNDA:0,(anonymous_10)
FNDA:0,(anonymous_11)
FNDA:0,(anonymous_12)
FNDA:0,(anonymous_13)
FNDA:0,(anonymous_14)
FNDA:0,(anonymous_15)
FNDA:0,(anonymous_16)
FNDA:0,(anonymous_17)
DA:7,0
DA:13,0
DA:19,0
DA:25,0
DA:32,0
DA:39,0
DA:45,0
DA:52,0
DA:58,0
DA:65,0
DA:71,0
DA:79,0
DA:85,0
DA:92,0
DA:98,0
DA:106,0
DA:113,0
DA:119,0
DA:128,0
DA:129,0
DA:130,0
DA:131,0
DA:132,0
DA:133,0
DA:134,0
DA:135,0
DA:136,0
DA:137,0
DA:138,0
DA:139,0
DA:140,0
DA:141,0
DA:142,0
DA:143,0
DA:144,0
DA:145,0
DA:150,0
DA:151,0
DA:152,0
DA:157,0
DA:161,0
DA:166,0
DA:170,0
DA:174,0
DA:179,0
DA:183,0
DA:188,0
DA:192,0
DA:197,0
DA:201,0
DA:206,0
DA:207,0
DA:208,0
DA:213,0
DA:218,0
DA:222,0
DA:226,0
DA:227,0
DA:228,0
DA:229,0
DA:230,0
DA:231,0
DA:232,0
LF:63
LH:0
BRDA:151,0,0,0
BRDA:151,0,1,0
BRDA:151,1,0,0
BRDA:151,1,1,0
BRDA:226,2,0,0
BRDA:226,2,1,0
BRDA:227,3,0,0
BRDA:227,3,1,0
BRDA:228,4,0,0
BRDA:228,4,1,0
BRDA:229,5,0,0
BRDA:229,5,1,0
BRDA:230,6,0,0
BRDA:230,6,1,0
BRDA:231,7,0,0
BRDA:231,7,1,0
BRF:16
BRH:0
end_of_record
TN:
SF:apps/api/src/common/middleware/cookie-auth.middleware.ts
FN:6,(anonymous_0)
FNF:1
FNH:0
FNDA:0,(anonymous_0)
DA:8,0
DA:10,0
DA:11,0
DA:14,0
LF:4
LH:0
BRDA:10,0,0,0
BRDA:10,0,1,0
BRDA:10,1,0,0
BRDA:10,1,1,0
BRF:4
BRH:0
end_of_record
TN:
SF:apps/api/src/common/middleware/security.middleware.ts
FN:8,(anonymous_0)
FN:16,(anonymous_1)
FN:24,(anonymous_2)
FNF:3
FNH:0
FNDA:0,(anonymous_0)
FNDA:0,(anonymous_1)
FNDA:0,(anonymous_2)
DA:10,0
DA:18,0
DA:26,0
LF:3
LH:0
BRF:0
BRH:0
end_of_record
TN:
SF:apps/api/src/common/services/error-handler.service.ts
FN:17,(anonymous_0)
FN:19,(anonymous_1)
FN:64,(anonymous_2)
FN:86,(anonymous_3)
FN:107,(anonymous_4)
FN:113,(anonymous_5)
FN:118,(anonymous_6)
FN:123,(anonymous_7)
FN:147,(anonymous_8)
FN:155,(anonymous_9)
FN:163,(anonymous_10)
FN:171,(anonymous_11)
FNF:12
FNH:0
FNDA:0,(anonymous_0)
FNDA:0,(anonymous_1)
FNDA:0,(anonymous_2)
FNDA:0,(anonymous_3)
FNDA:0,(anonymous_4)
FNDA:0,(anonymous_5)
FNDA:0,(anonymous_6)
FNDA:0,(anonymous_7)
FNDA:0,(anonymous_8)
FNDA:0,(anonymous_9)
FNDA:0,(anonymous_10)
FNDA:0,(anonymous_11)
DA:15,0
DA:24,0
DA:34,0
DA:36,0
DA:37,0
DA:39,0
DA:40,0
DA:42,0
DA:43,0
DA:45,0
DA:46,0
DA:50,0
DA:51,0
DA:52,0
DA:54,0
DA:59,0
DA:60,0
DA:65,0
DA:66,0
DA:82,0
DA:87,0
DA:89,0
DA:91,0
DA:94,0
DA:95,0
DA:99,0
DA:100,0
DA:103,0
DA:110,0
DA:115,0
DA:120,0
DA:124,0
DA:125,0
DA:127,0
DA:128,0
DA:131,0
DA:132,0
DA:133,0
DA:134,0
DA:135,0
DA:136,0
DA:140,0
DA:148,0
DA:156,0
DA:164,0
DA:172,0
LF:46
LH:0
BRDA:21,0,0,0
BRDA:22,1,0,0
BRDA:34,2,0,0
BRDA:34,2,1,0
BRDA:34,2,2,0
BRDA:34,2,3,0
BRDA:50,3,0,0
BRDA:50,3,1,0
BRDA:50,4,0,0
BRDA:50,4,1,0
BRDA:59,5,0,0
BRDA:59,5,1,0
BRDA:94,6,0,0
BRDA:94,6,1,0
BRDA:99,7,0,0
BRDA:99,7,1,0
BRDA:123,8,0,0
BRDA:127,9,0,0
BRDA:127,9,1,0
BRDA:131,10,0,0
BRDA:131,10,1,0
BRDA:131,11,0,0
BRDA:131,11,1,0
BRDA:133,12,0,0
BRDA:133,12,1,0
BRDA:133,13,0,0
BRDA:133,13,1,0
BRDA:135,14,0,0
BRDA:135,14,1,0
BRDA:147,15,0,0
BRDA:148,16,0,0
BRDA:148,16,1,0
BRDA:155,17,0,0
BRDA:156,18,0,0
BRDA:156,18,1,0
BRDA:163,19,0,0
BRDA:164,20,0,0
BRDA:164,20,1,0
BRDA:171,21,0,0
BRDA:172,22,0,0
BRDA:172,22,1,0
BRF:41
BRH:0
end_of_record
TN:
SF:apps/api/src/common/services/input-sanitization.service.ts
FN:8,(anonymous_0)
FN:25,(anonymous_1)
FN:36,(anonymous_2)
FN:46,(anonymous_3)
FN:53,(anonymous_4)
FN:63,(anonymous_5)
FN:81,(anonymous_6)
FN:89,(anonymous_7)
FN:105,(anonymous_8)
FN:117,(anonymous_9)
FN:128,(anonymous_10)
FN:140,(anonymous_11)
FN:148,(anonymous_12)
FN:163,(anonymous_13)
FN:181,(anonymous_14)
FN:195,(anonymous_15)
FN:201,(anonymous_16)
FN:202,(anonymous_17)
FN:206,(anonymous_18)
FNF:19
FNH:0
FNDA:0,(anonymous_0)
FNDA:0,(anonymous_1)
FNDA:0,(anonymous_2)
FNDA:0,(anonymous_3)
FNDA:0,(anonymous_4)
FNDA:0,(anonymous_5)
FNDA:0,(anonymous_6)
FNDA:0,(anonymous_7)
FNDA:0,(anonymous_8)
FNDA:0,(anonymous_9)
FNDA:0,(anonymous_10)
FNDA:0,(anonymous_11)
FNDA:0,(anonymous_12)
FNDA:0,(anonymous_13)
FNDA:0,(anonymous_14)
FNDA:0,(anonymous_15)
FNDA:0,(anonymous_16)
FNDA:0,(anonymous_17)
FNDA:0,(anonymous_18)
DA:9,0
DA:12,0
DA:21,0
DA:26,0
DA:28,0
DA:37,0
DA:39,0
DA:47,0
DA:49,0
DA:54,0
DA:56,0
DA:64,0
DA:66,0
DA:67,0
DA:70,0
DA:71,0
DA:74,0
DA:76,0
DA:82,0
DA:84,0
DA:85,0
DA:88,0
DA:89,0
DA:92,0
DA:93,0
DA:94,0
DA:95,0
DA:96,0
DA:98,0
DA:101,0
DA:106,0
DA:108,0
DA:118,0
DA:120,0
DA:129,0
DA:132,0
DA:139,0
DA:140,0
DA:141,0
DA:144,0
DA:149,0
DA:150,0
DA:153,0
DA:154,0
DA:155,0
DA:156,0
DA:159,0
DA:164,0
DA:165,0
DA:168,0
DA:169,0
DA:170,0
DA:173,0
DA:174,0
DA:177,0
DA:182,0
DA:183,0
DA:186,0
DA:187,0
DA:188,0
DA:191,0
DA:196,0
DA:197,0
DA:200,0
DA:201,0
DA:202,0
DA:207,0
DA:208,0
DA:211,0
DA:212,0
DA:214,0
LF:71
LH:0
BRDA:9,0,0,0
BRDA:9,0,1,0
BRDA:26,1,0,0
BRDA:26,1,1,0
BRDA:37,2,0,0
BRDA:37,2,1,0
BRDA:47,3,0,0
BRDA:47,3,1,0
BRDA:54,4,0,0
BRDA:54,4,1,0
BRDA:64,5,0,0
BRDA:64,5,1,0
BRDA:70,6,0,0
BRDA:70,6,1,0
BRDA:82,7,0,0
BRDA:82,7,1,0
BRDA:84,8,0,0
BRDA:84,8,1,0
BRDA:88,9,0,0
BRDA:88,9,1,0
BRDA:92,10,0,0
BRDA:92,10,1,0
BRDA:92,11,0,0
BRDA:92,11,1,0
BRDA:106,12,0,0
BRDA:106,12,1,0
BRDA:118,13,0,0
BRDA:118,13,1,0
BRDA:129,14,0,0
BRDA:129,14,1,0
BRDA:149,15,0,0
BRDA:149,15,1,0
BRDA:150,16,0,0
BRDA:150,16,1,0
BRDA:153,17,0,0
BRDA:153,17,1,0
BRDA:156,18,0,0
BRDA:156,18,1,0
BRDA:164,19,0,0
BRDA:164,19,1,0
BRDA:168,20,0,0
BRDA:168,20,1,0
BRDA:173,21,0,0
BRDA:173,21,1,0
BRDA:182,22,0,0
BRDA:182,22,1,0
BRDA:183,23,0,0
BRDA:183,23,1,0
BRDA:186,24,0,0
BRDA:186,24,1,0
BRDA:188,25,0,0
BRDA:188,25,1,0
BRDA:196,26,0,0
BRDA:196,26,1,0
BRDA:202,27,0,0
BRDA:202,27,1,0
BRDA:207,28,0,0
BRDA:207,28,1,0
BRDA:207,29,0,0
BRDA:207,29,1,0
BRF:60
BRH:0
end_of_record
TN:
SF:apps/api/src/common/services/logging.service.ts
FN:20,(anonymous_0)
FN:27,(anonymous_1)
FN:37,(anonymous_2)
FN:50,(anonymous_3)
FN:60,(anonymous_4)
FN:70,(anonymous_5)
FN:74,(anonymous_6)
FN:84,(anonymous_7)
FN:147,(anonymous_8)
FN:178,(anonymous_9)
FN:212,(anonymous_10)
FN:244,(anonymous_11)
FNF:12
FNH:0
FNDA:0,(anonymous_0)
FNDA:0,(anonymous_1)
FNDA:0,(anonymous_2)
FNDA:0,(anonymous_3)
FNDA:0,(anonymous_4)
FNDA:0,(anonymous_5)
FNDA:0,(anonymous_6)
FNDA:0,(anonymous_7)
FNDA:0,(anonymous_8)
FNDA:0,(anonymous_9)
FNDA:0,(anonymous_10)
FNDA:0,(anonymous_11)
DA:24,0
DA:28,0
DA:38,0
DA:51,0
DA:61,0
DA:71,0
DA:75,0
DA:85,0
DA:87,0
DA:88,0
DA:90,0
DA:94,0
DA:95,0
DA:98,0
DA:99,0
DA:102,0
DA:103,0
DA:106,0
DA:111,0
DA:112,0
DA:135,0
DA:136,0
DA:141,0
DA:143,0
DA:151,0
DA:164,0
DA:187,0
DA:201,0
DA:217,0
DA:235,0
DA:236,0
DA:237,0
DA:249,0
LF:33
LH:0
BRDA:22,0,0,0
BRDA:31,1,0,0
BRDA:31,1,1,0
BRDA:41,2,0,0
BRDA:41,2,1,0
BRDA:54,3,0,0
BRDA:54,3,1,0
BRDA:64,4,0,0
BRDA:64,4,1,0
BRDA:78,5,0,0
BRDA:78,5,1,0
BRDA:87,6,0,0
BRDA:87,6,1,0
BRDA:90,7,0,0
BRDA:90,7,1,0
BRDA:90,7,2,0
BRDA:90,7,3,0
BRDA:90,7,4,0
BRDA:111,8,0,0
BRDA:111,8,1,0
BRDA:135,9,0,0
BRDA:135,9,1,0
BRDA:135,10,0,0
BRDA:135,10,1,0
BRDA:151,11,0,0
BRDA:151,11,1,0
BRDA:164,12,0,0
BRDA:164,12,1,0
BRDA:235,13,0,0
BRDA:235,13,1,0
BRDA:235,14,0,0
BRDA:235,14,1,0
BRF:32
BRH:0
end_of_record
TN:
SF:apps/api/src/common/services/monitoring.service.ts
FN:20,(anonymous_0)
FN:22,(anonymous_1)
FN:54,(anonymous_2)
FN:78,(anonymous_3)
FN:101,(anonymous_4)
FNF:5
FNH:0
FNDA:0,(anonymous_0)
FNDA:0,(anonymous_1)
FNDA:0,(anonymous_2)
FNDA:0,(anonymous_3)
FNDA:0,(anonymous_4)
DA:18,0
DA:23,0
DA:25,0
DA:26,0
DA:30,0
DA:47,0
DA:50,0
DA:55,0
DA:56,0
DA:74,0
DA:79,0
DA:80,0
DA:97,0
DA:103,0
DA:109,0
DA:110,0
DA:113,0
DA:115,0
LF:18
LH:0
BRDA:25,0,0,0
BRDA:25,0,1,0
BRF:2
BRH:0
end_of_record
TN:
SF:apps/api/src/common/services/query-optimization.service.ts
FN:6,(anonymous_0)
FN:9,(anonymous_1)
FN:72,(anonymous_2)
FN:109,(anonymous_3)
FN:146,(anonymous_4)
FN:233,(anonymous_5)
FN:263,(anonymous_6)
FN:281,(anonymous_7)
FNF:8
FNH:0
FNDA:0,(anonymous_0)
FNDA:0,(anonymous_1)
FNDA:0,(anonymous_2)
FNDA:0,(anonymous_3)
FNDA:0,(anonymous_4)
FNDA:0,(anonymous_5)
FNDA:0,(anonymous_6)
FNDA:0,(anonymous_7)
DA:15,0
DA:78,0
DA:115,0
DA:155,0
DA:221,0
DA:234,0
DA:256,0
DA:267,0
DA:269,0
DA:270,0
DA:274,0
DA:277,0
DA:285,0
DA:295,0
DA:320,0
LF:15
LH:0
BRDA:9,0,0,0
BRDA:72,1,0,0
BRDA:109,2,0,0
BRDA:225,3,0,0
BRDA:225,3,1,0
BRDA:281,4,0,0
BRDA:323,5,0,0
BRDA:323,5,1,0
BRDA:323,6,0,0
BRDA:323,6,1,0
BRF:10
BRH:0
end_of_record
TN:
SF:apps/api/src/common/utils/json-utils.ts
FN:6,toPrismaJson
FN:16,toPrismaJsonValue
FNF:2
FNH:0
FNDA:0,toPrismaJson
FNDA:0,toPrismaJsonValue
DA:7,0
DA:8,0
DA:10,0
DA:17,0
DA:18,0
DA:20,0
LF:6
LH:0
BRDA:7,0,0,0
BRDA:7,0,1,0
BRDA:7,1,0,0
BRDA:7,1,1,0
BRDA:17,2,0,0
BRDA:17,2,1,0
BRDA:17,3,0,0
BRDA:17,3,1,0
BRF:8
BRH:0
end_of_record
TN:
SF:apps/api/src/common/utils/prisma-json.util.ts
FN:3,toPrismaJsonValue
FN:10,fromPrismaJsonValue
FNF:2
FNH:0
FNDA:0,toPrismaJsonValue
FNDA:0,fromPrismaJsonValue
DA:4,0
DA:5,0
DA:7,0
DA:11,0
DA:12,0
DA:14,0
LF:6
LH:0
BRDA:4,0,0,0
BRDA:4,0,1,0
BRDA:4,1,0,0
BRDA:4,1,1,0
BRDA:11,2,0,0
BRDA:11,2,1,0
BRF:6
BRH:0
end_of_record
TN:
SF:apps/api/src/common/utils/response.util.ts
FN:4,(anonymous_0)
FN:20,(anonymous_1)
FN:45,(anonymous_2)
FN:63,(anonymous_3)
FN:71,(anonymous_4)
FNF:5
FNH:0
FNDA:0,(anonymous_0)
FNDA:0,(anonymous_1)
FNDA:0,(anonymous_2)
FNDA:0,(anonymous_3)
FNDA:0,(anonymous_4)
DA:10,0
DA:29,0
DA:52,0
DA:68,0
DA:72,0
LF:5
LH:0
BRDA:6,0,0,0
BRDA:7,1,0,0
BRDA:8,2,0,0
BRDA:25,3,0,0
BRDA:26,4,0,0
BRDA:27,5,0,0
BRDA:48,6,0,0
BRDA:49,7,0,0
BRDA:65,8,0,0
BRDA:66,9,0,0
BRDA:71,10,0,0
BRDA:71,11,0,0
BRF:12
BRH:0
end_of_record
TN:
SF:apps/api/src/common/validators/custom.validators.ts
FN:12,(anonymous_0)
FN:31,(anonymous_1)
FN:36,IsValidEmail
FN:37,(anonymous_3)
FN:51,(anonymous_4)
FN:80,(anonymous_5)
FN:83,(anonymous_6)
FN:88,IsStrongPassword
FN:89,(anonymous_8)
FN:103,(anonymous_9)
FN:119,(anonymous_10)
FN:122,(anonymous_11)
FN:127,IsValidPhone
FN:128,(anonymous_13)
FN:142,(anonymous_14)
FN:150,(anonymous_15)
FN:155,IsValidSku
FN:156,(anonymous_17)
FN:170,(anonymous_18)
FN:181,(anonymous_19)
FN:186,IsValidCurrency
FN:187,(anonymous_21)
FN:201,(anonymous_22)
FN:212,(anonymous_23)
FN:217,IsValidUrl
FN:218,(anonymous_25)
FN:232,(anonymous_26)
FN:244,(anonymous_27)
FN:250,IsValidDateRange
FN:251,(anonymous_29)
FN:265,(anonymous_30)
FN:289,(anonymous_31)
FN:294,IsSanitizedHtml
FN:295,(anonymous_33)
FNF:34
FNH:0
FNDA:0,(anonymous_0)
FNDA:0,(anonymous_1)
FNDA:0,IsValidEmail
FNDA:0,(anonymous_3)
FNDA:0,(anonymous_4)
FNDA:0,(anonymous_5)
FNDA:0,(anonymous_6)
FNDA:0,IsStrongPassword
FNDA:0,(anonymous_8)
FNDA:0,(anonymous_9)
FNDA:0,(anonymous_10)
FNDA:0,(anonymous_11)
FNDA:0,IsValidPhone
FNDA:0,(anonymous_13)
FNDA:0,(anonymous_14)
FNDA:0,(anonymous_15)
FNDA:0,IsValidSku
FNDA:0,(anonymous_17)
FNDA:0,(anonymous_18)
FNDA:0,(anonymous_19)
FNDA:0,IsValidCurrency
FNDA:0,(anonymous_21)
FNDA:0,(anonymous_22)
FNDA:0,(anonymous_23)
FNDA:0,IsValidUrl
FNDA:0,(anonymous_25)
FNDA:0,(anonymous_26)
FNDA:0,(anonymous_27)
FNDA:0,IsValidDateRange
FNDA:0,(anonymous_29)
FNDA:0,(anonymous_30)
FNDA:0,(anonymous_31)
FNDA:0,IsSanitizedHtml
FNDA:0,(anonymous_33)
DA:13,0
DA:15,0
DA:16,0
DA:19,0
DA:27,0
DA:28,0
DA:32,0
DA:37,0
DA:38,0
DA:52,0
DA:55,0
DA:58,0
DA:61,0
DA:64,0
DA:67,0
DA:70,0
DA:79,0
DA:80,0
DA:84,0
DA:89,0
DA:90,0
DA:104,0
DA:107,0
DA:110,0
DA:113,0
DA:119,0
DA:123,0
DA:128,0
DA:129,0
DA:143,0
DA:146,0
DA:147,0
DA:151,0
DA:156,0
DA:157,0
DA:171,0
DA:173,0
DA:178,0
DA:182,0
DA:187,0
DA:188,0
DA:202,0
DA:204,0
DA:205,0
DA:206,0
DA:208,0
DA:213,0
DA:218,0
DA:219,0
DA:233,0
DA:234,0
DA:236,0
DA:238,0
DA:239,0
DA:241,0
DA:245,0
DA:246,0
DA:251,0
DA:252,0
DA:266,0
DA:269,0
DA:274,0
DA:275,0
DA:277,0
DA:279,0
DA:280,0
DA:281,0
DA:282,0
DA:286,0
DA:290,0
DA:295,0
DA:296,0
LF:72
LH:0
BRDA:13,0,0,0
BRDA:13,0,1,0
BRDA:16,1,0,0
BRDA:16,1,1,0
BRDA:28,2,0,0
BRDA:28,2,1,0
BRDA:41,3,0,0
BRDA:41,3,1,0
BRDA:52,4,0,0
BRDA:52,4,1,0
BRDA:55,5,0,0
BRDA:55,5,1,0
BRDA:58,6,0,0
BRDA:58,6,1,0
BRDA:61,7,0,0
BRDA:61,7,1,0
BRDA:64,8,0,0
BRDA:64,8,1,0
BRDA:67,9,0,0
BRDA:67,9,1,0
BRDA:93,10,0,0
BRDA:93,10,1,0
BRDA:104,11,0,0
BRDA:104,11,1,0
BRDA:110,12,0,0
BRDA:110,12,1,0
BRDA:110,13,0,0
BRDA:110,13,1,0
BRDA:132,14,0,0
BRDA:132,14,1,0
BRDA:143,15,0,0
BRDA:143,15,1,0
BRDA:160,16,0,0
BRDA:160,16,1,0
BRDA:171,17,0,0
BRDA:171,17,1,0
BRDA:191,18,0,0
BRDA:191,18,1,0
BRDA:202,19,0,0
BRDA:202,19,1,0
BRDA:222,20,0,0
BRDA:222,20,1,0
BRDA:236,21,0,0
BRDA:236,21,1,0
BRDA:236,22,0,0
BRDA:236,22,1,0
BRDA:255,23,0,0
BRDA:255,23,1,0
BRDA:266,24,0,0
BRDA:266,24,1,0
BRDA:277,25,0,0
BRDA:277,25,1,0
BRDA:281,26,0,0
BRDA:281,26,1,0
BRDA:281,27,0,0
BRDA:281,27,1,0
BRDA:299,28,0,0
BRDA:299,28,1,0
BRF:58
BRH:0
end_of_record
TN:
SF:apps/api/src/config/env.service.ts
FN:8,(anonymous_0)
FN:12,(anonymous_1)
FN:57,(anonymous_2)
FN:61,(anonymous_3)
FN:65,(anonymous_4)
FN:69,(anonymous_5)
FN:73,(anonymous_6)
FN:77,(anonymous_7)
FN:81,(anonymous_8)
FN:85,(anonymous_9)
FN:89,(anonymous_10)
FN:93,(anonymous_11)
FN:97,(anonymous_12)
FN:101,(anonymous_13)
FN:105,(anonymous_14)
FN:109,(anonymous_15)
FN:113,(anonymous_16)
FN:117,(anonymous_17)
FN:121,(anonymous_18)
FN:125,(anonymous_19)
FN:129,(anonymous_20)
FN:133,(anonymous_21)
FN:137,(anonymous_22)
FN:141,(anonymous_23)
FN:145,(anonymous_24)
FN:149,(anonymous_25)
FN:154,(anonymous_26)
FN:158,(anonymous_27)
FN:162,(anonymous_28)
FN:167,(anonymous_29)
FNF:30
FNH:0
FNDA:0,(anonymous_0)
FNDA:0,(anonymous_1)
FNDA:0,(anonymous_2)
FNDA:0,(anonymous_3)
FNDA:0,(anonymous_4)
FNDA:0,(anonymous_5)
FNDA:0,(anonymous_6)
FNDA:0,(anonymous_7)
FNDA:0,(anonymous_8)
FNDA:0,(anonymous_9)
FNDA:0,(anonymous_10)
FNDA:0,(anonymous_11)
FNDA:0,(anonymous_12)
FNDA:0,(anonymous_13)
FNDA:0,(anonymous_14)
FNDA:0,(anonymous_15)
FNDA:0,(anonymous_16)
FNDA:0,(anonymous_17)
FNDA:0,(anonymous_18)
FNDA:0,(anonymous_19)
FNDA:0,(anonymous_20)
FNDA:0,(anonymous_21)
FNDA:0,(anonymous_22)
FNDA:0,(anonymous_23)
FNDA:0,(anonymous_24)
FNDA:0,(anonymous_25)
FNDA:0,(anonymous_26)
FNDA:0,(anonymous_27)
FNDA:0,(anonymous_28)
FNDA:0,(anonymous_29)
DA:9,0
DA:13,0
DA:41,0
DA:47,0
DA:48,0
DA:49,0
DA:53,0
DA:58,0
DA:62,0
DA:66,0
DA:70,0
DA:74,0
DA:78,0
DA:82,0
DA:86,0
DA:90,0
DA:94,0
DA:98,0
DA:102,0
DA:106,0
DA:110,0
DA:114,0
DA:118,0
DA:122,0
DA:126,0
DA:130,0
DA:134,0
DA:138,0
DA:142,0
DA:146,0
DA:150,0
DA:155,0
DA:159,0
DA:163,0
DA:168,0
LF:35
LH:0
BRDA:15,0,0,0
BRDA:15,0,1,0
BRDA:30,1,0,0
BRDA:30,1,1,0
BRDA:37,2,0,0
BRDA:37,2,1,0
BRDA:48,3,0,0
BRDA:48,3,1,0
BRDA:62,4,0,0
BRDA:62,4,1,0
BRDA:122,5,0,0
BRDA:122,5,1,0
BRDA:150,6,0,0
BRDA:150,6,1,0
BRF:14
BRH:0
end_of_record
TN:
SF:apps/api/src/config/env.validation.ts
FN:12,validateEnvOnStartup
FNF:1
FNH:0
FNDA:0,validateEnvOnStartup
DA:7,0
DA:8,0
DA:9,0
DA:13,0
LF:4
LH:0
BRF:0
BRH:0
end_of_record
TN:
SF:apps/api/src/config/shared-env.validation.ts
FN:113,validateSharedEnvironment
FN:123,(anonymous_1)
FN:134,validateSharedEnvOnStartup
FN:193,(anonymous_3)
FNF:4
FNH:0
FNDA:0,validateSharedEnvironment
FNDA:0,(anonymous_1)
FNDA:0,validateSharedEnvOnStartup
FNDA:0,(anonymous_3)
DA:13,0
DA:17,0
DA:80,0
DA:110,0
DA:114,0
DA:118,0
DA:122,0
DA:123,0
DA:124,0
DA:125,0
DA:128,0
DA:131,0
DA:135,0
DA:136,0
DA:137,0
DA:140,0
DA:142,0
DA:143,0
DA:146,0
DA:147,0
DA:151,0
DA:152,0
DA:155,0
DA:156,0
DA:160,0
DA:161,0
DA:164,0
DA:165,0
DA:169,0
DA:170,0
DA:173,0
DA:174,0
DA:178,0
DA:181,0
DA:184,0
DA:185,0
DA:188,0
DA:192,0
DA:194,0
LF:39
LH:0
BRDA:122,0,0,0
BRDA:122,0,1,0
BRDA:124,1,0,0
BRDA:124,1,1,0
BRDA:140,2,0,0
BRDA:140,2,1,0
BRDA:142,3,0,0
BRDA:142,3,1,0
BRDA:146,4,0,0
BRDA:146,4,1,0
BRDA:151,5,0,0
BRDA:151,5,1,0
BRDA:155,6,0,0
BRDA:155,6,1,0
BRDA:155,7,0,0
BRDA:155,7,1,0
BRDA:160,8,0,0
BRDA:160,8,1,0
BRDA:160,9,0,0
BRDA:160,9,1,0
BRDA:164,10,0,0
BRDA:164,10,1,0
BRDA:164,11,0,0
BRDA:164,11,1,0
BRDA:169,12,0,0
BRDA:169,12,1,0
BRDA:169,13,0,0
BRDA:169,13,1,0
BRDA:173,14,0,0
BRDA:173,14,1,0
BRDA:173,15,0,0
BRDA:173,15,1,0
BRDA:181,16,0,0
BRDA:181,16,1,0
BRDA:184,17,0,0
BRDA:184,17,1,0
BRF:36
BRH:0
end_of_record
TN:
SF:apps/api/src/customers/customers.module.ts
FNF:0
FNH:0
LF:0
LH:0
BRF:0
BRH:0
end_of_record
TN:
SF:apps/api/src/customers/customers.service.ts
FN:10,(anonymous_0)
FN:12,(anonymous_1)
FN:16,(anonymous_2)
FN:48,(anonymous_3)
FN:69,(anonymous_4)
FN:72,(anonymous_5)
FN:90,(anonymous_6)
FN:91,(anonymous_7)
FN:113,(anonymous_8)
FN:120,(anonymous_9)
FN:123,(anonymous_10)
FN:144,(anonymous_11)
FN:145,(anonymous_12)
FN:169,(anonymous_13)
FN:170,(anonymous_14)
FN:172,(anonymous_15)
FN:193,(anonymous_16)
FN:194,(anonymous_17)
FN:196,(anonymous_18)
FN:200,(anonymous_19)
FN:209,(anonymous_20)
FN:237,(anonymous_21)
FN:246,(anonymous_22)
FNF:23
FNH:0
FNDA:0,(anonymous_0)
FNDA:0,(anonymous_1)
FNDA:0,(anonymous_2)
FNDA:0,(anonymous_3)
FNDA:0,(anonymous_4)
FNDA:0,(anonymous_5)
FNDA:0,(anonymous_6)
FNDA:0,(anonymous_7)
FNDA:0,(anonymous_8)
FNDA:0,(anonymous_9)
FNDA:0,(anonymous_10)
FNDA:0,(anonymous_11)
FNDA:0,(anonymous_12)
FNDA:0,(anonymous_13)
FNDA:0,(anonymous_14)
FNDA:0,(anonymous_15)
FNDA:0,(anonymous_16)
FNDA:0,(anonymous_17)
FNDA:0,(anonymous_18)
FNDA:0,(anonymous_19)
FNDA:0,(anonymous_20)
FNDA:0,(anonymous_21)
FNDA:0,(anonymous_22)
DA:13,0
DA:17,0
DA:18,0
DA:19,0
DA:21,0
DA:22,0
DA:30,0
DA:31,0
DA:32,0
DA:33,0
DA:34,0
DA:35,0
DA:36,0
DA:40,0
DA:41,0
DA:44,0
DA:45,0
DA:48,0
DA:69,0
DA:70,0
DA:71,0
DA:72,0
DA:73,0
DA:74,0
DA:76,0
DA:87,0
DA:91,0
DA:92,0
DA:110,0
DA:113,0
DA:114,0
DA:119,0
DA:120,0
DA:121,0
DA:122,0
DA:123,0
DA:126,0
DA:134,0
DA:140,0
DA:141,0
DA:145,0
DA:170,0
DA:171,0
DA:172,0
DA:194,0
DA:195,0
DA:196,0
DA:197,0
DA:201,0
DA:202,0
DA:205,0
DA:206,0
DA:209,0
DA:210,0
DA:212,0
DA:213,0
DA:214,0
DA:215,0
DA:217,0
DA:219,0
DA:227,0
DA:230,0
DA:238,0
DA:239,0
DA:242,0
DA:243,0
DA:246,0
DA:247,0
DA:254,0
DA:257,0
LF:70
LH:0
BRDA:16,0,0,0
BRDA:16,1,0,0
BRDA:21,2,0,0
BRDA:21,2,1,0
BRDA:30,3,0,0
BRDA:30,3,1,0
BRDA:31,4,0,0
BRDA:31,4,1,0
BRDA:33,5,0,0
BRDA:33,5,1,0
BRDA:35,6,0,0
BRDA:35,6,1,0
BRDA:40,7,0,0
BRDA:40,7,1,0
BRDA:44,8,0,0
BRDA:44,8,1,0
BRDA:70,9,0,0
BRDA:70,9,1,0
BRDA:72,10,0,0
BRDA:72,10,1,0
BRDA:73,11,0,0
BRDA:73,11,1,0
BRDA:74,12,0,0
BRDA:74,12,1,0
BRDA:110,13,0,0
BRDA:110,13,1,0
BRDA:120,14,0,0
BRDA:120,14,1,0
BRDA:121,15,0,0
BRDA:121,15,1,0
BRDA:122,16,0,0
BRDA:122,16,1,0
BRDA:140,17,0,0
BRDA:140,17,1,0
BRDA:151,18,0,0
BRDA:151,18,1,0
BRDA:152,19,0,0
BRDA:152,19,1,0
BRDA:153,20,0,0
BRDA:153,20,1,0
BRDA:154,21,0,0
BRDA:154,21,1,0
BRDA:155,22,0,0
BRDA:155,22,1,0
BRDA:156,23,0,0
BRDA:156,23,1,0
BRDA:157,24,0,0
BRDA:157,24,1,0
BRDA:158,25,0,0
BRDA:158,25,1,0
BRDA:159,26,0,0
BRDA:159,26,1,0
BRDA:160,27,0,0
BRDA:160,27,1,0
BRDA:161,28,0,0
BRDA:161,28,1,0
BRDA:162,29,0,0
BRDA:162,29,1,0
BRDA:163,30,0,0
BRDA:163,30,1,0
BRDA:164,31,0,0
BRDA:164,31,1,0
BRDA:171,32,0,0
BRDA:171,32,1,0
BRDA:175,33,0,0
BRDA:175,33,1,0
BRDA:176,34,0,0
BRDA:176,34,1,0
BRDA:177,35,0,0
BRDA:177,35,1,0
BRDA:178,36,0,0
BRDA:178,36,1,0
BRDA:179,37,0,0
BRDA:179,37,1,0
BRDA:180,38,0,0
BRDA:180,38,1,0
BRDA:181,39,0,0
BRDA:181,39,1,0
BRDA:182,40,0,0
BRDA:182,40,1,0
BRDA:183,41,0,0
BRDA:183,41,1,0
BRDA:184,42,0,0
BRDA:184,42,1,0
BRDA:185,43,0,0
BRDA:185,43,1,0
BRDA:186,44,0,0
BRDA:186,44,1,0
BRDA:187,45,0,0
BRDA:187,45,1,0
BRDA:188,46,0,0
BRDA:188,46,1,0
BRDA:195,47,0,0
BRDA:195,47,1,0
BRDA:201,48,0,0
BRDA:201,48,1,0
BRDA:201,49,0,0
BRDA:201,49,1,0
BRDA:205,50,0,0
BRDA:205,50,1,0
BRDA:212,51,0,0
BRDA:212,51,1,0
BRDA:213,52,0,0
BRDA:213,52,1,0
BRDA:214,53,0,0
BRDA:214,53,1,0
BRDA:215,54,0,0
BRDA:215,54,1,0
BRDA:238,55,0,0
BRDA:238,55,1,0
BRDA:238,56,0,0
BRDA:238,56,1,0
BRDA:242,57,0,0
BRDA:242,57,1,0
BRF:114
BRH:0
end_of_record
TN:
SF:apps/api/src/customers/dto/create-customer.dto.ts
FNF:0
FNH:0
LF:0
LH:0
BRF:0
BRH:0
end_of_record
TN:
SF:apps/api/src/customers/dto/customer-query.dto.ts
FN:18,(anonymous_0)
FN:23,(anonymous_1)
FNF:2
FNH:0
FNDA:0,(anonymous_0)
FNDA:0,(anonymous_1)
DA:18,0
DA:21,0
DA:23,0
DA:26,0
LF:4
LH:0
BRF:0
BRH:0
end_of_record
TN:
SF:apps/api/src/customers/dto/update-customer.dto.ts
FNF:0
FNH:0
LF:0
LH:0
BRF:0
BRH:0
end_of_record
TN:
SF:apps/api/src/health/health.service.spec.ts
FN:6,(anonymous_0)
FN:28,(anonymous_1)
FN:48,(anonymous_2)
FN:52,(anonymous_3)
FN:53,(anonymous_4)
FN:67,(anonymous_5)
FN:77,(anonymous_6)
FN:91,(anonymous_7)
FN:92,(anonymous_8)
FNF:9
FNH:0
FNDA:0,(anonymous_0)
FNDA:0,(anonymous_1)
FNDA:0,(anonymous_2)
FNDA:0,(anonymous_3)
FNDA:0,(anonymous_4)
FNDA:0,(anonymous_5)
FNDA:0,(anonymous_6)
FNDA:0,(anonymous_7)
FNDA:0,(anonymous_8)
DA:6,0
DA:11,0
DA:19,0
DA:28,0
DA:29,0
DA:43,0
DA:44,0
DA:45,0
DA:48,0
DA:49,0
DA:52,0
DA:53,0
DA:55,0
DA:56,0
DA:58,0
DA:60,0
DA:61,0
DA:62,0
DA:63,0
DA:64,0
DA:67,0
DA:69,0
DA:71,0
DA:73,0
DA:74,0
DA:77,0
DA:78,0
DA:79,0
DA:81,0
DA:83,0
DA:84,0
DA:85,0
DA:86,0
DA:87,0
DA:91,0
DA:92,0
DA:93,0
DA:94,0
DA:96,0
DA:98,0
DA:99,0
DA:100,0
DA:101,0
LF:43
LH:0
BRF:0
BRH:0
end_of_record
TN:
SF:apps/api/src/health/health.service.ts
FN:43,(anonymous_0)
FN:60,(anonymous_1)
FN:79,(anonymous_2)
FN:93,(anonymous_3)
FN:127,(anonymous_4)
FN:172,(anonymous_5)
FN:204,(anonymous_6)
FN:225,(anonymous_7)
FN:254,(anonymous_8)
FN:269,(anonymous_9)
FN:281,(anonymous_10)
FN:284,(anonymous_11)
FN:294,(anonymous_12)
FN:322,(anonymous_13)
FN:326,(anonymous_14)
FN:343,(anonymous_15)
FN:371,(anonymous_16)
FN:384,(anonymous_17)
FNF:18
FNH:0
FNDA:0,(anonymous_0)
FNDA:0,(anonymous_1)
FNDA:0,(anonymous_2)
FNDA:0,(anonymous_3)
FNDA:0,(anonymous_4)
FNDA:0,(anonymous_5)
FNDA:0,(anonymous_6)
FNDA:0,(anonymous_7)
FNDA:0,(anonymous_8)
FNDA:0,(anonymous_9)
FNDA:0,(anonymous_10)
FNDA:0,(anonymous_11)
FNDA:0,(anonymous_12)
FNDA:0,(anonymous_13)
FNDA:0,(anonymous_14)
FNDA:0,(anonymous_15)
FNDA:0,(anonymous_16)
FNDA:0,(anonymous_17)
DA:38,0
DA:47,0
DA:48,0
DA:49,0
DA:61,0
DA:64,0
DA:71,0
DA:79,0
DA:80,0
DA:83,0
DA:85,0
DA:94,0
DA:96,0
DA:98,0
DA:101,0
DA:104,0
DA:106,0
DA:108,0
DA:117,0
DA:119,0
DA:128,0
DA:130,0
DA:132,0
DA:135,0
DA:136,0
DA:138,0
DA:139,0
DA:140,0
DA:142,0
DA:143,0
DA:147,0
DA:148,0
DA:150,0
DA:152,0
DA:162,0
DA:164,0
DA:173,0
DA:175,0
DA:177,0
DA:181,0
DA:183,0
DA:185,0
DA:194,0
DA:196,0
DA:205,0
DA:207,0
DA:215,0
DA:225,0
DA:227,0
DA:228,0
DA:231,0
DA:233,0
DA:244,0
DA:246,0
DA:255,0
DA:256,0
DA:257,0
DA:259,0
DA:270,0
DA:271,0
DA:274,0
DA:275,0
DA:278,0
DA:282,0
DA:284,0
DA:285,0
DA:286,0
DA:287,0
DA:291,0
DA:301,0
DA:304,0
DA:310,0
DA:316,0
DA:323,0
DA:325,0
DA:326,0
DA:328,0
DA:336,0
DA:344,0
DA:345,0
DA:346,0
DA:349,0
DA:350,0
DA:352,0
DA:353,0
DA:354,0
DA:356,0
DA:364,0
DA:372,0
DA:374,0
DA:380,0
DA:384,0
DA:388,0
LF:93
LH:0
BRDA:72,0,0,0
BRDA:72,0,1,0
BRDA:73,1,0,0
BRDA:73,1,1,0
BRDA:74,2,0,0
BRDA:74,2,1,0
BRDA:75,3,0,0
BRDA:75,3,1,0
BRDA:117,4,0,0
BRDA:117,4,1,0
BRDA:122,5,0,0
BRDA:122,5,1,0
BRDA:142,6,0,0
BRDA:142,6,1,0
BRDA:162,7,0,0
BRDA:162,7,1,0
BRDA:167,8,0,0
BRDA:167,8,1,0
BRDA:194,9,0,0
BRDA:194,9,1,0
BRDA:199,10,0,0
BRDA:199,10,1,0
BRDA:227,11,0,0
BRDA:227,11,1,0
BRDA:244,12,0,0
BRDA:244,12,1,0
BRDA:249,13,0,0
BRDA:249,13,1,0
BRDA:270,14,0,0
BRDA:270,14,1,0
BRDA:274,15,0,0
BRDA:274,15,1,0
BRDA:285,16,0,0
BRDA:285,16,1,0
BRDA:311,17,0,0
BRDA:311,17,1,0
BRDA:312,18,0,0
BRDA:312,18,1,0
BRDA:313,19,0,0
BRDA:313,19,1,0
BRDA:326,20,0,0
BRDA:326,20,1,0
BRDA:338,21,0,0
BRDA:338,21,1,0
BRDA:366,22,0,0
BRDA:366,22,1,0
BRDA:381,23,0,0
BRDA:381,23,1,0
BRDA:384,24,0,0
BRDA:384,24,1,0
BRDA:390,25,0,0
BRDA:390,25,1,0
BRF:52
BRH:0
end_of_record
TN:
SF:apps/api/src/inbound/inbound.module.ts
FNF:0
FNH:0
LF:0
LH:0
BRF:0
BRH:0
end_of_record
TN:
SF:apps/api/src/inbound/inbound.service.ts
FN:7,(anonymous_0)
FN:9,(anonymous_1)
FN:13,(anonymous_2)
FN:16,(anonymous_3)
FN:23,(anonymous_4)
FN:24,(anonymous_5)
FN:27,(anonymous_6)
FN:35,(anonymous_7)
FN:36,(anonymous_8)
FN:43,(anonymous_9)
FN:44,(anonymous_10)
FN:48,(anonymous_11)
FNF:12
FNH:0
FNDA:0,(anonymous_0)
FNDA:0,(anonymous_1)
FNDA:0,(anonymous_2)
FNDA:0,(anonymous_3)
FNDA:0,(anonymous_4)
FNDA:0,(anonymous_5)
FNDA:0,(anonymous_6)
FNDA:0,(anonymous_7)
FNDA:0,(anonymous_8)
FNDA:0,(anonymous_9)
FNDA:0,(anonymous_10)
FNDA:0,(anonymous_11)
DA:10,0
DA:14,0
DA:15,0
DA:16,0
DA:20,0
DA:24,0
DA:28,0
DA:29,0
DA:30,0
DA:31,0
DA:32,0
DA:36,0
DA:37,0
DA:38,0
DA:41,0
DA:42,0
DA:43,0
DA:44,0
DA:48,0
DA:49,0
LF:20
LH:0
BRDA:13,0,0,0
BRDA:13,1,0,0
BRDA:24,2,0,0
BRDA:24,2,1,0
BRDA:29,3,0,0
BRDA:29,3,1,0
BRDA:30,4,0,0
BRDA:30,4,1,0
BRDA:31,5,0,0
BRDA:31,5,1,0
BRDA:37,6,0,0
BRDA:37,6,1,0
BRDA:38,7,0,0
BRDA:38,7,1,0
BRDA:42,8,0,0
BRDA:42,8,1,0
BRF:16
BRH:0
end_of_record
TN:
SF:apps/api/src/inventory/inventory.module.ts
FNF:0
FNH:0
LF:0
LH:0
BRF:0
BRH:0
end_of_record
TN:
SF:apps/api/src/inventory/inventory.service.ts
FN:10,(anonymous_0)
FN:12,(anonymous_1)
FN:73,(anonymous_2)
FN:93,(anonymous_3)
FN:141,(anonymous_4)
FN:218,(anonymous_5)
FN:259,(anonymous_6)
FN:299,(anonymous_7)
FN:347,(anonymous_8)
FN:365,(anonymous_9)
FNF:10
FNH:0
FNDA:0,(anonymous_0)
FNDA:0,(anonymous_1)
FNDA:0,(anonymous_2)
FNDA:0,(anonymous_3)
FNDA:0,(anonymous_4)
FNDA:0,(anonymous_5)
FNDA:0,(anonymous_6)
FNDA:0,(anonymous_7)
FNDA:0,(anonymous_8)
FNDA:0,(anonymous_9)
DA:18,0
DA:19,0
DA:21,0
DA:22,0
DA:25,0
DA:26,0
DA:29,0
DA:62,0
DA:75,0
DA:80,0
DA:81,0
DA:84,0
DA:88,0
DA:89,0
DA:93,0
DA:94,0
DA:98,0
DA:99,0
DA:100,0
DA:108,0
DA:111,0
DA:138,0
DA:142,0
DA:150,0
DA:151,0
DA:154,0
DA:155,0
DA:159,0
DA:161,0
DA:162,0
DA:164,0
DA:165,0
DA:167,0
DA:168,0
DA:169,0
DA:171,0
DA:173,0
DA:174,0
DA:176,0
DA:180,0
DA:181,0
DA:188,0
DA:215,0
DA:219,0
DA:223,0
DA:224,0
DA:227,0
DA:228,0
DA:231,0
DA:256,0
DA:260,0
DA:287,0
DA:288,0
DA:292,0
DA:293,0
DA:296,0
DA:305,0
DA:306,0
DA:308,0
DA:309,0
DA:312,0
DA:313,0
DA:318,0
DA:336,0
DA:348,0
DA:355,0
DA:356,0
DA:360,0
DA:365,0
DA:366,0
DA:370,0
DA:398,0
LF:72
LH:0
BRDA:21,0,0,0
BRDA:21,0,1,0
BRDA:25,1,0,0
BRDA:25,1,1,0
BRDA:80,2,0,0
BRDA:80,2,1,0
BRDA:88,3,0,0
BRDA:88,3,1,0
BRDA:93,4,0,0
BRDA:93,4,1,0
BRDA:93,5,0,0
BRDA:93,5,1,0
BRDA:99,6,0,0
BRDA:99,6,1,0
BRDA:116,7,0,0
BRDA:116,7,1,0
BRDA:150,8,0,0
BRDA:150,8,1,0
BRDA:154,9,0,0
BRDA:154,9,1,0
BRDA:162,10,0,0
BRDA:162,10,1,0
BRDA:162,10,2,0
BRDA:162,10,3,0
BRDA:168,11,0,0
BRDA:168,11,1,0
BRDA:180,12,0,0
BRDA:180,12,1,0
BRDA:223,13,0,0
BRDA:223,13,1,0
BRDA:227,14,0,0
BRDA:227,14,1,0
BRDA:287,15,0,0
BRDA:287,15,1,0
BRDA:292,16,0,0
BRDA:292,16,1,0
BRDA:292,17,0,0
BRDA:292,17,1,0
BRDA:308,18,0,0
BRDA:308,18,1,0
BRDA:312,19,0,0
BRDA:312,19,1,0
BRDA:355,20,0,0
BRDA:355,20,1,0
BRDA:365,21,0,0
BRDA:365,21,1,0
BRDA:365,22,0,0
BRDA:365,22,1,0
BRDA:365,22,2,0
BRF:49
BRH:0
end_of_record
TN:
SF:apps/api/src/inventory/dto/inventory.dto.ts
FNF:0
FNH:0
LF:0
LH:0
BRF:0
BRH:0
end_of_record
TN:
SF:apps/api/src/invoices/invoices.module.ts
FNF:0
FNH:0
LF:0
LH:0
BRF:0
BRH:0
end_of_record
TN:
SF:apps/api/src/invoices/invoices.service.ts
FN:7,(anonymous_0)
FN:9,(anonymous_1)
FN:13,(anonymous_2)
FN:16,(anonymous_3)
FN:28,(anonymous_4)
FN:29,(anonymous_5)
FNF:6
FNH:0
FNDA:0,(anonymous_0)
FNDA:0,(anonymous_1)
FNDA:0,(anonymous_2)
FNDA:0,(anonymous_3)
FNDA:0,(anonymous_4)
FNDA:0,(anonymous_5)
DA:10,0
DA:14,0
DA:15,0
DA:16,0
DA:25,0
DA:29,0
DA:30,0
DA:31,0
LF:8
LH:0
BRDA:13,0,0,0
BRDA:13,1,0,0
BRDA:30,2,0,0
BRDA:30,2,1,0
BRF:4
BRH:0
end_of_record
TN:
SF:apps/api/src/jobs/job.service.spec.ts
FN:5,(anonymous_0)
FN:13,(anonymous_1)
FN:28,(anonymous_2)
FN:32,(anonymous_3)
FN:33,(anonymous_4)
FN:66,(anonymous_5)
FN:67,(anonymous_6)
FN:106,(anonymous_7)
FN:107,(anonymous_8)
FN:137,(anonymous_9)
FN:138,(anonymous_10)
FNF:11
FNH:0
FNDA:0,(anonymous_0)
FNDA:0,(anonymous_1)
FNDA:0,(anonymous_2)
FNDA:0,(anonymous_3)
FNDA:0,(anonymous_4)
FNDA:0,(anonymous_5)
FNDA:0,(anonymous_6)
FNDA:0,(anonymous_7)
FNDA:0,(anonymous_8)
FNDA:0,(anonymous_9)
FNDA:0,(anonymous_10)
DA:5,0
DA:9,0
DA:13,0
DA:14,0
DA:24,0
DA:25,0
DA:28,0
DA:29,0
DA:32,0
DA:33,0
DA:34,0
DA:35,0
DA:38,0
DA:43,0
DA:45,0
DA:47,0
DA:66,0
DA:67,0
DA:68,0
DA:69,0
DA:70,0
DA:71,0
DA:73,0
DA:77,0
DA:79,0
DA:81,0
DA:106,0
DA:107,0
DA:108,0
DA:109,0
DA:111,0
DA:115,0
DA:117,0
DA:119,0
DA:137,0
DA:138,0
DA:139,0
DA:146,0
DA:152,0
DA:154,0
DA:155,0
DA:156,0
DA:157,0
DA:158,0
DA:159,0
DA:160,0
LF:46
LH:0
BRF:0
BRH:0
end_of_record
TN:
SF:apps/api/src/jobs/job.service.ts
FN:16,(anonymous_0)
FN:20,(anonymous_1)
FN:40,(anonymous_2)
FN:43,(anonymous_3)
FN:46,(anonymous_4)
FN:58,(anonymous_5)
FN:79,(anonymous_6)
FN:100,(anonymous_7)
FN:122,(anonymous_8)
FN:159,(anonymous_9)
FN:180,(anonymous_10)
FN:201,(anonymous_11)
FN:222,(anonymous_12)
FN:242,(anonymous_13)
FN:260,(anonymous_14)
FN:275,(anonymous_15)
FNF:16
FNH:0
FNDA:0,(anonymous_0)
FNDA:0,(anonymous_1)
FNDA:0,(anonymous_2)
FNDA:0,(anonymous_3)
FNDA:0,(anonymous_4)
FNDA:0,(anonymous_5)
FNDA:0,(anonymous_6)
FNDA:0,(anonymous_7)
FNDA:0,(anonymous_8)
FNDA:0,(anonymous_9)
FNDA:0,(anonymous_10)
FNDA:0,(anonymous_11)
FNDA:0,(anonymous_12)
FNDA:0,(anonymous_13)
FNDA:0,(anonymous_14)
FNDA:0,(anonymous_15)
DA:11,0
DA:13,0
DA:14,0
DA:17,0
DA:21,0
DA:23,0
DA:30,0
DA:31,0
DA:32,0
DA:34,0
DA:36,0
DA:41,0
DA:43,0
DA:46,0
DA:49,0
DA:51,0
DA:53,0
DA:59,0
DA:60,0
DA:62,0
DA:75,0
DA:76,0
DA:80,0
DA:81,0
DA:83,0
DA:96,0
DA:97,0
DA:101,0
DA:102,0
DA:104,0
DA:117,0
DA:118,0
DA:133,0
DA:134,0
DA:136,0
DA:155,0
DA:156,0
DA:160,0
DA:161,0
DA:163,0
DA:176,0
DA:177,0
DA:181,0
DA:182,0
DA:184,0
DA:197,0
DA:198,0
DA:202,0
DA:203,0
DA:205,0
DA:217,0
DA:218,0
DA:223,0
DA:224,0
DA:226,0
DA:238,0
DA:239,0
DA:243,0
DA:244,0
DA:246,0
DA:255,0
DA:256,0
DA:261,0
DA:263,0
DA:266,0
DA:268,0
DA:270,0
DA:276,0
DA:278,0
DA:279,0
DA:280,0
DA:281,0
DA:282,0
DA:284,0
DA:292,0
LF:75
LH:0
BRDA:36,0,0,0
BRDA:36,0,1,0
BRDA:53,1,0,0
BRDA:53,1,1,0
BRDA:60,2,0,0
BRDA:60,2,1,0
BRDA:67,3,0,0
BRDA:67,3,1,0
BRDA:81,4,0,0
BRDA:81,4,1,0
BRDA:88,5,0,0
BRDA:88,5,1,0
BRDA:102,6,0,0
BRDA:102,6,1,0
BRDA:109,7,0,0
BRDA:109,7,1,0
BRDA:130,8,0,0
BRDA:134,9,0,0
BRDA:134,9,1,0
BRDA:146,10,0,0
BRDA:146,10,1,0
BRDA:152,11,0,0
BRDA:152,11,1,0
BRDA:152,12,0,0
BRDA:152,12,1,0
BRDA:161,13,0,0
BRDA:161,13,1,0
BRDA:168,14,0,0
BRDA:168,14,1,0
BRDA:182,15,0,0
BRDA:182,15,1,0
BRDA:189,16,0,0
BRDA:189,16,1,0
BRDA:203,17,0,0
BRDA:203,17,1,0
BRDA:209,18,0,0
BRDA:209,18,1,0
BRDA:222,19,0,0
BRDA:224,20,0,0
BRDA:224,20,1,0
BRDA:230,21,0,0
BRDA:230,21,1,0
BRDA:244,22,0,0
BRDA:244,22,1,0
BRDA:247,23,0,0
BRDA:247,23,1,0
BRDA:270,24,0,0
BRDA:270,24,1,0
BRF:48
BRH:0
end_of_record
TN:
SF:apps/api/src/jobs/jobs.module.ts
FNF:0
FNH:0
LF:0
LH:0
BRF:0
BRH:0
end_of_record
TN:
SF:apps/api/src/jobs/processors/email.processor.ts
FN:23,(anonymous_0)
FN:27,(anonymous_1)
FN:59,(anonymous_2)
FN:76,(anonymous_3)
FN:93,(anonymous_4)
FN:110,(anonymous_5)
FN:133,createEmailWorker
FN:134,(anonymous_7)
FNF:8
FNH:0
FNDA:0,(anonymous_0)
FNDA:0,(anonymous_1)
FNDA:0,(anonymous_2)
FNDA:0,(anonymous_3)
FNDA:0,(anonymous_4)
FNDA:0,(anonymous_5)
FNDA:0,createEmailWorker
FNDA:0,(anonymous_7)
DA:21,0
DA:28,0
DA:30,0
DA:31,0
DA:33,0
DA:34,0
DA:37,0
DA:38,0
DA:39,0
DA:40,0
DA:43,0
DA:50,0
DA:52,0
DA:54,0
DA:55,0
DA:60,0
DA:62,0
DA:63,0
DA:65,0
DA:67,0
DA:69,0
DA:71,0
DA:72,0
DA:77,0
DA:79,0
DA:80,0
DA:82,0
DA:84,0
DA:86,0
DA:88,0
DA:89,0
DA:94,0
DA:96,0
DA:97,0
DA:99,0
DA:101,0
DA:103,0
DA:105,0
DA:106,0
DA:112,0
DA:113,0
DA:116,0
DA:117,0
DA:118,0
DA:119,0
DA:120,0
DA:124,0
DA:129,0
DA:134,0
DA:135,0
DA:139,0
DA:141,0
DA:143,0
DA:145,0
DA:147,0
DA:149,0
LF:56
LH:0
BRDA:37,0,0,0
BRDA:37,0,1,0
BRDA:37,1,0,0
BRDA:37,1,1,0
BRDA:54,2,0,0
BRDA:54,2,1,0
BRDA:71,3,0,0
BRDA:71,3,1,0
BRDA:88,4,0,0
BRDA:88,4,1,0
BRDA:105,5,0,0
BRDA:105,5,1,0
BRDA:139,6,0,0
BRDA:139,6,1,0
BRDA:139,6,2,0
BRDA:139,6,3,0
BRDA:139,6,4,0
BRF:17
BRH:0
end_of_record
TN:
SF:apps/api/src/jobs/processors/file-cleanup.processor.ts
FN:16,(anonymous_0)
FN:21,(anonymous_1)
FN:53,(anonymous_2)
FN:92,(anonymous_3)
FN:120,createFileCleanupWorker
FN:121,(anonymous_5)
FNF:6
FNH:0
FNDA:0,(anonymous_0)
FNDA:0,(anonymous_1)
FNDA:0,(anonymous_2)
FNDA:0,(anonymous_3)
FNDA:0,createFileCleanupWorker
FNDA:0,(anonymous_5)
DA:14,0
DA:22,0
DA:24,0
DA:25,0
DA:27,0
DA:29,0
DA:31,0
DA:34,0
DA:38,0
DA:39,0
DA:40,0
DA:44,0
DA:46,0
DA:48,0
DA:49,0
DA:54,0
DA:55,0
DA:58,0
DA:72,0
DA:74,0
DA:75,0
DA:76,0
DA:77,0
DA:79,0
DA:83,0
DA:85,0
DA:87,0
DA:88,0
DA:93,0
DA:95,0
DA:105,0
DA:107,0
DA:108,0
DA:109,0
DA:110,0
DA:112,0
DA:116,0
DA:121,0
DA:122,0
DA:127,0
DA:129,0
DA:131,0
DA:133,0
LF:43
LH:0
BRDA:22,0,0,0
BRDA:25,1,0,0
BRDA:25,1,1,0
BRDA:29,2,0,0
BRDA:29,2,1,0
BRDA:48,3,0,0
BRDA:48,3,1,0
BRDA:79,4,0,0
BRDA:79,4,1,0
BRDA:87,5,0,0
BRDA:87,5,1,0
BRDA:112,6,0,0
BRDA:112,6,1,0
BRDA:127,7,0,0
BRDA:127,7,1,0
BRDA:127,7,2,0
BRF:16
BRH:0
end_of_record
TN:
SF:apps/api/src/jobs/processors/woo-sync.processor.ts
FN:16,(anonymous_0)
FN:21,(anonymous_1)
FN:54,(anonymous_2)
FN:87,(anonymous_3)
FN:121,createWooSyncWorker
FN:122,(anonymous_5)
FNF:6
FNH:0
FNDA:0,(anonymous_0)
FNDA:0,(anonymous_1)
FNDA:0,(anonymous_2)
FNDA:0,(anonymous_3)
FNDA:0,createWooSyncWorker
FNDA:0,(anonymous_5)
DA:14,0
DA:22,0
DA:24,0
DA:25,0
DA:27,0
DA:31,0
DA:32,0
DA:35,0
DA:45,0
DA:47,0
DA:49,0
DA:50,0
DA:55,0
DA:57,0
DA:58,0
DA:60,0
DA:64,0
DA:65,0
DA:68,0
DA:78,0
DA:80,0
DA:82,0
DA:83,0
DA:88,0
DA:90,0
DA:91,0
DA:93,0
DA:97,0
DA:98,0
DA:101,0
DA:111,0
DA:113,0
DA:115,0
DA:116,0
DA:122,0
DA:123,0
DA:128,0
DA:130,0
DA:132,0
DA:134,0
DA:136,0
LF:41
LH:0
BRDA:31,0,0,0
BRDA:31,0,1,0
BRDA:49,1,0,0
BRDA:49,1,1,0
BRDA:64,2,0,0
BRDA:64,2,1,0
BRDA:82,3,0,0
BRDA:82,3,1,0
BRDA:97,4,0,0
BRDA:97,4,1,0
BRDA:115,5,0,0
BRDA:115,5,1,0
BRDA:128,6,0,0
BRDA:128,6,1,0
BRDA:128,6,2,0
BRDA:128,6,3,0
BRF:16
BRH:0
end_of_record
TN:
SF:apps/api/src/logger/logger.module.ts
FNF:0
FNH:0
LF:0
LH:0
BRF:0
BRH:0
end_of_record
TN:
SF:apps/api/src/logger/logger.service.ts
FN:7,(anonymous_0)
FN:11,(anonymous_1)
FN:15,(anonymous_2)
FN:19,(anonymous_3)
FN:23,(anonymous_4)
FNF:5
FNH:0
FNDA:0,(anonymous_0)
FNDA:0,(anonymous_1)
FNDA:0,(anonymous_2)
FNDA:0,(anonymous_3)
FNDA:0,(anonymous_4)
DA:5,0
DA:8,0
DA:12,0
DA:16,0
DA:20,0
DA:24,0
LF:6
LH:0
BRF:0
BRH:0
end_of_record
TN:
SF:apps/api/src/modules/auth/decorators/roles.decorator.ts
FN:4,(anonymous_0)
FNF:1
FNH:0
FNDA:0,(anonymous_0)
DA:3,0
DA:4,0
LF:2
LH:0
BRF:0
BRH:0
end_of_record
TN:
SF:apps/api/src/modules/auth/guards/jwt-auth.guard.ts
FN:5,(anonymous_0)
FN:23,(anonymous_1)
FNF:2
FNH:0
FNDA:0,(anonymous_0)
FNDA:0,(anonymous_1)
DA:6,0
DA:7,0
DA:9,0
DA:10,0
DA:14,0
DA:16,0
DA:17,0
DA:19,0
DA:24,0
DA:25,0
LF:10
LH:0
BRDA:9,0,0,0
BRDA:9,0,1,0
BRDA:24,1,0,0
BRDA:24,1,1,0
BRDA:25,2,0,0
BRDA:25,2,1,0
BRF:6
BRH:0
end_of_record
TN:
SF:apps/api/src/modules/auth/guards/roles.guard.ts
FN:7,(anonymous_0)
FN:9,(anonymous_1)
FN:18,(anonymous_2)
FNF:3
FNH:0
FNDA:0,(anonymous_0)
FNDA:0,(anonymous_1)
FNDA:0,(anonymous_2)
DA:10,0
DA:14,0
DA:15,0
DA:17,0
DA:18,0
LF:5
LH:0
BRDA:14,0,0,0
BRDA:14,0,1,0
BRF:2
BRH:0
end_of_record
TN:
SF:apps/api/src/modules/email/email.module.ts
FNF:0
FNH:0
LF:0
LH:0
BRF:0
BRH:0
end_of_record
TN:
SF:apps/api/src/modules/email/email.service.ts
FN:17,(anonymous_0)
FN:19,(anonymous_1)
FN:40,(anonymous_2)
FN:64,(anonymous_3)
FN:85,(anonymous_4)
FN:112,(anonymous_5)
FN:147,(anonymous_6)
FNF:7
FNH:0
FNDA:0,(anonymous_0)
FNDA:0,(anonymous_1)
FNDA:0,(anonymous_2)
FNDA:0,(anonymous_3)
FNDA:0,(anonymous_4)
FNDA:0,(anonymous_5)
FNDA:0,(anonymous_6)
DA:15,0
DA:20,0
DA:25,0
DA:26,0
DA:29,0
DA:41,0
DA:42,0
DA:43,0
DA:48,0
DA:56,0
DA:57,0
DA:59,0
DA:60,0
DA:65,0
DA:70,0
DA:72,0
DA:90,0
DA:95,0
DA:96,0
DA:98,0
DA:116,0
DA:121,0
DA:122,0
DA:125,0
DA:130,0
DA:131,0
DA:133,0
DA:148,0
DA:149,0
DA:150,0
DA:151,0
DA:153,0
DA:154,0
LF:33
LH:0
BRDA:25,0,0,0
BRDA:25,0,1,0
BRDA:25,1,0,0
BRDA:25,1,1,0
BRDA:25,1,2,0
BRDA:31,2,0,0
BRDA:31,2,1,0
BRDA:49,3,0,0
BRDA:49,3,1,0
BRDA:49,3,2,0
BRDA:59,4,0,0
BRDA:59,4,1,0
BRDA:70,5,0,0
BRDA:70,5,1,0
BRDA:95,6,0,0
BRDA:95,6,1,0
BRDA:121,7,0,0
BRDA:121,7,1,0
BRDA:131,8,0,0
BRDA:131,8,1,0
BRDA:153,9,0,0
BRDA:153,9,1,0
BRF:22
BRH:0
end_of_record
TN:
SF:apps/api/src/modules/encryption/encryption.module.ts
FNF:0
FNH:0
LF:0
LH:0
BRF:0
BRH:0
end_of_record
TN:
SF:apps/api/src/modules/encryption/encryption.service.ts
FN:12,(anonymous_0)
FN:31,(anonymous_1)
FN:56,(anonymous_2)
FN:81,(anonymous_3)
FN:86,(anonymous_4)
FNF:5
FNH:0
FNDA:0,(anonymous_0)
FNDA:0,(anonymous_1)
FNDA:0,(anonymous_2)
FNDA:0,(anonymous_3)
FNDA:0,(anonymous_4)
DA:6,0
DA:9,0
DA:10,0
DA:13,0
DA:15,0
DA:16,0
DA:17,0
DA:20,0
DA:22,0
DA:23,0
DA:26,0
DA:27,0
DA:32,0
DA:34,0
DA:37,0
DA:40,0
DA:41,0
DA:44,0
DA:47,0
DA:50,0
DA:52,0
DA:57,0
DA:59,0
DA:62,0
DA:63,0
DA:64,0
DA:67,0
DA:68,0
DA:71,0
DA:72,0
DA:74,0
DA:76,0
DA:82,0
DA:87,0
DA:88,0
LF:35
LH:0
BRDA:15,0,0,0
BRDA:15,0,1,0
BRDA:16,1,0,0
BRDA:16,1,1,0
BRDA:22,2,0,0
BRDA:22,2,1,0
BRDA:52,3,0,0
BRDA:52,3,1,0
BRDA:76,4,0,0
BRDA:76,4,1,0
BRF:10
BRH:0
end_of_record
TN:
SF:apps/api/src/modules/file-upload/file-upload.module.ts
FNF:0
FNH:0
LF:0
LH:0
BRF:0
BRH:0
end_of_record
TN:
SF:apps/api/src/modules/file-upload/file-upload.service.spec.ts
FN:7,(anonymous_0)
FN:30,(anonymous_1)
FN:50,(anonymous_2)
FN:54,(anonymous_3)
FN:55,(anonymous_4)
FN:94,(anonymous_5)
FN:105,(anonymous_6)
FN:106,(anonymous_7)
FN:135,(anonymous_8)
FN:156,(anonymous_9)
FN:157,(anonymous_10)
FNF:11
FNH:0
FNDA:0,(anonymous_0)
FNDA:0,(anonymous_1)
FNDA:0,(anonymous_2)
FNDA:0,(anonymous_3)
FNDA:0,(anonymous_4)
FNDA:0,(anonymous_5)
FNDA:0,(anonymous_6)
FNDA:0,(anonymous_7)
FNDA:0,(anonymous_8)
FNDA:0,(anonymous_9)
FNDA:0,(anonymous_10)
DA:7,0
DA:12,0
DA:23,0
DA:30,0
DA:31,0
DA:45,0
DA:46,0
DA:47,0
DA:50,0
DA:51,0
DA:54,0
DA:55,0
DA:56,0
DA:57,0
DA:58,0
DA:59,0
DA:61,0
DA:73,0
DA:80,0
DA:81,0
DA:82,0
DA:83,0
DA:94,0
DA:95,0
DA:96,0
DA:97,0
DA:99,0
DA:105,0
DA:106,0
DA:107,0
DA:108,0
DA:109,0
DA:111,0
DA:119,0
DA:120,0
DA:127,0
DA:129,0
DA:130,0
DA:131,0
DA:132,0
DA:135,0
DA:136,0
DA:137,0
DA:138,0
DA:140,0
DA:148,0
DA:150,0
DA:156,0
DA:157,0
DA:158,0
DA:159,0
DA:160,0
DA:162,0
DA:174,0
DA:175,0
DA:177,0
DA:179,0
DA:180,0
DA:181,0
DA:182,0
DA:183,0
LF:61
LH:0
BRF:0
BRH:0
end_of_record
TN:
SF:apps/api/src/modules/file-upload/file-upload.service.ts
FN:31,(anonymous_0)
FN:46,(anonymous_1)
FN:113,(anonymous_2)
FN:169,(anonymous_3)
FN:198,(anonymous_4)
FN:230,(anonymous_5)
FN:262,(anonymous_6)
FN:291,(anonymous_7)
FN:314,(anonymous_8)
FNF:9
FNH:0
FNDA:0,(anonymous_0)
FNDA:0,(anonymous_1)
FNDA:0,(anonymous_2)
FNDA:0,(anonymous_3)
FNDA:0,(anonymous_4)
FNDA:0,(anonymous_5)
FNDA:0,(anonymous_6)
FNDA:0,(anonymous_7)
FNDA:0,(anonymous_8)
DA:28,0
DA:35,0
DA:53,0
DA:55,0
DA:66,0
DA:67,0
DA:71,0
DA:72,0
DA:73,0
DA:74,0
DA:77,0
DA:84,0
DA:87,0
DA:100,0
DA:102,0
DA:108,0
DA:109,0
DA:118,0
DA:120,0
DA:128,0
DA:129,0
DA:133,0
DA:135,0
DA:136,0
DA:140,0
DA:149,0
DA:151,0
DA:153,0
DA:164,0
DA:165,0
DA:170,0
DA:172,0
DA:177,0
DA:180,0
DA:191,0
DA:193,0
DA:194,0
DA:199,0
DA:200,0
DA:208,0
DA:209,0
DA:212,0
DA:214,0
DA:225,0
DA:226,0
DA:235,0
DA:236,0
DA:244,0
DA:245,0
DA:248,0
DA:253,0
DA:255,0
DA:257,0
DA:258,0
DA:268,0
DA:269,0
DA:274,0
DA:275,0
DA:281,0
DA:291,0
DA:302,0
DA:309,0
DA:310,0
DA:315,0
DA:316,0
DA:325,0
DA:327,0
DA:328,0
DA:329,0
DA:330,0
DA:332,0
DA:336,0
DA:337,0
DA:339,0
DA:340,0
LF:75
LH:0
BRDA:50,0,0,0
BRDA:51,1,0,0
BRDA:66,2,0,0
BRDA:66,2,1,0
BRDA:108,3,0,0
BRDA:108,3,1,0
BRDA:128,4,0,0
BRDA:128,4,1,0
BRDA:133,5,0,0
BRDA:133,5,1,0
BRDA:133,6,0,0
BRDA:133,6,1,0
BRDA:164,7,0,0
BRDA:164,7,1,0
BRDA:193,8,0,0
BRDA:193,8,1,0
BRDA:208,9,0,0
BRDA:208,9,1,0
BRDA:225,10,0,0
BRDA:225,10,1,0
BRDA:233,11,0,0
BRDA:244,12,0,0
BRDA:244,12,1,0
BRDA:257,13,0,0
BRDA:257,13,1,0
BRDA:264,14,0,0
BRDA:265,15,0,0
BRDA:274,16,0,0
BRDA:274,16,1,0
BRDA:309,17,0,0
BRDA:309,17,1,0
BRDA:332,18,0,0
BRDA:332,18,1,0
BRDA:339,19,0,0
BRDA:339,19,1,0
BRF:35
BRH:0
end_of_record
TN:
SF:apps/api/src/modules/file-upload/dto/file-upload.dto.ts
FNF:0
FNH:0
LF:0
LH:0
BRF:0
BRH:0
end_of_record
TN:
SF:apps/api/src/modules/prisma/prisma.module.ts
FNF:0
FNH:0
LF:0
LH:0
BRF:0
BRH:0
end_of_record
TN:
SF:apps/api/src/modules/prisma/prisma.service.ts
FN:6,(anonymous_0)
FNF:1
FNH:0
FNDA:0,(anonymous_0)
DA:7,0
LF:1
LH:0
BRF:0
BRH:0
end_of_record
TN:
SF:apps/api/src/modules/settings/settings.module.ts
FNF:0
FNH:0
LF:0
LH:0
BRF:0
BRH:0
end_of_record
TN:
SF:apps/api/src/modules/settings/settings.service.ts
FN:32,(anonymous_0)
FN:37,(anonymous_1)
FN:44,(anonymous_2)
FN:52,(anonymous_3)
FN:59,(anonymous_4)
FN:66,(anonymous_5)
FN:84,(anonymous_6)
FN:119,(anonymous_7)
FN:128,(anonymous_8)
FN:154,(anonymous_9)
FN:166,(anonymous_10)
FN:173,(anonymous_11)
FN:183,(anonymous_12)
FN:187,(anonymous_13)
FNF:14
FNH:0
FNDA:0,(anonymous_0)
FNDA:0,(anonymous_1)
FNDA:0,(anonymous_2)
FNDA:0,(anonymous_3)
FNDA:0,(anonymous_4)
FNDA:0,(anonymous_5)
FNDA:0,(anonymous_6)
FNDA:0,(anonymous_7)
FNDA:0,(anonymous_8)
FNDA:0,(anonymous_9)
FNDA:0,(anonymous_10)
FNDA:0,(anonymous_11)
FNDA:0,(anonymous_12)
FNDA:0,(anonymous_13)
DA:38,0
DA:39,0
DA:41,0
DA:44,0
DA:56,0
DA:58,0
DA:59,0
DA:60,0
DA:63,0
DA:71,0
DA:77,0
DA:79,0
DA:93,0
DA:97,0
DA:125,0
DA:127,0
DA:129,0
DA:159,0
DA:168,0
DA:169,0
DA:170,0
DA:174,0
DA:179,0
DA:184,0
DA:185,0
DA:187,0
DA:188,0
DA:189,0
DA:190,0
DA:194,0
LF:30
LH:0
BRDA:39,0,0,0
BRDA:39,0,1,0
BRDA:46,1,0,0
BRDA:46,1,1,0
BRDA:46,2,0,0
BRDA:46,2,1,0
BRDA:77,3,0,0
BRDA:77,3,1,0
BRDA:79,4,0,0
BRDA:79,4,1,0
BRDA:79,5,0,0
BRDA:79,5,1,0
BRDA:89,6,0,0
BRDA:93,7,0,0
BRDA:93,7,1,0
BRDA:93,8,0,0
BRDA:93,8,1,0
BRDA:107,9,0,0
BRDA:107,9,1,0
BRDA:113,10,0,0
BRDA:113,10,1,0
BRDA:137,11,0,0
BRDA:137,11,1,0
BRDA:137,12,0,0
BRDA:137,12,1,0
BRDA:141,13,0,0
BRDA:141,13,1,0
BRDA:144,14,0,0
BRDA:144,14,1,0
BRDA:144,15,0,0
BRDA:144,15,1,0
BRDA:147,16,0,0
BRDA:147,16,1,0
BRDA:179,17,0,0
BRDA:179,17,1,0
BRDA:188,18,0,0
BRDA:188,18,1,0
BRF:37
BRH:0
end_of_record
TN:
SF:apps/api/src/modules/settings/dto/settings.dto.ts
FNF:0
FNH:0
LF:0
LH:0
BRF:0
BRH:0
end_of_record
TN:
SF:apps/api/src/modules/settings/dto/update-settings.dto.ts
FNF:0
FNH:0
LF:0
LH:0
BRF:0
BRH:0
end_of_record
TN:
SF:apps/api/src/monitoring/monitoring.module.ts
FNF:0
FNH:0
LF:0
LH:0
BRF:0
BRH:0
end_of_record
TN:
SF:apps/api/src/monitoring/dto/activity-log.dto.ts
FNF:0
FNH:0
LF:0
LH:0
BRF:0
BRH:0
end_of_record
TN:
SF:apps/api/src/monitoring/dto/error-log.dto.ts
FNF:0
FNH:0
LF:0
LH:0
BRF:0
BRH:0
end_of_record
TN:
SF:apps/api/src/monitoring/dto/performance-log.dto.ts
FNF:0
FNH:0
LF:0
LH:0
BRF:0
BRH:0
end_of_record
TN:
SF:apps/api/src/orders/orders.module.ts
FNF:0
FNH:0
LF:0
LH:0
BRF:0
BRH:0
end_of_record
TN:
SF:apps/api/src/orders/orders.service.ts
FN:16,(anonymous_0)
FN:22,(anonymous_1)
FN:26,(anonymous_2)
FN:38,(anonymous_3)
FN:114,(anonymous_4)
FN:164,(anonymous_5)
FN:191,(anonymous_6)
FN:199,(anonymous_7)
FN:220,(anonymous_8)
FN:248,(anonymous_9)
FN:255,(anonymous_10)
FN:261,(anonymous_11)
FN:281,(anonymous_12)
FN:310,(anonymous_13)
FN:312,(anonymous_14)
FN:321,(anonymous_15)
FN:349,(anonymous_16)
FN:350,(anonymous_17)
FN:360,(anonymous_18)
FN:379,(anonymous_19)
FN:422,(anonymous_20)
FN:427,(anonymous_21)
FN:451,(anonymous_22)
FN:470,(anonymous_23)
FN:472,(anonymous_24)
FN:482,(anonymous_25)
FN:493,(anonymous_26)
FN:501,(anonymous_27)
FN:502,(anonymous_28)
FN:528,(anonymous_29)
FN:550,(anonymous_30)
FN:573,(anonymous_31)
FN:574,(anonymous_32)
FN:576,(anonymous_33)
FN:580,(anonymous_34)
FN:581,(anonymous_35)
FN:583,(anonymous_36)
FN:597,(anonymous_37)
FN:598,(anonymous_38)
FN:600,(anonymous_39)
FN:602,(anonymous_40)
FN:608,(anonymous_41)
FN:617,(anonymous_42)
FN:648,(anonymous_43)
FN:657,(anonymous_44)
FN:666,(anonymous_45)
FN:697,(anonymous_46)
FNF:47
FNH:0
FNDA:0,(anonymous_0)
FNDA:0,(anonymous_1)
FNDA:0,(anonymous_2)
FNDA:0,(anonymous_3)
FNDA:0,(anonymous_4)
FNDA:0,(anonymous_5)
FNDA:0,(anonymous_6)
FNDA:0,(anonymous_7)
FNDA:0,(anonymous_8)
FNDA:0,(anonymous_9)
FNDA:0,(anonymous_10)
FNDA:0,(anonymous_11)
FNDA:0,(anonymous_12)
FNDA:0,(anonymous_13)
FNDA:0,(anonymous_14)
FNDA:0,(anonymous_15)
FNDA:0,(anonymous_16)
FNDA:0,(anonymous_17)
FNDA:0,(anonymous_18)
FNDA:0,(anonymous_19)
FNDA:0,(anonymous_20)
FNDA:0,(anonymous_21)
FNDA:0,(anonymous_22)
FNDA:0,(anonymous_23)
FNDA:0,(anonymous_24)
FNDA:0,(anonymous_25)
FNDA:0,(anonymous_26)
FNDA:0,(anonymous_27)
FNDA:0,(anonymous_28)
FNDA:0,(anonymous_29)
FNDA:0,(anonymous_30)
FNDA:0,(anonymous_31)
FNDA:0,(anonymous_32)
FNDA:0,(anonymous_33)
FNDA:0,(anonymous_34)
FNDA:0,(anonymous_35)
FNDA:0,(anonymous_36)
FNDA:0,(anonymous_37)
FNDA:0,(anonymous_38)
FNDA:0,(anonymous_39)
FNDA:0,(anonymous_40)
FNDA:0,(anonymous_41)
FNDA:0,(anonymous_42)
FNDA:0,(anonymous_43)
FNDA:0,(anonymous_44)
FNDA:0,(anonymous_45)
FNDA:0,(anonymous_46)
DA:23,0
DA:26,0
DA:27,0
DA:29,0
DA:30,0
DA:31,0
DA:32,0
DA:33,0
DA:34,0
DA:39,0
DA:75,0
DA:76,0
DA:111,0
DA:115,0
DA:116,0
DA:117,0
DA:120,0
DA:121,0
DA:122,0
DA:123,0
DA:127,0
DA:131,0
DA:132,0
DA:135,0
DA:136,0
DA:143,0
DA:144,0
DA:145,0
DA:146,0
DA:148,0
DA:149,0
DA:153,0
DA:154,0
DA:157,0
DA:158,0
DA:162,0
DA:164,0
DA:175,0
DA:186,0
DA:188,0
DA:193,0
DA:194,0
DA:195,0
DA:196,0
DA:199,0
DA:207,0
DA:208,0
DA:212,0
DA:215,0
DA:217,0
DA:222,0
DA:223,0
DA:224,0
DA:231,0
DA:233,0
DA:248,0
DA:255,0
DA:258,0
DA:261,0
DA:281,0
DA:295,0
DA:305,0
DA:307,0
DA:312,0
DA:316,0
DA:317,0
DA:321,0
DA:334,0
DA:344,0
DA:346,0
DA:350,0
DA:354,0
DA:355,0
DA:360,0
DA:365,0
DA:374,0
DA:376,0
DA:380,0
DA:386,0
DA:395,0
DA:396,0
DA:397,0
DA:403,0
DA:404,0
DA:422,0
DA:424,0
DA:428,0
DA:432,0
DA:433,0
DA:434,0
DA:435,0
DA:437,0
DA:438,0
DA:442,0
DA:443,0
DA:451,0
DA:472,0
DA:473,0
DA:474,0
DA:475,0
DA:477,0
DA:478,0
DA:479,0
DA:482,0
DA:490,0
DA:493,0
DA:502,0
DA:503,0
DA:504,0
DA:507,0
DA:508,0
DA:509,0
DA:512,0
DA:513,0
DA:517,0
DA:518,0
DA:523,0
DA:524,0
DA:529,0
DA:530,0
DA:531,0
DA:534,0
DA:535,0
DA:536,0
DA:537,0
DA:540,0
DA:545,0
DA:546,0
DA:550,0
DA:551,0
DA:565,0
DA:566,0
DA:569,0
DA:574,0
DA:575,0
DA:576,0
DA:577,0
DA:581,0
DA:582,0
DA:583,0
DA:592,0
DA:593,0
DA:594,0
DA:598,0
DA:599,0
DA:600,0
DA:601,0
DA:602,0
DA:603,0
DA:604,0
DA:605,0
DA:609,0
DA:610,0
DA:613,0
DA:614,0
DA:617,0
DA:618,0
DA:620,0
DA:621,0
DA:622,0
DA:623,0
DA:625,0
DA:627,0
DA:635,0
DA:638,0
DA:648,0
DA:650,0
DA:658,0
DA:659,0
DA:662,0
DA:663,0
DA:666,0
DA:668,0
DA:672,0
DA:677,0
DA:684,0
DA:687,0
DA:697,0
DA:699,0
LF:179
LH:0
BRDA:27,0,0,0
BRDA:27,0,1,0
BRDA:75,1,0,0
BRDA:75,1,1,0
BRDA:115,2,0,0
BRDA:115,2,1,0
BRDA:116,3,0,0
BRDA:116,3,1,0
BRDA:122,4,0,0
BRDA:122,4,1,0
BRDA:131,5,0,0
BRDA:131,5,1,0
BRDA:135,6,0,0
BRDA:135,6,1,0
BRDA:143,7,0,0
BRDA:143,7,1,0
BRDA:143,8,0,0
BRDA:143,8,1,0
BRDA:145,9,0,0
BRDA:145,9,1,0
BRDA:148,10,0,0
BRDA:148,10,1,0
BRDA:153,11,0,0
BRDA:153,11,1,0
BRDA:157,12,0,0
BRDA:157,12,1,0
BRDA:176,13,0,0
BRDA:176,13,1,0
BRDA:176,14,0,0
BRDA:176,14,1,0
BRDA:195,15,0,0
BRDA:195,15,1,0
BRDA:207,16,0,0
BRDA:207,16,1,0
BRDA:212,17,0,0
BRDA:212,17,1,0
BRDA:212,18,0,0
BRDA:212,18,1,0
BRDA:223,19,0,0
BRDA:223,19,1,0
BRDA:231,20,0,0
BRDA:231,20,1,0
BRDA:236,21,0,0
BRDA:236,21,1,0
BRDA:239,22,0,0
BRDA:239,22,1,0
BRDA:240,23,0,0
BRDA:240,23,1,0
BRDA:258,24,0,0
BRDA:258,24,1,0
BRDA:264,25,0,0
BRDA:264,25,1,0
BRDA:265,26,0,0
BRDA:265,26,1,0
BRDA:268,27,0,0
BRDA:268,27,1,0
BRDA:269,28,0,0
BRDA:269,28,1,0
BRDA:270,29,0,0
BRDA:270,29,1,0
BRDA:271,30,0,0
BRDA:271,30,1,0
BRDA:274,31,0,0
BRDA:274,31,1,0
BRDA:275,32,0,0
BRDA:275,32,1,0
BRDA:278,33,0,0
BRDA:278,33,1,0
BRDA:279,34,0,0
BRDA:279,34,1,0
BRDA:281,35,0,0
BRDA:281,35,1,0
BRDA:316,36,0,0
BRDA:316,36,1,0
BRDA:324,37,0,0
BRDA:324,37,1,0
BRDA:325,38,0,0
BRDA:325,38,1,0
BRDA:326,39,0,0
BRDA:326,39,1,0
BRDA:327,40,0,0
BRDA:327,40,1,0
BRDA:328,41,0,0
BRDA:328,41,1,0
BRDA:354,42,0,0
BRDA:354,42,1,0
BRDA:395,43,0,0
BRDA:395,43,1,0
BRDA:396,44,0,0
BRDA:396,44,1,0
BRDA:400,45,0,0
BRDA:400,45,1,0
BRDA:403,46,0,0
BRDA:403,46,1,0
BRDA:432,47,0,0
BRDA:432,47,1,0
BRDA:432,48,0,0
BRDA:432,48,1,0
BRDA:434,49,0,0
BRDA:434,49,1,0
BRDA:437,50,0,0
BRDA:437,50,1,0
BRDA:442,51,0,0
BRDA:442,51,1,0
BRDA:460,52,0,0
BRDA:460,52,1,0
BRDA:461,53,0,0
BRDA:461,53,1,0
BRDA:473,54,0,0
BRDA:473,54,1,0
BRDA:474,55,0,0
BRDA:474,55,1,0
BRDA:478,56,0,0
BRDA:478,56,1,0
BRDA:492,57,0,0
BRDA:492,57,1,0
BRDA:504,58,0,0
BRDA:504,58,1,0
BRDA:508,59,0,0
BRDA:508,59,1,0
BRDA:508,60,0,0
BRDA:508,60,1,0
BRDA:512,61,0,0
BRDA:512,61,1,0
BRDA:524,62,0,0
BRDA:524,62,1,0
BRDA:530,63,0,0
BRDA:530,63,1,0
BRDA:530,64,0,0
BRDA:530,64,1,0
BRDA:545,65,0,0
BRDA:545,65,1,0
BRDA:565,66,0,0
BRDA:565,66,1,0
BRDA:575,67,0,0
BRDA:575,67,1,0
BRDA:582,68,0,0
BRDA:582,68,1,0
BRDA:586,69,0,0
BRDA:586,69,1,0
BRDA:588,70,0,0
BRDA:588,70,1,0
BRDA:588,70,2,0
BRDA:589,71,0,0
BRDA:589,71,1,0
BRDA:599,72,0,0
BRDA:599,72,1,0
BRDA:601,73,0,0
BRDA:601,73,1,0
BRDA:609,74,0,0
BRDA:609,74,1,0
BRDA:609,75,0,0
BRDA:609,75,1,0
BRDA:613,76,0,0
BRDA:613,76,1,0
BRDA:620,77,0,0
BRDA:620,77,1,0
BRDA:621,78,0,0
BRDA:621,78,1,0
BRDA:622,79,0,0
BRDA:622,79,1,0
BRDA:623,80,0,0
BRDA:623,80,1,0
BRDA:658,81,0,0
BRDA:658,81,1,0
BRDA:658,82,0,0
BRDA:658,82,1,0
BRDA:662,83,0,0
BRDA:662,83,1,0
BRF:169
BRH:0
end_of_record
TN:
[...]
BRDA:103,7,1,0
BRDA:109,8,0,0
BRDA:109,8,1,0
BRDA:124,9,0,0
BRDA:124,9,1,0
BRDA:130,10,0,0
BRDA:130,10,1,0
BRDA:144,11,0,0
BRDA:144,11,1,0
BRDA:150,12,0,0
BRDA:150,12,1,0
BRDA:156,13,0,0
BRDA:156,13,1,0
BRF:28
BRH:0
end_of_record
TN:
SF:apps/web/lib/api-client.ts
FN:4,(anonymous_0)
FN:17,(anonymous_1)
FN:21,(anonymous_2)
FN:77,(anonymous_3)
FN:84,(anonymous_4)
FN:90,(anonymous_5)
FN:95,(anonymous_6)
FN:105,(anonymous_7)
FN:109,(anonymous_8)
FN:122,(anonymous_9)
FN:134,(anonymous_10)
FN:140,(anonymous_11)
FN:146,(anonymous_12)
FN:152,(anonymous_13)
FN:157,(anonymous_14)
FN:175,(anonymous_15)
FN:179,(anonymous_16)
FN:186,(anonymous_17)
FN:198,(anonymous_18)
FN:216,(anonymous_19)
FN:220,(anonymous_20)
FN:237,(anonymous_21)
FN:254,(anonymous_22)
FN:260,(anonymous_23)
FN:271,(anonymous_24)
FN:287,(anonymous_25)
FN:291,(anonymous_26)
FN:304,(anonymous_27)
FN:316,(anonymous_28)
FN:323,(anonymous_29)
FN:341,(anonymous_30)
FN:351,(anonymous_31)
FN:365,(anonymous_32)
FN:373,(anonymous_33)
FN:391,(anonymous_34)
FN:395,(anonymous_35)
FN:409,(anonymous_36)
FN:417,(anonymous_37)
FN:437,(anonymous_38)
FN:441,(anonymous_39)
FN:453,(anonymous_40)
FN:464,(anonymous_41)
FN:468,(anonymous_42)
FN:472,(anonymous_43)
FN:485,(anonymous_44)
FN:494,(anonymous_45)
FN:504,(anonymous_46)
FN:508,(anonymous_47)
FN:514,(anonymous_48)
FNF:49
FNH:0
FNDA:0,(anonymous_0)
FNDA:0,(anonymous_1)
FNDA:0,(anonymous_2)
FNDA:0,(anonymous_3)
FNDA:0,(anonymous_4)
FNDA:0,(anonymous_5)
FNDA:0,(anonymous_6)
FNDA:0,(anonymous_7)
FNDA:0,(anonymous_8)
FNDA:0,(anonymous_9)
FNDA:0,(anonymous_10)
FNDA:0,(anonymous_11)
FNDA:0,(anonymous_12)
FNDA:0,(anonymous_13)
FNDA:0,(anonymous_14)
FNDA:0,(anonymous_15)
FNDA:0,(anonymous_16)
FNDA:0,(anonymous_17)
FNDA:0,(anonymous_18)
FNDA:0,(anonymous_19)
FNDA:0,(anonymous_20)
FNDA:0,(anonymous_21)
FNDA:0,(anonymous_22)
FNDA:0,(anonymous_23)
FNDA:0,(anonymous_24)
FNDA:0,(anonymous_25)
FNDA:0,(anonymous_26)
FNDA:0,(anonymous_27)
FNDA:0,(anonymous_28)
FNDA:0,(anonymous_29)
FNDA:0,(anonymous_30)
FNDA:0,(anonymous_31)
FNDA:0,(anonymous_32)
FNDA:0,(anonymous_33)
FNDA:0,(anonymous_34)
FNDA:0,(anonymous_35)
FNDA:0,(anonymous_36)
FNDA:0,(anonymous_37)
FNDA:0,(anonymous_38)
FNDA:0,(anonymous_39)
FNDA:0,(anonymous_40)
FNDA:0,(anonymous_41)
FNDA:0,(anonymous_42)
FNDA:0,(anonymous_43)
FNDA:0,(anonymous_44)
FNDA:0,(anonymous_45)
FNDA:0,(anonymous_46)
FNDA:0,(anonymous_47)
FNDA:0,(anonymous_48)
DA:1,0
DA:9,0
DA:10,0
DA:18,0
DA:25,0
DA:27,0
DA:31,0
DA:40,0
DA:41,0
DA:43,0
DA:44,0
DA:45,0
DA:47,0
DA:48,0
DA:49,0
DA:54,0
DA:58,0
DA:59,0
DA:60,0
DA:62,0
DA:65,0
DA:66,0
DA:68,0
DA:78,0
DA:85,0
DA:91,0
DA:96,0
DA:97,0
DA:98,0
DA:99,0
DA:101,0
DA:102,0
DA:106,0
DA:116,0
DA:128,0
DA:135,0
DA:141,0
DA:147,0
DA:153,0
DA:164,0
DA:165,0
DA:166,0
DA:167,0
DA:168,0
DA:169,0
DA:171,0
DA:172,0
DA:176,0
DA:180,0
DA:191,0
DA:205,0
DA:206,0
DA:207,0
DA:208,0
DA:209,0
DA:210,0
DA:212,0
DA:213,0
DA:217,0
DA:231,0
DA:248,0
DA:255,0
DA:264,0
DA:277,0
DA:278,0
DA:279,0
DA:280,0
DA:281,0
DA:283,0
DA:284,0
DA:288,0
DA:298,0
DA:310,0
DA:317,0
DA:330,0
DA:331,0
DA:332,0
DA:333,0
DA:334,0
DA:335,0
DA:337,0
DA:338,0
DA:345,0
DA:356,0
DA:357,0
DA:358,0
DA:359,0
DA:361,0
DA:362,0
DA:366,0
DA:380,0
DA:381,0
DA:382,0
DA:383,0
DA:384,0
DA:385,0
DA:387,0
DA:388,0
DA:392,0
DA:403,0
DA:410,0
DA:425,0
DA:426,0
DA:427,0
DA:428,0
DA:429,0
DA:430,0
DA:431,0
DA:433,0
DA:434,0
DA:438,0
DA:447,0
DA:458,0
DA:465,0
DA:469,0
DA:470,0
DA:471,0
DA:472,0
DA:473,0
DA:477,0
DA:486,0
DA:487,0
DA:489,0
DA:490,0
DA:495,0
DA:496,0
DA:497,0
DA:498,0
DA:500,0
DA:501,0
DA:505,0
DA:509,0
DA:515,0
DA:516,0
DA:518,0
DA:522,0
LF:136
LH:0
BRDA:1,0,0,0
BRDA:1,0,1,0
BRDA:17,1,0,0
BRDA:23,2,0,0
BRDA:43,3,0,0
BRDA:43,3,1,0
BRDA:49,4,0,0
BRDA:49,4,1,0
BRDA:59,5,0,0
BRDA:59,5,1,0
BRDA:59,6,0,0
BRDA:59,6,1,0
BRDA:65,7,0,0
BRDA:65,7,1,0
BRDA:69,8,0,0
BRDA:69,8,1,0
BRDA:97,9,0,0
BRDA:97,9,1,0
BRDA:98,10,0,0
BRDA:98,10,1,0
BRDA:99,11,0,0
BRDA:99,11,1,0
BRDA:102,12,0,0
BRDA:102,12,1,0
BRDA:165,13,0,0
BRDA:165,13,1,0
BRDA:166,14,0,0
BRDA:166,14,1,0
BRDA:167,15,0,0
BRDA:167,15,1,0
BRDA:168,16,0,0
BRDA:168,16,1,0
BRDA:169,17,0,0
BRDA:169,17,1,0
BRDA:172,18,0,0
BRDA:172,18,1,0
BRDA:206,19,0,0
BRDA:206,19,1,0
BRDA:207,20,0,0
BRDA:207,20,1,0
BRDA:208,21,0,0
BRDA:208,21,1,0
BRDA:209,22,0,0
BRDA:209,22,1,0
BRDA:210,23,0,0
BRDA:210,23,1,0
BRDA:213,24,0,0
BRDA:213,24,1,0
BRDA:278,25,0,0
BRDA:278,25,1,0
BRDA:279,26,0,0
BRDA:279,26,1,0
BRDA:280,27,0,0
BRDA:280,27,1,0
BRDA:281,28,0,0
BRDA:281,28,1,0
BRDA:284,29,0,0
BRDA:284,29,1,0
BRDA:331,30,0,0
BRDA:331,30,1,0
BRDA:332,31,0,0
BRDA:332,31,1,0
BRDA:333,32,0,0
BRDA:333,32,1,0
BRDA:334,33,0,0
BRDA:334,33,1,0
BRDA:335,34,0,0
BRDA:335,34,1,0
BRDA:338,35,0,0
BRDA:338,35,1,0
BRDA:357,36,0,0
BRDA:357,36,1,0
BRDA:358,37,0,0
BRDA:358,37,1,0
BRDA:359,38,0,0
BRDA:359,38,1,0
BRDA:362,39,0,0
BRDA:362,39,1,0
BRDA:381,40,0,0
BRDA:381,40,1,0
BRDA:382,41,0,0
BRDA:382,41,1,0
BRDA:383,42,0,0
BRDA:383,42,1,0
BRDA:384,43,0,0
BRDA:384,43,1,0
BRDA:385,44,0,0
BRDA:385,44,1,0
BRDA:388,45,0,0
BRDA:388,45,1,0
BRDA:426,46,0,0
BRDA:426,46,1,0
BRDA:427,47,0,0
BRDA:427,47,1,0
BRDA:428,48,0,0
BRDA:428,48,1,0
BRDA:429,49,0,0
BRDA:429,49,1,0
BRDA:430,50,0,0
BRDA:430,50,1,0
BRDA:431,51,0,0
BRDA:431,51,1,0
BRDA:434,52,0,0
BRDA:434,52,1,0
BRDA:471,53,0,0
BRDA:471,53,1,0
BRDA:487,54,0,0
BRDA:487,54,1,0
BRDA:490,55,0,0
BRDA:490,55,1,0
BRDA:494,56,0,0
BRDA:496,57,0,0
BRDA:496,57,1,0
BRDA:497,58,0,0
BRDA:497,58,1,0
BRDA:498,59,0,0
BRDA:498,59,1,0
BRDA:501,60,0,0
BRDA:501,60,1,0
BRDA:514,61,0,0
BRF:120
BRH:0
end_of_record
TN:
SF:apps/web/lib/auth-utils.ts
FN:8,(anonymous_0)
FN:51,(anonymous_1)
FN:58,(anonymous_2)
FN:66,(anonymous_3)
FN:72,(anonymous_4)
FN:79,(anonymous_5)
FN:107,(anonymous_6)
FN:113,(anonymous_7)
FN:120,(anonymous_8)
FN:127,(anonymous_9)
FNF:10
FNH:0
FNDA:0,(anonymous_0)
FNDA:0,(anonymous_1)
FNDA:0,(anonymous_2)
FNDA:0,(anonymous_3)
FNDA:0,(anonymous_4)
FNDA:0,(anonymous_5)
FNDA:0,(anonymous_6)
FNDA:0,(anonymous_7)
FNDA:0,(anonymous_8)
FNDA:0,(anonymous_9)
DA:3,0
DA:4,0
DA:5,0
DA:9,0
DA:11,0
DA:23,0
DA:24,0
DA:28,0
DA:30,0
DA:38,0
DA:42,0
DA:43,0
DA:53,0
DA:62,0
DA:68,0
DA:73,0
DA:74,0
DA:75,0
DA:80,0
DA:82,0
DA:87,0
DA:88,0
DA:89,0
DA:91,0
DA:92,0
DA:93,0
DA:94,0
DA:98,0
DA:99,0
DA:115,0
DA:116,0
DA:123,0
DA:129,0
LF:33
LH:0
BRDA:23,0,0,0
BRDA:23,0,1,0
BRDA:28,1,0,0
BRDA:28,1,1,0
BRDA:42,2,0,0
BRDA:42,2,1,0
BRDA:48,3,0,0
BRDA:48,3,1,0
BRDA:73,4,0,0
BRDA:73,4,1,0
BRDA:75,5,0,0
BRDA:75,5,1,0
BRDA:87,6,0,0
BRDA:87,6,1,0
BRDA:98,7,0,0
BRDA:98,7,1,0
BRDA:104,8,0,0
BRDA:104,8,1,0
BRF:18
BRH:0
end_of_record
TN:
SF:apps/web/lib/env.validation.ts
FN:1,validateEnvOnStartup
FN:8,(anonymous_1)
FNF:2
FNH:0
FNDA:0,validateEnvOnStartup
FNDA:0,(anonymous_1)
DA:3,0
DA:8,0
DA:10,0
DA:11,0
LF:4
LH:0
BRDA:10,0,0,0
BRDA:10,0,1,0
BRF:2
BRH:0
end_of_record
TN:
SF:apps/web/lib/logger.ts
FN:19,(anonymous_0)
FN:24,(anonymous_1)
FN:28,(anonymous_2)
FN:40,(anonymous_3)
FN:47,(anonymous_4)
FN:54,(anonymous_5)
FN:61,(anonymous_6)
FNF:7
FNH:0
FNDA:0,(anonymous_0)
FNDA:0,(anonymous_1)
FNDA:0,(anonymous_2)
FNDA:0,(anonymous_3)
FNDA:0,(anonymous_4)
FNDA:0,(anonymous_5)
FNDA:0,(anonymous_6)
DA:8,0
DA:20,0
DA:21,0
DA:25,0
DA:29,0
DA:30,0
DA:37,0
DA:41,0
DA:43,0
DA:48,0
DA:50,0
DA:55,0
DA:57,0
DA:62,0
DA:64,0
DA:69,0
LF:16
LH:0
BRDA:19,0,0,0
BRDA:21,1,0,0
BRDA:21,1,1,0
BRDA:35,2,0,0
BRDA:35,2,1,0
BRDA:41,3,0,0
BRDA:41,3,1,0
BRDA:48,4,0,0
BRDA:48,4,1,0
BRDA:55,5,0,0
BRDA:55,5,1,0
BRDA:62,6,0,0
BRDA:62,6,1,0
BRF:13
BRH:0
end_of_record
TN:
SF:apps/web/lib/utils.ts
FN:4,cn
FNF:1
FNH:0
FNDA:0,cn
DA:5,0
LF:1
LH:0
BRF:0
BRH:0
end_of_record
TN:
SF:apps/web/lib/validations.ts
FN:20,(anonymous_0)
FN:34,(anonymous_1)
FNF:2
FNH:0
FNDA:0,(anonymous_0)
FNDA:0,(anonymous_1)
DA:4,0
DA:5,0
DA:6,0
DA:7,0
DA:10,0
DA:15,0
DA:20,0
DA:25,0
DA:30,0
DA:34,0
DA:40,0
DA:61,0
DA:79,0
DA:85,0
DA:107,0
DA:115,0
DA:124,0
DA:131,0
DA:139,0
DA:152,0
DA:159,0
LF:21
LH:0
BRF:0
BRH:0
end_of_record
TN:
SF:apps/web/lib/woocommerce-client.ts
FN:218,(anonymous_0)
FN:225,(anonymous_1)
FN:232,(anonymous_2)
FN:255,(anonymous_3)
FN:261,(anonymous_4)
FN:265,(anonymous_5)
FN:272,(anonymous_6)
FN:280,(anonymous_7)
FN:286,(anonymous_8)
FN:290,(anonymous_9)
FN:298,(anonymous_10)
FN:304,(anonymous_11)
FN:308,(anonymous_12)
FN:316,(anonymous_13)
FNF:14
FNH:0
FNDA:0,(anonymous_0)
FNDA:0,(anonymous_1)
FNDA:0,(anonymous_2)
FNDA:0,(anonymous_3)
FNDA:0,(anonymous_4)
FNDA:0,(anonymous_5)
FNDA:0,(anonymous_6)
FNDA:0,(anonymous_7)
FNDA:0,(anonymous_8)
FNDA:0,(anonymous_9)
FNDA:0,(anonymous_10)
FNDA:0,(anonymous_11)
FNDA:0,(anonymous_12)
FNDA:0,(anonymous_13)
DA:219,0
DA:226,0
DA:229,0
DA:236,0
DA:238,0
DA:247,0
DA:248,0
DA:251,0
DA:256,0
DA:257,0
DA:258,0
DA:262,0
DA:266,0
DA:273,0
DA:281,0
DA:282,0
DA:283,0
DA:287,0
DA:291,0
DA:299,0
DA:300,0
DA:301,0
DA:305,0
DA:309,0
DA:317,0
DA:318,0
DA:319,0
DA:321,0
LF:28
LH:0
BRDA:234,0,0,0
BRDA:247,1,0,0
BRDA:247,1,1,0
BRDA:257,2,0,0
BRDA:257,2,1,0
BRDA:282,3,0,0
BRDA:282,3,1,0
BRDA:300,4,0,0
BRDA:300,4,1,0
BRF:9
BRH:0
end_of_record
TN:
SF:apps/web/types/api.ts
FNF:0
FNH:0
LF:0
LH:0
BRF:0
BRH:0
end_of_record
TN:
SF:apps/web/types/auth.ts
FNF:0
FNH:0
LF:0
LH:0
BRF:0
BRH:0
end_of_record
TN:
SF:apps/worker/index.ts
FN:64,(anonymous_0)
FN:76,(anonymous_1)
FN:86,(anonymous_2)
FN:96,(anonymous_3)
FN:106,(anonymous_4)
FN:116,(anonymous_5)
FN:126,(anonymous_6)
FN:136,(anonymous_7)
FN:147,(anonymous_8)
FN:233,(anonymous_9)
FN:242,(anonymous_10)
FN:279,(anonymous_11)
FN:280,(anonymous_12)
FN:294,(anonymous_13)
FN:299,(anonymous_14)
FN:368,(anonymous_15)
FN:369,(anonymous_16)
FN:386,(anonymous_17)
FN:397,(anonymous_18)
FN:462,(anonymous_19)
FN:488,(anonymous_20)
FN:502,(anonymous_21)
FN:511,(anonymous_22)
FN:515,(anonymous_23)
FN:518,(anonymous_24)
FN:522,(anonymous_25)
FN:528,(anonymous_26)
FN:565,(anonymous_27)
FN:610,applyRequestChanges
FN:663,sendRejectionNotification
FN:670,isRetryableError
FN:687,(anonymous_31)
FN:693,storeJobError
FN:746,scheduleRecurringJobs
FN:791,(anonymous_34)
FN:795,(anonymous_35)
FN:800,(anonymous_36)
FN:804,(anonymous_37)
FN:814,(anonymous_38)
FN:873,(anonymous_39)
FN:880,(anonymous_40)
FN:885,(anonymous_41)
FN:896,(anonymous_42)
FN:908,(anonymous_43)
FN:913,(anonymous_44)
FN:919,start
FN:945,(anonymous_46)
FN:954,(anonymous_47)
FN:958,(anonymous_48)
FN:962,(anonymous_49)
FN:966,(anonymous_50)
FN:970,(anonymous_51)
FN:974,(anonymous_52)
FN:978,(anonymous_53)
FN:982,(anonymous_54)
FN:987,(anonymous_55)
FN:992,(anonymous_56)
FN:997,(anonymous_57)
FN:1002,(anonymous_58)
FN:1006,(anonymous_59)
FNF:60
FNH:0
FNDA:0,(anonymous_0)
FNDA:0,(anonymous_1)
FNDA:0,(anonymous_2)
FNDA:0,(anonymous_3)
FNDA:0,(anonymous_4)
FNDA:0,(anonymous_5)
FNDA:0,(anonymous_6)
FNDA:0,(anonymous_7)
FNDA:0,(anonymous_8)
FNDA:0,(anonymous_9)
FNDA:0,(anonymous_10)
FNDA:0,(anonymous_11)
FNDA:0,(anonymous_12)
FNDA:0,(anonymous_13)
FNDA:0,(anonymous_14)
FNDA:0,(anonymous_15)
FNDA:0,(anonymous_16)
FNDA:0,(anonymous_17)
FNDA:0,(anonymous_18)
FNDA:0,(anonymous_19)
FNDA:0,(anonymous_20)
FNDA:0,(anonymous_21)
FNDA:0,(anonymous_22)
FNDA:0,(anonymous_23)
FNDA:0,(anonymous_24)
FNDA:0,(anonymous_25)
FNDA:0,(anonymous_26)
FNDA:0,(anonymous_27)
FNDA:0,applyRequestChanges
FNDA:0,sendRejectionNotification
FNDA:0,isRetryableError
FNDA:0,(anonymous_31)
FNDA:0,storeJobError
FNDA:0,scheduleRecurringJobs
FNDA:0,(anonymous_34)
FNDA:0,(anonymous_35)
FNDA:0,(anonymous_36)
FNDA:0,(anonymous_37)
FNDA:0,(anonymous_38)
FNDA:0,(anonymous_39)
FNDA:0,(anonymous_40)
FNDA:0,(anonymous_41)
FNDA:0,(anonymous_42)
FNDA:0,(anonymous_43)
FNDA:0,(anonymous_44)
FNDA:0,start
FNDA:0,(anonymous_46)
FNDA:0,(anonymous_47)
FNDA:0,(anonymous_48)
FNDA:0,(anonymous_49)
FNDA:0,(anonymous_50)
FNDA:0,(anonymous_51)
FNDA:0,(anonymous_52)
FNDA:0,(anonymous_53)
FNDA:0,(anonymous_54)
FNDA:0,(anonymous_55)
FNDA:0,(anonymous_56)
FNDA:0,(anonymous_57)
FNDA:0,(anonymous_58)
FNDA:0,(anonymous_59)
DA:28,0
DA:30,0
DA:36,0
DA:43,0
DA:50,0
DA:54,0
DA:63,0
DA:65,0
DA:66,0
DA:67,0
DA:68,0
DA:72,0
DA:76,0
DA:78,0
DA:79,0
DA:81,0
DA:82,0
DA:87,0
DA:88,0
DA:89,0
DA:90,0
DA:93,0
DA:96,0
DA:98,0
DA:99,0
DA:101,0
DA:102,0
DA:107,0
DA:108,0
DA:109,0
DA:110,0
DA:113,0
DA:116,0
DA:118,0
DA:119,0
DA:121,0
DA:122,0
DA:127,0
DA:128,0
DA:129,0
DA:130,0
DA:133,0
DA:136,0
DA:138,0
DA:139,0
DA:141,0
DA:142,0
DA:148,0
DA:149,0
DA:150,0
DA:153,0
DA:155,0
DA:156,0
DA:157,0
DA:160,0
DA:161,0
DA:162,0
DA:163,0
DA:164,0
DA:165,0
DA:167,0
DA:168,0
DA:169,0
DA:170,0
DA:171,0
DA:172,0
DA:173,0
DA:175,0
DA:180,0
DA:181,0
DA:182,0
DA:185,0
DA:186,0
DA:187,0
DA:188,0
DA:189,0
DA:204,0
DA:205,0
DA:206,0
DA:208,0
DA:209,0
DA:211,0
DA:213,0
DA:215,0
DA:216,0
DA:217,0
DA:218,0
DA:229,0
DA:232,0
DA:233,0
DA:237,0
DA:238,0
DA:239,0
DA:240,0
DA:243,0
DA:244,0
DA:245,0
DA:249,0
DA:250,0
DA:251,0
DA:253,0
DA:254,0
DA:255,0
DA:257,0
DA:258,0
DA:259,0
DA:260,0
DA:261,0
DA:265,0
DA:266,0
DA:267,0
DA:269,0
DA:270,0
DA:271,0
DA:272,0
DA:273,0
DA:279,0
DA:280,0
DA:283,0
DA:284,0
DA:286,0
DA:288,0
DA:290,0
DA:293,0
DA:294,0
DA:297,0
DA:301,0
DA:307,0
DA:308,0
DA:311,0
DA:312,0
DA:313,0
DA:314,0
DA:317,0
DA:318,0
DA:319,0
DA:320,0
DA:321,0
DA:322,0
DA:323,0
DA:338,0
DA:339,0
DA:340,0
DA:342,0
DA:343,0
DA:345,0
DA:346,0
DA:347,0
DA:348,0
DA:357,0
DA:358,0
DA:359,0
DA:360,0
DA:361,0
DA:362,0
DA:368,0
DA:369,0
DA:372,0
DA:373,0
DA:375,0
DA:378,0
DA:381,0
DA:384,0
DA:387,0
DA:388,0
DA:389,0
DA:390,0
DA:391,0
DA:393,0
DA:394,0
DA:398,0
DA:400,0
DA:401,0
DA:405,0
DA:410,0
DA:411,0
DA:415,0
DA:417,0
DA:427,0
DA:428,0
DA:431,0
DA:441,0
DA:442,0
DA:445,0
DA:452,0
DA:455,0
DA:458,0
DA:459,0
DA:466,0
DA:468,0
DA:469,0
DA:471,0
DA:472,0
DA:473,0
DA:475,0
DA:476,0
DA:480,0
DA:481,0
DA:483,0
DA:484,0
DA:491,0
DA:499,0
DA:503,0
DA:509,0
DA:512,0
DA:515,0
DA:516,0
DA:519,0
DA:522,0
DA:523,0
DA:528,0
DA:529,0
DA:530,0
DA:531,0
DA:533,0
DA:535,0
DA:537,0
DA:538,0
DA:543,0
DA:544,0
DA:545,0
DA:548,0
DA:551,0
DA:552,0
DA:553,0
DA:555,0
DA:556,0
DA:559,0
DA:560,0
DA:563,0
DA:564,0
DA:565,0
DA:566,0
DA:569,0
DA:575,0
DA:578,0
DA:581,0
DA:583,0
DA:586,0
DA:589,0
DA:592,0
DA:594,0
DA:611,0
DA:613,0
DA:615,0
DA:616,0
DA:626,0
DA:633,0
DA:636,0
DA:637,0
DA:644,0
DA:647,0
DA:648,0
DA:655,0
DA:658,0
DA:665,0
DA:671,0
DA:673,0
DA:686,0
DA:687,0
DA:688,0
DA:694,0
DA:695,0
DA:709,0
DA:722,0
DA:724,0
DA:729,0
DA:748,0
DA:756,0
DA:764,0
DA:771,0
DA:778,0
DA:785,0
DA:789,0
DA:791,0
DA:792,0
DA:795,0
DA:796,0
DA:800,0
DA:801,0
DA:804,0
DA:805,0
DA:809,0
DA:810,0
DA:811,0
DA:814,0
DA:815,0
DA:817,0
DA:820,0
DA:821,0
DA:822,0
DA:823,0
DA:825,0
DA:829,0
DA:830,0
DA:831,0
DA:832,0
DA:834,0
DA:837,0
DA:839,0
DA:840,0
DA:853,0
DA:863,0
DA:864,0
DA:873,0
DA:874,0
DA:875,0
DA:879,0
DA:880,0
DA:881,0
DA:885,0
DA:886,0
DA:888,0
DA:889,0
DA:890,0
DA:893,0
DA:896,0
DA:897,0
DA:899,0
DA:900,0
DA:901,0
DA:904,0
DA:908,0
DA:909,0
DA:910,0
DA:913,0
DA:914,0
DA:915,0
DA:921,0
DA:924,0
DA:925,0
DA:928,0
DA:929,0
DA:931,0
DA:932,0
DA:933,0
DA:934,0
DA:935,0
DA:936,0
DA:938,0
DA:940,0
DA:942,0
DA:945,0
DA:946,0
DA:947,0
DA:954,0
DA:955,0
DA:958,0
DA:959,0
DA:962,0
DA:963,0
DA:966,0
DA:967,0
DA:970,0
DA:971,0
DA:974,0
DA:975,0
DA:978,0
DA:979,0
DA:982,0
DA:983,0
DA:984,0
DA:987,0
DA:988,0
DA:989,0
DA:992,0
DA:993,0
DA:994,0
DA:997,0
DA:998,0
DA:999,0
DA:1002,0
DA:1003,0
DA:1006,0
DA:1007,0
DA:1008,0
LF:376
LH:0
BRDA:50,0,0,0
BRDA:50,0,1,0
BRDA:67,1,0,0
BRDA:67,1,1,0
BRDA:89,2,0,0
BRDA:89,2,1,0
BRDA:109,3,0,0
BRDA:109,3,1,0
BRDA:129,4,0,0
BRDA:129,4,1,0
BRDA:149,5,0,0
BRDA:149,5,1,0
BRDA:156,6,0,0
BRDA:156,6,1,0
BRDA:160,7,0,0
BRDA:160,7,1,0
BRDA:160,8,0,0
BRDA:160,8,1,0
BRDA:161,9,0,0
BRDA:161,9,1,0
BRDA:180,10,0,0
BRDA:180,10,1,0
BRDA:186,11,0,0
BRDA:186,11,1,0
BRDA:186,12,0,0
BRDA:186,12,1,0
BRDA:188,13,0,0
BRDA:188,13,1,0
BRDA:191,14,0,0
BRDA:191,14,1,0
BRDA:193,15,0,0
BRDA:193,15,1,0
BRDA:194,16,0,0
BRDA:194,16,1,0
BRDA:195,17,0,0
BRDA:195,17,1,0
BRDA:196,18,0,0
BRDA:196,18,1,0
BRDA:197,19,0,0
BRDA:197,19,1,0
BRDA:198,20,0,0
BRDA:198,20,1,0
BRDA:199,21,0,0
BRDA:199,21,1,0
BRDA:200,22,0,0
BRDA:200,22,1,0
BRDA:201,23,0,0
BRDA:201,23,1,0
BRDA:202,24,0,0
BRDA:202,24,1,0
BRDA:202,25,0,0
BRDA:202,25,1,0
BRDA:205,26,0,0
BRDA:205,26,1,0
BRDA:213,27,0,0
BRDA:213,27,1,0
BRDA:215,28,0,0
BRDA:215,28,1,0
BRDA:220,29,0,0
BRDA:220,29,1,0
BRDA:221,30,0,0
BRDA:221,30,1,0
BRDA:222,31,0,0
BRDA:222,31,1,0
BRDA:223,32,0,0
BRDA:223,32,1,0
BRDA:232,33,0,0
BRDA:232,33,1,0
BRDA:237,34,0,0
BRDA:237,34,1,0
BRDA:244,35,0,0
BRDA:244,35,1,0
BRDA:250,36,0,0
BRDA:250,36,1,0
BRDA:265,37,0,0
BRDA:265,37,1,0
BRDA:270,38,0,0
BRDA:270,38,1,0
BRDA:270,39,0,0
BRDA:270,39,1,0
BRDA:272,40,0,0
BRDA:272,40,1,0
BRDA:275,41,0,0
BRDA:275,41,1,0
BRDA:276,42,0,0
BRDA:276,42,1,0
BRDA:277,43,0,0
BRDA:277,43,1,0
BRDA:278,44,0,0
BRDA:278,44,1,0
BRDA:279,45,0,0
BRDA:279,45,1,0
BRDA:280,46,0,0
BRDA:280,46,1,0
BRDA:281,47,0,0
BRDA:281,47,1,0
BRDA:283,48,0,0
BRDA:283,48,1,0
BRDA:293,49,0,0
BRDA:293,49,1,0
BRDA:307,50,0,0
BRDA:307,50,1,0
BRDA:307,51,0,0
BRDA:307,51,1,0
BRDA:312,52,0,0
BRDA:312,52,1,0
BRDA:312,53,0,0
BRDA:312,53,1,0
BRDA:312,53,2,0
BRDA:318,54,0,0
BRDA:318,54,1,0
BRDA:321,55,0,0
BRDA:321,55,1,0
BRDA:322,56,0,0
BRDA:322,56,1,0
BRDA:325,57,0,0
BRDA:325,57,1,0
BRDA:327,58,0,0
BRDA:327,58,1,0
BRDA:328,59,0,0
BRDA:328,59,1,0
BRDA:329,60,0,0
BRDA:329,60,1,0
BRDA:330,61,0,0
BRDA:330,61,1,0
BRDA:331,62,0,0
BRDA:331,62,1,0
BRDA:332,63,0,0
BRDA:332,63,1,0
BRDA:333,64,0,0
BRDA:333,64,1,0
BRDA:334,65,0,0
BRDA:334,65,1,0
BRDA:335,66,0,0
BRDA:335,66,1,0
BRDA:336,67,0,0
BRDA:336,67,1,0
BRDA:336,68,0,0
BRDA:336,68,1,0
BRDA:339,69,0,0
BRDA:339,69,1,0
BRDA:345,70,0,0
BRDA:345,70,1,0
BRDA:345,71,0,0
BRDA:345,71,1,0
BRDA:350,72,0,0
BRDA:350,72,1,0
BRDA:351,73,0,0
BRDA:351,73,1,0
BRDA:352,74,0,0
BRDA:352,74,1,0
BRDA:353,75,0,0
BRDA:353,75,1,0
BRDA:357,76,0,0
BRDA:357,76,1,0
BRDA:360,77,0,0
BRDA:360,77,1,0
BRDA:361,78,0,0
BRDA:361,78,1,0
BRDA:364,79,0,0
BRDA:364,79,1,0
BRDA:365,80,0,0
BRDA:365,80,1,0
BRDA:366,81,0,0
BRDA:366,81,1,0
BRDA:367,82,0,0
BRDA:367,82,1,0
BRDA:368,83,0,0
BRDA:368,83,1,0
BRDA:369,84,0,0
BRDA:369,84,1,0
BRDA:370,85,0,0
BRDA:370,85,1,0
BRDA:372,86,0,0
BRDA:372,86,1,0
BRDA:381,87,0,0
BRDA:381,87,1,0
BRDA:400,88,0,0
BRDA:400,88,1,0
BRDA:400,89,0,0
BRDA:400,89,1,0
BRDA:410,90,0,0
BRDA:410,90,1,0
BRDA:415,91,0,0
BRDA:415,91,1,0
BRDA:415,91,2,0
BRDA:415,91,3,0
BRDA:473,92,0,0
BRDA:473,92,1,0
BRDA:537,93,0,0
BRDA:537,93,1,0
BRDA:560,94,0,0
BRDA:560,94,1,0
BRDA:563,95,0,0
BRDA:563,95,1,0
BRDA:563,96,0,0
BRDA:563,96,1,0
BRDA:613,97,0,0
BRDA:613,97,1,0
BRDA:613,97,2,0
BRDA:613,97,3,0
BRDA:615,98,0,0
BRDA:615,98,1,0
BRDA:615,99,0,0
BRDA:615,99,1,0
BRDA:636,100,0,0
BRDA:636,100,1,0
BRDA:647,101,0,0
BRDA:647,101,1,0
BRDA:647,102,0,0
BRDA:647,102,1,0
BRDA:671,103,0,0
BRDA:671,103,1,0
BRDA:686,104,0,0
BRDA:686,104,1,0
BRDA:700,105,0,0
BRDA:700,105,1,0
BRDA:701,106,0,0
BRDA:701,106,1,0
BRDA:702,107,0,0
BRDA:702,107,1,0
BRDA:717,108,0,0
BRDA:717,108,1,0
BRDA:817,109,0,0
BRDA:817,109,1,0
BRDA:837,110,0,0
BRDA:837,110,1,0
BRDA:837,110,2,0
BRDA:839,111,0,0
BRDA:839,111,1,0
BRDA:845,112,0,0
BRDA:845,112,1,0
BRDA:866,113,0,0
BRDA:866,113,1,0
BRDA:879,114,0,0
BRDA:879,114,1,0
BRF:236
BRH:0
end_of_record
TN:
SF:apps/worker/__tests__/index.test.ts
FN:1,(anonymous_0)
FN:2,(anonymous_1)
FN:6,(anonymous_2)
FN:10,(anonymous_3)
FNF:4
FNH:0
FNDA:0,(anonymous_0)
FNDA:0,(anonymous_1)
FNDA:0,(anonymous_2)
FNDA:0,(anonymous_3)
DA:1,0
DA:2,0
DA:3,0
DA:6,0
DA:7,0
DA:10,0
DA:11,0
DA:12,0
DA:13,0
LF:9
LH:0
BRF:0
BRH:0
end_of_record
TN:
SF:apps/worker/lib/logger.ts
FN:19,(anonymous_0)
FN:24,(anonymous_1)
FN:28,(anonymous_2)
FN:40,(anonymous_3)
FN:47,(anonymous_4)
FN:54,(anonymous_5)
FN:61,(anonymous_6)
FNF:7
FNH:0
FNDA:0,(anonymous_0)
FNDA:0,(anonymous_1)
FNDA:0,(anonymous_2)
FNDA:0,(anonymous_3)
FNDA:0,(anonymous_4)
FNDA:0,(anonymous_5)
FNDA:0,(anonymous_6)
DA:8,0
DA:20,0
DA:21,0
DA:25,0
DA:29,0
DA:30,0
DA:37,0
DA:41,0
DA:43,0
DA:48,0
DA:50,0
DA:55,0
DA:57,0
DA:62,0
DA:64,0
DA:69,0
LF:16
LH:0
BRDA:19,0,0,0
BRDA:21,1,0,0
BRDA:21,1,1,0
BRDA:35,2,0,0
BRDA:35,2,1,0
BRDA:41,3,0,0
BRDA:41,3,1,0
BRDA:48,4,0,0
BRDA:48,4,1,0
BRDA:55,5,0,0
BRDA:55,5,1,0
BRDA:62,6,0,0
BRDA:62,6,1,0
BRF:13
BRH:0
end_of_record
